=> creating model 'my_resnet18',num of classes '10'
using optimizer SGD
using learning rate scheduler CosineAnnealingLR
Train/Epoch 0/250
Train/loss 1.87345
Train/acc 0.29570
Val/Epoch 0/250
Val/loss 1.61985
Val/acc 0.39686
Checkpoint 0 saved ! best: True
Train/Epoch 1/250
Train/loss 1.52665
Train/acc 0.43736
Val/Epoch 1/250
Val/loss 1.42613
Val/acc 0.48527
Checkpoint 1 saved ! best: True
Train/Epoch 2/250
Train/loss 1.29193
Train/acc 0.53006
Val/Epoch 2/250
Val/loss 1.57206
Val/acc 0.48062
Checkpoint 2 saved ! best: False
Train/Epoch 3/250
Train/loss 1.15680
Train/acc 0.58175
Val/Epoch 3/250
Val/loss 1.26892
Val/acc 0.55785
Checkpoint 3 saved ! best: True
Train/Epoch 4/250
Train/loss 1.04490
Train/acc 0.62685
Val/Epoch 4/250
Val/loss 0.95833
Val/acc 0.65823
Checkpoint 4 saved ! best: True
Train/Epoch 5/250
Train/loss 0.95332
Train/acc 0.66379
Val/Epoch 5/250
Val/loss 1.14551
Val/acc 0.62470
Checkpoint 5 saved ! best: False
Train/Epoch 6/250
Train/loss 0.88154
Train/acc 0.69303
Val/Epoch 6/250
Val/loss 1.20111
Val/acc 0.61867
Checkpoint 6 saved ! best: False
Train/Epoch 7/250
Train/loss 0.81753
Train/acc 0.71540
Val/Epoch 7/250
Val/loss 0.94730
Val/acc 0.67148
Checkpoint 7 saved ! best: True
Train/Epoch 8/250
Train/loss 0.77092
Train/acc 0.73281
Val/Epoch 8/250
Val/loss 0.77504
Val/acc 0.72884
Checkpoint 8 saved ! best: True
Train/Epoch 9/250
Train/loss 0.72833
Train/acc 0.74912
Val/Epoch 9/250
Val/loss 0.81707
Val/acc 0.72488
Checkpoint 9 saved ! best: False
Train/Epoch 10/250
Train/loss 0.70188
Train/acc 0.75754
Val/Epoch 10/250
Val/loss 0.67740
Val/acc 0.76681
Checkpoint 10 saved ! best: True
Train/Epoch 11/250
Train/loss 0.69008
Train/acc 0.76467
Val/Epoch 11/250
Val/loss 0.96500
Val/acc 0.69680
Checkpoint 11 saved ! best: False
Train/Epoch 12/250
Train/loss 0.66934
Train/acc 0.77042
Val/Epoch 12/250
Val/loss 0.63177
Val/acc 0.78708
Checkpoint 12 saved ! best: True
Train/Epoch 13/250
Train/loss 0.64964
Train/acc 0.77671
Val/Epoch 13/250
Val/loss 0.76077
Val/acc 0.74822
Checkpoint 13 saved ! best: False
Train/Epoch 14/250
Train/loss 0.62840
Train/acc 0.78215
Val/Epoch 14/250
Val/loss 1.14133
Val/acc 0.67949
Checkpoint 14 saved ! best: False
Train/Epoch 15/250
Train/loss 0.61669
Train/acc 0.79059
Val/Epoch 15/250
Val/loss 1.21362
Val/acc 0.66040
Checkpoint 15 saved ! best: False
Train/Epoch 16/250
Train/loss 0.61137
Train/acc 0.78911
Val/Epoch 16/250
Val/loss 0.67741
Val/acc 0.77433
Checkpoint 16 saved ! best: False
Train/Epoch 17/250
Train/loss 0.59720
Train/acc 0.79412
Val/Epoch 17/250
Val/loss 0.61674
Val/acc 0.79163
Checkpoint 17 saved ! best: True
Train/Epoch 18/250
Train/loss 0.59789
Train/acc 0.79464
Val/Epoch 18/250
Val/loss 0.59140
Val/acc 0.79994
Checkpoint 18 saved ! best: True
Train/Epoch 19/250
Train/loss 0.58894
Train/acc 0.79841
Val/Epoch 19/250
Val/loss 0.64125
Val/acc 0.78807
Checkpoint 19 saved ! best: False
Train/Epoch 20/250
Train/loss 0.57543
Train/acc 0.80344
Val/Epoch 20/250
Val/loss 0.59526
Val/acc 0.80469
Checkpoint 20 saved ! best: True
Train/Epoch 21/250
Train/loss 0.56781
Train/acc 0.80448
Val/Epoch 21/250
Val/loss 0.66733
Val/acc 0.77957
Checkpoint 21 saved ! best: False
Train/Epoch 22/250
Train/loss 0.55858
Train/acc 0.80982
Val/Epoch 22/250
Val/loss 0.80104
Val/acc 0.74456
Checkpoint 22 saved ! best: False
Train/Epoch 23/250
Train/loss 0.54867
Train/acc 0.81123
Val/Epoch 23/250
Val/loss 0.65173
Val/acc 0.79114
Checkpoint 23 saved ! best: False
Train/Epoch 24/250
Train/loss 0.54980
Train/acc 0.81234
Val/Epoch 24/250
Val/loss 0.63070
Val/acc 0.78906
Checkpoint 24 saved ! best: False
Train/Epoch 25/250
Train/loss 0.53583
Train/acc 0.81819
Val/Epoch 25/250
Val/loss 0.68256
Val/acc 0.78105
Checkpoint 25 saved ! best: False
Train/Epoch 26/250
Train/loss 0.54470
Train/acc 0.81394
Val/Epoch 26/250
Val/loss 0.48969
Val/acc 0.83594
Checkpoint 26 saved ! best: True
Train/Epoch 27/250
Train/loss 0.53981
Train/acc 0.81370
Val/Epoch 27/250
Val/loss 0.55947
Val/acc 0.81032
Checkpoint 27 saved ! best: False
Train/Epoch 28/250
Train/loss 0.53198
Train/acc 0.81584
Val/Epoch 28/250
Val/loss 0.99294
Val/acc 0.70481
Checkpoint 28 saved ! best: False
Train/Epoch 29/250
Train/loss 0.52746
Train/acc 0.81965
Val/Epoch 29/250
Val/loss 0.57179
Val/acc 0.81636
Checkpoint 29 saved ! best: False
Train/Epoch 30/250
Train/loss 0.51977
Train/acc 0.82124
Val/Epoch 30/250
Val/loss 0.69334
Val/acc 0.77225
Checkpoint 30 saved ! best: False
Train/Epoch 31/250
Train/loss 0.52093
Train/acc 0.82111
Val/Epoch 31/250
Val/loss 0.67867
Val/acc 0.77334
Checkpoint 31 saved ! best: False
Train/Epoch 32/250
Train/loss 0.51982
Train/acc 0.82275
Val/Epoch 32/250
Val/loss 0.55970
Val/acc 0.81299
Checkpoint 32 saved ! best: False
Train/Epoch 33/250
Train/loss 0.50984
Train/acc 0.82719
Val/Epoch 33/250
Val/loss 0.50852
Val/acc 0.82634
Checkpoint 33 saved ! best: False
Train/Epoch 34/250
Train/loss 0.51436
Train/acc 0.82472
Val/Epoch 34/250
Val/loss 0.71175
Val/acc 0.77759
Checkpoint 34 saved ! best: False
Train/Epoch 35/250
Train/loss 0.51133
Train/acc 0.82538
Val/Epoch 35/250
Val/loss 0.79502
Val/acc 0.76622
Checkpoint 35 saved ! best: False
Train/Epoch 36/250
Train/loss 0.50555
Train/acc 0.82773
Val/Epoch 36/250
Val/loss 0.62562
Val/acc 0.80222
Checkpoint 36 saved ! best: False
Train/Epoch 37/250
Train/loss 0.49827
Train/acc 0.83211
Val/Epoch 37/250
Val/loss 0.62273
Val/acc 0.78936
Checkpoint 37 saved ! best: False
Train/Epoch 38/250
Train/loss 0.50860
Train/acc 0.82671
Val/Epoch 38/250
Val/loss 0.49252
Val/acc 0.83712
Checkpoint 38 saved ! best: True
Train/Epoch 39/250
Train/loss 0.49734
Train/acc 0.82922
Val/Epoch 39/250
Val/loss 0.50977
Val/acc 0.82704
Checkpoint 39 saved ! best: False
Train/Epoch 40/250
Train/loss 0.49582
Train/acc 0.83212
Val/Epoch 40/250
Val/loss 0.52128
Val/acc 0.82832
Checkpoint 40 saved ! best: False
Train/Epoch 41/250
Train/loss 0.49670
Train/acc 0.82996
Val/Epoch 41/250
Val/loss 0.74148
Val/acc 0.76434
Checkpoint 41 saved ! best: False
Train/Epoch 42/250
Train/loss 0.48786
Train/acc 0.83356
Val/Epoch 42/250
Val/loss 0.65735
Val/acc 0.79272
Checkpoint 42 saved ! best: False
Train/Epoch 43/250
Train/loss 0.47735
Train/acc 0.83932
Val/Epoch 43/250
Val/loss 0.53392
Val/acc 0.81744
Checkpoint 43 saved ! best: False
Train/Epoch 44/250
Train/loss 0.48835
Train/acc 0.83489
Val/Epoch 44/250
Val/loss 0.67776
Val/acc 0.78165
Checkpoint 44 saved ! best: False
Train/Epoch 45/250
Train/loss 0.48238
Train/acc 0.83380
Val/Epoch 45/250
Val/loss 0.57783
Val/acc 0.81210
Checkpoint 45 saved ! best: False
Train/Epoch 46/250
Train/loss 0.47965
Train/acc 0.83686
Val/Epoch 46/250
Val/loss 0.50526
Val/acc 0.83030
Checkpoint 46 saved ! best: False
Train/Epoch 47/250
Train/loss 0.47394
Train/acc 0.83818
Val/Epoch 47/250
Val/loss 0.60071
Val/acc 0.80825
Checkpoint 47 saved ! best: False
Train/Epoch 48/250
Train/loss 0.47812
Train/acc 0.83545
Val/Epoch 48/250
Val/loss 0.70748
Val/acc 0.77314
Checkpoint 48 saved ! best: False
Train/Epoch 49/250
Train/loss 0.47552
Train/acc 0.83792
Val/Epoch 49/250
Val/loss 0.54191
Val/acc 0.81369
Checkpoint 49 saved ! best: False
Train/Epoch 50/250
Train/loss 0.47841
Train/acc 0.83861
Val/Epoch 50/250
Val/loss 0.52874
Val/acc 0.83060
Checkpoint 50 saved ! best: False
Train/Epoch 51/250
Train/loss 0.46599
Train/acc 0.84083
Val/Epoch 51/250
Val/loss 0.54190
Val/acc 0.82130
Checkpoint 51 saved ! best: False
Train/Epoch 52/250
Train/loss 0.47682
Train/acc 0.83738
Val/Epoch 52/250
Val/loss 0.91196
Val/acc 0.72577
Checkpoint 52 saved ! best: False
Train/Epoch 53/250
Train/loss 0.46829
Train/acc 0.83974
Val/Epoch 53/250
Val/loss 0.60062
Val/acc 0.80360
Checkpoint 53 saved ! best: False
Train/Epoch 54/250
Train/loss 0.46699
Train/acc 0.84108
Val/Epoch 54/250
Val/loss 0.55527
Val/acc 0.82021
Checkpoint 54 saved ! best: False
Train/Epoch 55/250
Train/loss 0.46212
Train/acc 0.84216
Val/Epoch 55/250
Val/loss 0.49995
Val/acc 0.82723
Checkpoint 55 saved ! best: False
Train/Epoch 56/250
Train/loss 0.46007
Train/acc 0.84143
Val/Epoch 56/250
Val/loss 0.74377
Val/acc 0.77472
Checkpoint 56 saved ! best: False
Train/Epoch 57/250
Train/loss 0.45007
Train/acc 0.84737
Val/Epoch 57/250
Val/loss 0.88779
Val/acc 0.74436
Checkpoint 57 saved ! best: False
Train/Epoch 58/250
Train/loss 0.45554
Train/acc 0.84594
Val/Epoch 58/250
Val/loss 0.67954
Val/acc 0.78501
Checkpoint 58 saved ! best: False
Train/Epoch 59/250
Train/loss 0.45355
Train/acc 0.84679
Val/Epoch 59/250
Val/loss 0.71614
Val/acc 0.77749
Checkpoint 59 saved ! best: False
Train/Epoch 60/250
Train/loss 0.45417
Train/acc 0.84417
Val/Epoch 60/250
Val/loss 0.54480
Val/acc 0.82397
Checkpoint 60 saved ! best: False
Train/Epoch 61/250
Train/loss 0.45658
Train/acc 0.84469
Val/Epoch 61/250
Val/loss 0.51081
Val/acc 0.83139
Checkpoint 61 saved ! best: False
Train/Epoch 62/250
Train/loss 0.44984
Train/acc 0.84737
Val/Epoch 62/250
Val/loss 0.59278
Val/acc 0.81062
Checkpoint 62 saved ! best: False
Train/Epoch 63/250
Train/loss 0.45250
Train/acc 0.84759
Val/Epoch 63/250
Val/loss 0.44264
Val/acc 0.85186
Checkpoint 63 saved ! best: True
Train/Epoch 64/250
Train/loss 0.44637
Train/acc 0.84864
Val/Epoch 64/250
Val/loss 0.45776
Val/acc 0.84207
Checkpoint 64 saved ! best: False
Train/Epoch 65/250
Train/loss 0.44691
Train/acc 0.84764
Val/Epoch 65/250
Val/loss 0.45888
Val/acc 0.84879
Checkpoint 65 saved ! best: False
Train/Epoch 66/250
Train/loss 0.44373
Train/acc 0.84909
Val/Epoch 66/250
Val/loss 0.59998
Val/acc 0.79994
Checkpoint 66 saved ! best: False
Train/Epoch 67/250
Train/loss 0.44102
Train/acc 0.84964
Val/Epoch 67/250
Val/loss 0.54885
Val/acc 0.81903
Checkpoint 67 saved ! best: False
Train/Epoch 68/250
Train/loss 0.43996
Train/acc 0.84905
Val/Epoch 68/250
Val/loss 0.65244
Val/acc 0.79648
Checkpoint 68 saved ! best: False
Train/Epoch 69/250
Train/loss 0.43865
Train/acc 0.85061
Val/Epoch 69/250
Val/loss 0.53409
Val/acc 0.82071
Checkpoint 69 saved ! best: False
Train/Epoch 70/250
Train/loss 0.43784
Train/acc 0.85190
Val/Epoch 70/250
Val/loss 0.48159
Val/acc 0.83752
Checkpoint 70 saved ! best: False
Train/Epoch 71/250
Train/loss 0.42663
Train/acc 0.85408
Val/Epoch 71/250
Val/loss 0.48440
Val/acc 0.84098
Checkpoint 71 saved ! best: False
Train/Epoch 72/250
Train/loss 0.43465
Train/acc 0.85231
Val/Epoch 72/250
Val/loss 0.53536
Val/acc 0.82842
Checkpoint 72 saved ! best: False
Train/Epoch 73/250
Train/loss 0.42406
Train/acc 0.85533
Val/Epoch 73/250
Val/loss 0.53831
Val/acc 0.82773
Checkpoint 73 saved ! best: False
Train/Epoch 74/250
Train/loss 0.42726
Train/acc 0.85436
Val/Epoch 74/250
Val/loss 0.39988
Val/acc 0.86343
Checkpoint 74 saved ! best: True
Train/Epoch 75/250
Train/loss 0.42330
Train/acc 0.85537
Val/Epoch 75/250
Val/loss 0.41986
Val/acc 0.85769
Checkpoint 75 saved ! best: False
Train/Epoch 76/250
Train/loss 0.42394
Train/acc 0.85490
Val/Epoch 76/250
Val/loss 0.69824
Val/acc 0.77838
Checkpoint 76 saved ! best: False
Train/Epoch 77/250
Train/loss 0.42086
Train/acc 0.85581
Val/Epoch 77/250
Val/loss 0.47311
Val/acc 0.84217
Checkpoint 77 saved ! best: False
Train/Epoch 78/250
Train/loss 0.41826
Train/acc 0.85554
Val/Epoch 78/250
Val/loss 0.57361
Val/acc 0.81477
Checkpoint 78 saved ! best: False
Train/Epoch 79/250
Train/loss 0.42184
Train/acc 0.85671
Val/Epoch 79/250
Val/loss 0.54459
Val/acc 0.82002
Checkpoint 79 saved ! best: False
Train/Epoch 80/250
Train/loss 0.41425
Train/acc 0.85878
Val/Epoch 80/250
Val/loss 0.66648
Val/acc 0.79341
Checkpoint 80 saved ! best: False
Train/Epoch 81/250
Train/loss 0.41090
Train/acc 0.86065
Val/Epoch 81/250
Val/loss 0.57850
Val/acc 0.81606
Checkpoint 81 saved ! best: False
Train/Epoch 82/250
Train/loss 0.41233
Train/acc 0.85883
Val/Epoch 82/250
Val/loss 0.52982
Val/acc 0.82565
Checkpoint 82 saved ! best: False
Train/Epoch 83/250
Train/loss 0.41401
Train/acc 0.86009
Val/Epoch 83/250
Val/loss 0.43361
Val/acc 0.85769
Checkpoint 83 saved ! best: False
Train/Epoch 84/250
Train/loss 0.40794
Train/acc 0.86221
Val/Epoch 84/250
Val/loss 0.56564
Val/acc 0.81863
Checkpoint 84 saved ! best: False
Train/Epoch 85/250
Train/loss 0.40565
Train/acc 0.86089
Val/Epoch 85/250
Val/loss 0.52693
Val/acc 0.83060
Checkpoint 85 saved ! best: False
Train/Epoch 86/250
Train/loss 0.41153
Train/acc 0.85883
Val/Epoch 86/250
Val/loss 0.41592
Val/acc 0.85819
Checkpoint 86 saved ! best: False
Train/Epoch 87/250
Train/loss 0.40375
Train/acc 0.86241
Val/Epoch 87/250
Val/loss 0.57228
Val/acc 0.82199
Checkpoint 87 saved ! best: False
Train/Epoch 88/250
Train/loss 0.39981
Train/acc 0.86346
Val/Epoch 88/250
Val/loss 0.40038
Val/acc 0.86788
Checkpoint 88 saved ! best: True
Train/Epoch 89/250
Train/loss 0.39731
Train/acc 0.86349
Val/Epoch 89/250
Val/loss 0.49738
Val/acc 0.83979
Checkpoint 89 saved ! best: False
Train/Epoch 90/250
Train/loss 0.40072
Train/acc 0.86352
Val/Epoch 90/250
Val/loss 0.53764
Val/acc 0.82783
Checkpoint 90 saved ! best: False
Train/Epoch 91/250
Train/loss 0.39277
Train/acc 0.86670
Val/Epoch 91/250
Val/loss 0.54487
Val/acc 0.82941
Checkpoint 91 saved ! best: False
Train/Epoch 92/250
Train/loss 0.39711
Train/acc 0.86431
Val/Epoch 92/250
Val/loss 0.50996
Val/acc 0.83683
Checkpoint 92 saved ! best: False
Train/Epoch 93/250
Train/loss 0.38678
Train/acc 0.86692
Val/Epoch 93/250
Val/loss 0.52214
Val/acc 0.83910
Checkpoint 93 saved ! best: False
Train/Epoch 94/250
Train/loss 0.39428
Train/acc 0.86481
Val/Epoch 94/250
Val/loss 0.44720
Val/acc 0.85384
Checkpoint 94 saved ! best: False
Train/Epoch 95/250
Train/loss 0.38561
Train/acc 0.86785
Val/Epoch 95/250
Val/loss 0.42136
Val/acc 0.85621
Checkpoint 95 saved ! best: False
Train/Epoch 96/250
Train/loss 0.38542
Train/acc 0.86856
Val/Epoch 96/250
Val/loss 0.49452
Val/acc 0.84355
Checkpoint 96 saved ! best: False
Train/Epoch 97/250
Train/loss 0.38791
Train/acc 0.86696
Val/Epoch 97/250
Val/loss 0.45429
Val/acc 0.84701
Checkpoint 97 saved ! best: False
Train/Epoch 98/250
Train/loss 0.37854
Train/acc 0.87083
Val/Epoch 98/250
Val/loss 0.41636
Val/acc 0.85720
Checkpoint 98 saved ! best: False
Train/Epoch 99/250
Train/loss 0.38294
Train/acc 0.86872
Val/Epoch 99/250
Val/loss 0.65614
Val/acc 0.80133
Checkpoint 99 saved ! best: False
Train/Epoch 100/250
Train/loss 0.37309
Train/acc 0.87263
Val/Epoch 100/250
Val/loss 0.45730
Val/acc 0.85176
Checkpoint 100 saved ! best: False
Train/Epoch 101/250
Train/loss 0.37287
Train/acc 0.87248
Val/Epoch 101/250
Val/loss 0.44627
Val/acc 0.85789
Checkpoint 101 saved ! best: False
Train/Epoch 102/250
Train/loss 0.37166
Train/acc 0.87290
Val/Epoch 102/250
Val/loss 0.38313
Val/acc 0.87065
Checkpoint 102 saved ! best: True
Train/Epoch 103/250
Train/loss 0.37194
Train/acc 0.87318
Val/Epoch 103/250
Val/loss 0.46252
Val/acc 0.84909
Checkpoint 103 saved ! best: False
Train/Epoch 104/250
Train/loss 0.36937
Train/acc 0.87308
Val/Epoch 104/250
Val/loss 0.43876
Val/acc 0.85483
Checkpoint 104 saved ! best: False
Train/Epoch 105/250
Train/loss 0.36477
Train/acc 0.87643
Val/Epoch 105/250
Val/loss 0.58205
Val/acc 0.81547
Checkpoint 105 saved ! best: False
Train/Epoch 106/250
Train/loss 0.36925
Train/acc 0.87394
Val/Epoch 106/250
Val/loss 0.41445
Val/acc 0.86847
Checkpoint 106 saved ! best: False
Train/Epoch 107/250
Train/loss 0.35971
Train/acc 0.87833
Val/Epoch 107/250
Val/loss 0.41642
Val/acc 0.86432
Checkpoint 107 saved ! best: False
Train/Epoch 108/250
Train/loss 0.35524
Train/acc 0.87888
Val/Epoch 108/250
Val/loss 0.52489
Val/acc 0.82842
Checkpoint 108 saved ! best: False
Train/Epoch 109/250
Train/loss 0.36120
Train/acc 0.87695
Val/Epoch 109/250
Val/loss 0.45487
Val/acc 0.85661
Checkpoint 109 saved ! best: False
Train/Epoch 110/250
Train/loss 0.35700
Train/acc 0.87836
Val/Epoch 110/250
Val/loss 0.34785
Val/acc 0.88301
Checkpoint 110 saved ! best: True
Train/Epoch 111/250
Train/loss 0.34901
Train/acc 0.88096
Val/Epoch 111/250
Val/loss 0.35726
Val/acc 0.88064
Checkpoint 111 saved ! best: False
Train/Epoch 112/250
Train/loss 0.34685
Train/acc 0.88064
Val/Epoch 112/250
Val/loss 0.41333
Val/acc 0.86610
Checkpoint 112 saved ! best: False
Train/Epoch 113/250
Train/loss 0.35118
Train/acc 0.88106
Val/Epoch 113/250
Val/loss 0.67621
Val/acc 0.79579
Checkpoint 113 saved ! best: False
Train/Epoch 114/250
Train/loss 0.34490
Train/acc 0.88245
Val/Epoch 114/250
Val/loss 0.37273
Val/acc 0.88054
Checkpoint 114 saved ! best: False
Train/Epoch 115/250
Train/loss 0.34989
Train/acc 0.87977
Val/Epoch 115/250
Val/loss 0.36530
Val/acc 0.87856
Checkpoint 115 saved ! best: False
Train/Epoch 116/250
Train/loss 0.34374
Train/acc 0.88281
Val/Epoch 116/250
Val/loss 0.43238
Val/acc 0.85522
Checkpoint 116 saved ! best: False
Train/Epoch 117/250
Train/loss 0.34277
Train/acc 0.88335
Val/Epoch 117/250
Val/loss 0.57390
Val/acc 0.81665
Checkpoint 117 saved ! best: False
Train/Epoch 118/250
Train/loss 0.33893
Train/acc 0.88422
Val/Epoch 118/250
Val/loss 0.41771
Val/acc 0.86788
Checkpoint 118 saved ! best: False
Train/Epoch 119/250
Train/loss 0.33669
Train/acc 0.88496
Val/Epoch 119/250
Val/loss 0.39749
Val/acc 0.87184
Checkpoint 119 saved ! best: False
Train/Epoch 120/250
Train/loss 0.33038
Train/acc 0.88721
Val/Epoch 120/250
Val/loss 0.41978
Val/acc 0.86027
Checkpoint 120 saved ! best: False
Train/Epoch 121/250
Train/loss 0.33279
Train/acc 0.88561
Val/Epoch 121/250
Val/loss 0.46089
Val/acc 0.84939
Checkpoint 121 saved ! best: False
Train/Epoch 122/250
Train/loss 0.32869
Train/acc 0.88841
Val/Epoch 122/250
Val/loss 0.33289
Val/acc 0.88766
Checkpoint 122 saved ! best: True
Train/Epoch 123/250
Train/loss 0.33100
Train/acc 0.88612
Val/Epoch 123/250
Val/loss 0.40434
Val/acc 0.86679
Checkpoint 123 saved ! best: False
Train/Epoch 124/250
Train/loss 0.32274
Train/acc 0.89065
Val/Epoch 124/250
Val/loss 0.43045
Val/acc 0.85295
Checkpoint 124 saved ! best: False
Train/Epoch 125/250
Train/loss 0.31736
Train/acc 0.89041
Val/Epoch 125/250
Val/loss 0.44368
Val/acc 0.85700
Checkpoint 125 saved ! best: False
Train/Epoch 126/250
Train/loss 0.31751
Train/acc 0.89079
Val/Epoch 126/250
Val/loss 0.41369
Val/acc 0.86017
Checkpoint 126 saved ! best: False
Train/Epoch 127/250
Train/loss 0.31394
Train/acc 0.89255
Val/Epoch 127/250
Val/loss 0.32415
Val/acc 0.89142
Checkpoint 127 saved ! best: True
Train/Epoch 128/250
Train/loss 0.31086
Train/acc 0.89434
Val/Epoch 128/250
Val/loss 0.42995
Val/acc 0.86303
Checkpoint 128 saved ! best: False
Train/Epoch 129/250
Train/loss 0.30693
Train/acc 0.89593
Val/Epoch 129/250
Val/loss 0.35745
Val/acc 0.88163
Checkpoint 129 saved ! best: False
Train/Epoch 130/250
Train/loss 0.31289
Train/acc 0.89283
Val/Epoch 130/250
Val/loss 0.34110
Val/acc 0.88667
Checkpoint 130 saved ! best: False
Train/Epoch 131/250
Train/loss 0.30402
Train/acc 0.89558
Val/Epoch 131/250
Val/loss 0.36147
Val/acc 0.88163
Checkpoint 131 saved ! best: False
Train/Epoch 132/250
Train/loss 0.30432
Train/acc 0.89443
Val/Epoch 132/250
Val/loss 0.39083
Val/acc 0.87124
Checkpoint 132 saved ! best: False
Train/Epoch 133/250
Train/loss 0.29973
Train/acc 0.89755
Val/Epoch 133/250
Val/loss 0.36156
Val/acc 0.88172
Checkpoint 133 saved ! best: False
Train/Epoch 134/250
Train/loss 0.29376
Train/acc 0.89830
Val/Epoch 134/250
Val/loss 0.42010
Val/acc 0.86798
Checkpoint 134 saved ! best: False
Train/Epoch 135/250
Train/loss 0.29566
Train/acc 0.89887
Val/Epoch 135/250
Val/loss 0.29305
Val/acc 0.90131
Checkpoint 135 saved ! best: True
Train/Epoch 136/250
Train/loss 0.29289
Train/acc 0.90069
Val/Epoch 136/250
Val/loss 0.33098
Val/acc 0.88944
Checkpoint 136 saved ! best: False
Train/Epoch 137/250
Train/loss 0.29019
Train/acc 0.90130
Val/Epoch 137/250
Val/loss 0.37316
Val/acc 0.87886
Checkpoint 137 saved ! best: False
Train/Epoch 138/250
Train/loss 0.28441
Train/acc 0.90306
Val/Epoch 138/250
Val/loss 0.42147
Val/acc 0.86877
Checkpoint 138 saved ! best: False
Train/Epoch 139/250
Train/loss 0.28119
Train/acc 0.90423
Val/Epoch 139/250
Val/loss 0.31124
Val/acc 0.89715
Checkpoint 139 saved ! best: False
Train/Epoch 140/250
Train/loss 0.28328
Train/acc 0.90224
Val/Epoch 140/250
Val/loss 0.30481
Val/acc 0.90131
Checkpoint 140 saved ! best: False
Train/Epoch 141/250
Train/loss 0.27872
Train/acc 0.90458
Val/Epoch 141/250
Val/loss 0.28385
Val/acc 0.90566
Checkpoint 141 saved ! best: True
Train/Epoch 142/250
Train/loss 0.27575
Train/acc 0.90665
Val/Epoch 142/250
Val/loss 0.29643
Val/acc 0.90269
Checkpoint 142 saved ! best: False
Train/Epoch 143/250
Train/loss 0.26680
Train/acc 0.90839
Val/Epoch 143/250
Val/loss 0.35079
Val/acc 0.88746
Checkpoint 143 saved ! best: False
Train/Epoch 144/250
Train/loss 0.27244
Train/acc 0.90662
Val/Epoch 144/250
Val/loss 0.28604
Val/acc 0.90457
Checkpoint 144 saved ! best: False
Train/Epoch 145/250
Train/loss 0.26666
Train/acc 0.90726
Val/Epoch 145/250
Val/loss 0.37324
Val/acc 0.87540
Checkpoint 145 saved ! best: False
Train/Epoch 146/250
Train/loss 0.26668
Train/acc 0.90865
Val/Epoch 146/250
Val/loss 0.32062
Val/acc 0.89330
Checkpoint 146 saved ! best: False
Train/Epoch 147/250
Train/loss 0.26361
Train/acc 0.91012
Val/Epoch 147/250
Val/loss 0.37867
Val/acc 0.87876
Checkpoint 147 saved ! best: False
Train/Epoch 148/250
Train/loss 0.26420
Train/acc 0.90955
Val/Epoch 148/250
Val/loss 0.32190
Val/acc 0.89300
Checkpoint 148 saved ! best: False
Train/Epoch 149/250
Train/loss 0.25825
Train/acc 0.91094
Val/Epoch 149/250
Val/loss 0.31743
Val/acc 0.89962
Checkpoint 149 saved ! best: False
Train/Epoch 150/250
Train/loss 0.25916
Train/acc 0.91215
Val/Epoch 150/250
Val/loss 0.24351
Val/acc 0.92217
Checkpoint 150 saved ! best: True
Train/Epoch 151/250
Train/loss 0.25367
Train/acc 0.91338
Val/Epoch 151/250
Val/loss 0.30580
Val/acc 0.89784
Checkpoint 151 saved ! best: False
Train/Epoch 152/250
Train/loss 0.24754
Train/acc 0.91421
Val/Epoch 152/250
Val/loss 0.29382
Val/acc 0.90368
Checkpoint 152 saved ! best: False
Train/Epoch 153/250
Train/loss 0.24332
Train/acc 0.91722
Val/Epoch 153/250
Val/loss 0.29529
Val/acc 0.90417
Checkpoint 153 saved ! best: False
Train/Epoch 154/250
Train/loss 0.24210
Train/acc 0.91705
Val/Epoch 154/250
Val/loss 0.25911
Val/acc 0.91268
Checkpoint 154 saved ! best: False
Train/Epoch 155/250
Train/loss 0.23795
Train/acc 0.92028
Val/Epoch 155/250
Val/loss 0.36297
Val/acc 0.88469
Checkpoint 155 saved ! best: False
Train/Epoch 156/250
Train/loss 0.23571
Train/acc 0.91890
Val/Epoch 156/250
Val/loss 0.34285
Val/acc 0.88083
Checkpoint 156 saved ! best: False
Train/Epoch 157/250
Train/loss 0.23606
Train/acc 0.92011
Val/Epoch 157/250
Val/loss 0.25888
Val/acc 0.91466
Checkpoint 157 saved ! best: False
Train/Epoch 158/250
Train/loss 0.22997
Train/acc 0.92150
Val/Epoch 158/250
Val/loss 0.36634
Val/acc 0.88430
Checkpoint 158 saved ! best: False
Train/Epoch 159/250
Train/loss 0.22672
Train/acc 0.92186
Val/Epoch 159/250
Val/loss 0.37151
Val/acc 0.88558
Checkpoint 159 saved ! best: False
Train/Epoch 160/250
Train/loss 0.22569
Train/acc 0.92279
Val/Epoch 160/250
Val/loss 0.27727
Val/acc 0.90773
Checkpoint 160 saved ! best: False
Train/Epoch 161/250
Train/loss 0.22102
Train/acc 0.92460
Val/Epoch 161/250
Val/loss 0.31346
Val/acc 0.89577
Checkpoint 161 saved ! best: False
Train/Epoch 162/250
Train/loss 0.21983
Train/acc 0.92498
Val/Epoch 162/250
Val/loss 0.26991
Val/acc 0.91228
Checkpoint 162 saved ! best: False
Train/Epoch 163/250
Train/loss 0.21784
Train/acc 0.92627
Val/Epoch 163/250
Val/loss 0.27096
Val/acc 0.91317
Checkpoint 163 saved ! best: False
Train/Epoch 164/250
Train/loss 0.21391
Train/acc 0.92678
Val/Epoch 164/250
Val/loss 0.27036
Val/acc 0.91169
Checkpoint 164 saved ! best: False
Train/Epoch 165/250
Train/loss 0.20668
Train/acc 0.92935
Val/Epoch 165/250
Val/loss 0.30603
Val/acc 0.90605
Checkpoint 165 saved ! best: False
Train/Epoch 166/250
Train/loss 0.21024
Train/acc 0.92871
Val/Epoch 166/250
Val/loss 0.27534
Val/acc 0.91357
Checkpoint 166 saved ! best: False
Train/Epoch 167/250
Train/loss 0.20443
Train/acc 0.93065
Val/Epoch 167/250
Val/loss 0.25765
Val/acc 0.91624
Checkpoint 167 saved ! best: False
Train/Epoch 168/250
Train/loss 0.20283
Train/acc 0.92998
Val/Epoch 168/250
Val/loss 0.25828
Val/acc 0.91614
Checkpoint 168 saved ! best: False
Train/Epoch 169/250
Train/loss 0.19705
Train/acc 0.93182
Val/Epoch 169/250
Val/loss 0.30008
Val/acc 0.90852
Checkpoint 169 saved ! best: False
Train/Epoch 170/250
Train/loss 0.19515
Train/acc 0.93336
Val/Epoch 170/250
Val/loss 0.25738
Val/acc 0.91723
Checkpoint 170 saved ! best: False
Train/Epoch 171/250
Train/loss 0.19376
Train/acc 0.93355
Val/Epoch 171/250
Val/loss 0.26276
Val/acc 0.91634
Checkpoint 171 saved ! best: False
Train/Epoch 172/250
Train/loss 0.19338
Train/acc 0.93436
Val/Epoch 172/250
Val/loss 0.24328
Val/acc 0.92188
Checkpoint 172 saved ! best: False
Train/Epoch 173/250
Train/loss 0.18292
Train/acc 0.93747
Val/Epoch 173/250
Val/loss 0.29261
Val/acc 0.90773
Checkpoint 173 saved ! best: False
Train/Epoch 174/250
Train/loss 0.18379
Train/acc 0.93821
Val/Epoch 174/250
Val/loss 0.24190
Val/acc 0.92069
Checkpoint 174 saved ! best: False
Train/Epoch 175/250
Train/loss 0.17821
Train/acc 0.93946
Val/Epoch 175/250
Val/loss 0.21912
Val/acc 0.92692
Checkpoint 175 saved ! best: True
Train/Epoch 176/250
Train/loss 0.17448
Train/acc 0.94179
Val/Epoch 176/250
Val/loss 0.26905
Val/acc 0.91475
Checkpoint 176 saved ! best: False
Train/Epoch 177/250
Train/loss 0.17149
Train/acc 0.94136
Val/Epoch 177/250
Val/loss 0.30315
Val/acc 0.90417
Checkpoint 177 saved ! best: False
Train/Epoch 178/250
Train/loss 0.16841
Train/acc 0.94476
Val/Epoch 178/250
Val/loss 0.25580
Val/acc 0.91733
Checkpoint 178 saved ! best: False
Train/Epoch 179/250
Train/loss 0.16323
Train/acc 0.94478
Val/Epoch 179/250
Val/loss 0.23724
Val/acc 0.92445
Checkpoint 179 saved ! best: False
Train/Epoch 180/250
Train/loss 0.16379
Train/acc 0.94441
Val/Epoch 180/250
Val/loss 0.21858
Val/acc 0.93117
Checkpoint 180 saved ! best: True
Train/Epoch 181/250
Train/loss 0.16539
Train/acc 0.94411
Val/Epoch 181/250
Val/loss 0.21660
Val/acc 0.93167
Checkpoint 181 saved ! best: True
Train/Epoch 182/250
Train/loss 0.15373
Train/acc 0.94877
Val/Epoch 182/250
Val/loss 0.24212
Val/acc 0.92415
Checkpoint 182 saved ! best: False
Train/Epoch 183/250
Train/loss 0.15779
Train/acc 0.94569
Val/Epoch 183/250
Val/loss 0.24871
Val/acc 0.92356
Checkpoint 183 saved ! best: False
Train/Epoch 184/250
Train/loss 0.15801
Train/acc 0.94674
Val/Epoch 184/250
Val/loss 0.24338
Val/acc 0.92850
Checkpoint 184 saved ! best: False
Train/Epoch 185/250
Train/loss 0.15025
Train/acc 0.95049
Val/Epoch 185/250
Val/loss 0.22502
Val/acc 0.92959
Checkpoint 185 saved ! best: False
Train/Epoch 186/250
Train/loss 0.14543
Train/acc 0.95080
Val/Epoch 186/250
Val/loss 0.21245
Val/acc 0.93097
Checkpoint 186 saved ! best: False
Train/Epoch 187/250
Train/loss 0.14048
Train/acc 0.95276
Val/Epoch 187/250
Val/loss 0.23179
Val/acc 0.92939
Checkpoint 187 saved ! best: False
Train/Epoch 188/250
Train/loss 0.14134
Train/acc 0.95190
Val/Epoch 188/250
Val/loss 0.22496
Val/acc 0.92979
Checkpoint 188 saved ! best: False
Train/Epoch 189/250
Train/loss 0.13545
Train/acc 0.95482
Val/Epoch 189/250
Val/loss 0.23952
Val/acc 0.92524
Checkpoint 189 saved ! best: False
Train/Epoch 190/250
Train/loss 0.13332
Train/acc 0.95500
Val/Epoch 190/250
Val/loss 0.20255
Val/acc 0.93710
Checkpoint 190 saved ! best: True
Train/Epoch 191/250
Train/loss 0.13307
Train/acc 0.95601
Val/Epoch 191/250
Val/loss 0.21388
Val/acc 0.93206
Checkpoint 191 saved ! best: False
Train/Epoch 192/250
Train/loss 0.12979
Train/acc 0.95620
Val/Epoch 192/250
Val/loss 0.20039
Val/acc 0.93977
Checkpoint 192 saved ! best: True
Train/Epoch 193/250
Train/loss 0.12576
Train/acc 0.95808
Val/Epoch 193/250
Val/loss 0.21268
Val/acc 0.93453
Checkpoint 193 saved ! best: False
Train/Epoch 194/250
Train/loss 0.12164
Train/acc 0.95846
Val/Epoch 194/250
Val/loss 0.23294
Val/acc 0.92919
Checkpoint 194 saved ! best: False
Train/Epoch 195/250
Train/loss 0.12119
Train/acc 0.95931
Val/Epoch 195/250
Val/loss 0.20534
Val/acc 0.93790
Checkpoint 195 saved ! best: False
Train/Epoch 196/250
Train/loss 0.11564
Train/acc 0.96206
Val/Epoch 196/250
Val/loss 0.19849
Val/acc 0.93987
Checkpoint 196 saved ! best: True
Train/Epoch 197/250
Train/loss 0.11602
Train/acc 0.96065
Val/Epoch 197/250
Val/loss 0.23218
Val/acc 0.93087
Checkpoint 197 saved ! best: False
Train/Epoch 198/250
Train/loss 0.10783
Train/acc 0.96409
Val/Epoch 198/250
Val/loss 0.20054
Val/acc 0.94205
Checkpoint 198 saved ! best: True
Train/Epoch 199/250
Train/loss 0.10306
Train/acc 0.96594
Val/Epoch 199/250
Val/loss 0.19670
Val/acc 0.94017
Checkpoint 199 saved ! best: False
Train/Epoch 200/250
Train/loss 0.10226
Train/acc 0.96553
Val/Epoch 200/250
Val/loss 0.18425
Val/acc 0.94442
Checkpoint 200 saved ! best: True
Train/Epoch 201/250
Train/loss 0.09948
Train/acc 0.96673
Val/Epoch 201/250
Val/loss 0.19413
Val/acc 0.94146
Checkpoint 201 saved ! best: False
Train/Epoch 202/250
Train/loss 0.09740
Train/acc 0.96746
Val/Epoch 202/250
Val/loss 0.19266
Val/acc 0.94294
Checkpoint 202 saved ! best: False
Train/Epoch 203/250
Train/loss 0.09137
Train/acc 0.96944
Val/Epoch 203/250
Val/loss 0.18934
Val/acc 0.94452
Checkpoint 203 saved ! best: True
Train/Epoch 204/250
Train/loss 0.09099
Train/acc 0.96939
Val/Epoch 204/250
Val/loss 0.20326
Val/acc 0.94185
Checkpoint 204 saved ! best: False
Train/Epoch 205/250
Train/loss 0.09296
Train/acc 0.96873
Val/Epoch 205/250
Val/loss 0.19525
Val/acc 0.94215
Checkpoint 205 saved ! best: False
Train/Epoch 206/250
Train/loss 0.08508
Train/acc 0.97185
Val/Epoch 206/250
Val/loss 0.19123
Val/acc 0.94591
Checkpoint 206 saved ! best: True
Train/Epoch 207/250
Train/loss 0.08232
Train/acc 0.97293
Val/Epoch 207/250
Val/loss 0.19594
Val/acc 0.94383
Checkpoint 207 saved ! best: False
Train/Epoch 208/250
Train/loss 0.07762
Train/acc 0.97391
Val/Epoch 208/250
Val/loss 0.17435
Val/acc 0.94956
Checkpoint 208 saved ! best: True
Train/Epoch 209/250
Train/loss 0.07833
Train/acc 0.97426
Val/Epoch 209/250
Val/loss 0.18030
Val/acc 0.94877
Checkpoint 209 saved ! best: False
Train/Epoch 210/250
Train/loss 0.07353
Train/acc 0.97555
Val/Epoch 210/250
Val/loss 0.17721
Val/acc 0.94788
Checkpoint 210 saved ! best: False
Train/Epoch 211/250
Train/loss 0.07217
Train/acc 0.97575
Val/Epoch 211/250
Val/loss 0.17885
Val/acc 0.94521
Checkpoint 211 saved ! best: False
Train/Epoch 212/250
Train/loss 0.07251
Train/acc 0.97580
Val/Epoch 212/250
Val/loss 0.17083
Val/acc 0.94759
Checkpoint 212 saved ! best: False
Train/Epoch 213/250
Train/loss 0.06685
Train/acc 0.97795
Val/Epoch 213/250
Val/loss 0.17314
Val/acc 0.94937
Checkpoint 213 saved ! best: False
Train/Epoch 214/250
Train/loss 0.06555
Train/acc 0.97897
Val/Epoch 214/250
Val/loss 0.17248
Val/acc 0.94986
Checkpoint 214 saved ! best: True
Train/Epoch 215/250
Train/loss 0.06354
Train/acc 0.97917
Val/Epoch 215/250
Val/loss 0.16920
Val/acc 0.95016
Checkpoint 215 saved ! best: True
Train/Epoch 216/250
Train/loss 0.06223
Train/acc 0.97980
Val/Epoch 216/250
Val/loss 0.15378
Val/acc 0.95382
Checkpoint 216 saved ! best: True
Train/Epoch 217/250
Train/loss 0.05919
Train/acc 0.98052
Val/Epoch 217/250
Val/loss 0.16810
Val/acc 0.94907
Checkpoint 217 saved ! best: False
Train/Epoch 218/250
Train/loss 0.05451
Train/acc 0.98198
Val/Epoch 218/250
Val/loss 0.17061
Val/acc 0.94887
Checkpoint 218 saved ! best: False
Train/Epoch 219/250
Train/loss 0.05226
Train/acc 0.98331
Val/Epoch 219/250
Val/loss 0.16084
Val/acc 0.95194
Checkpoint 219 saved ! best: False
Train/Epoch 220/250
Train/loss 0.05192
Train/acc 0.98271
Val/Epoch 220/250
Val/loss 0.16307
Val/acc 0.95372
Checkpoint 220 saved ! best: False
Train/Epoch 221/250
Train/loss 0.04949
Train/acc 0.98392
Val/Epoch 221/250
Val/loss 0.15283
Val/acc 0.95599
Checkpoint 221 saved ! best: True
Train/Epoch 222/250
Train/loss 0.04830
Train/acc 0.98415
Val/Epoch 222/250
Val/loss 0.14489
Val/acc 0.95698
Checkpoint 222 saved ! best: True
Train/Epoch 223/250
Train/loss 0.04779
Train/acc 0.98439
Val/Epoch 223/250
Val/loss 0.14535
Val/acc 0.95619
Checkpoint 223 saved ! best: False
Train/Epoch 224/250
Train/loss 0.04466
Train/acc 0.98583
Val/Epoch 224/250
Val/loss 0.14855
Val/acc 0.95748
Checkpoint 224 saved ! best: True
Train/Epoch 225/250
Train/loss 0.04537
Train/acc 0.98565
Val/Epoch 225/250
Val/loss 0.15226
Val/acc 0.95520
Checkpoint 225 saved ! best: False
Train/Epoch 226/250
Train/loss 0.04135
Train/acc 0.98657
Val/Epoch 226/250
Val/loss 0.14764
Val/acc 0.95659
Checkpoint 226 saved ! best: False
Train/Epoch 227/250
Train/loss 0.04057
Train/acc 0.98701
Val/Epoch 227/250
Val/loss 0.14237
Val/acc 0.95758
Checkpoint 227 saved ! best: True
Train/Epoch 228/250
Train/loss 0.04197
Train/acc 0.98620
Val/Epoch 228/250
Val/loss 0.14818
Val/acc 0.95906
Checkpoint 228 saved ! best: True
Train/Epoch 229/250
Train/loss 0.03704
Train/acc 0.98849
Val/Epoch 229/250
Val/loss 0.14810
Val/acc 0.95619
Checkpoint 229 saved ! best: False
Train/Epoch 230/250
Train/loss 0.03752
Train/acc 0.98810
Val/Epoch 230/250
Val/loss 0.14461
Val/acc 0.95886
Checkpoint 230 saved ! best: False
Train/Epoch 231/250
Train/loss 0.03579
Train/acc 0.98867
Val/Epoch 231/250
Val/loss 0.14645
Val/acc 0.95886
Checkpoint 231 saved ! best: False
Train/Epoch 232/250
Train/loss 0.03613
Train/acc 0.98853
Val/Epoch 232/250
Val/loss 0.13939
Val/acc 0.95837
Checkpoint 232 saved ! best: False
Train/Epoch 233/250
Train/loss 0.03515
Train/acc 0.98866
Val/Epoch 233/250
Val/loss 0.14228
Val/acc 0.96025
Checkpoint 233 saved ! best: True
Train/Epoch 234/250
Train/loss 0.03318
Train/acc 0.98948
Val/Epoch 234/250
Val/loss 0.14145
Val/acc 0.95837
Checkpoint 234 saved ! best: False
Train/Epoch 235/250
Train/loss 0.03332
Train/acc 0.98915
Val/Epoch 235/250
Val/loss 0.14055
Val/acc 0.95896
Checkpoint 235 saved ! best: False
Train/Epoch 236/250
Train/loss 0.03362
Train/acc 0.98911
Val/Epoch 236/250
Val/loss 0.13969
Val/acc 0.95866
Checkpoint 236 saved ! best: False
Train/Epoch 237/250
Train/loss 0.03132
Train/acc 0.98976
Val/Epoch 237/250
Val/loss 0.14165
Val/acc 0.95866
Checkpoint 237 saved ! best: False
Train/Epoch 238/250
Train/loss 0.03023
Train/acc 0.99025
Val/Epoch 238/250
Val/loss 0.13909
Val/acc 0.95995
Checkpoint 238 saved ! best: False
Train/Epoch 239/250
Train/loss 0.02977
Train/acc 0.99059
Val/Epoch 239/250
Val/loss 0.13793
Val/acc 0.96064
Checkpoint 239 saved ! best: True
Train/Epoch 240/250
Train/loss 0.03066
Train/acc 0.99020
Val/Epoch 240/250
Val/loss 0.13804
Val/acc 0.96064
Checkpoint 240 saved ! best: False
Train/Epoch 241/250
Train/loss 0.03015
Train/acc 0.99034
Val/Epoch 241/250
Val/loss 0.13694
Val/acc 0.96104
Checkpoint 241 saved ! best: True
Train/Epoch 242/250
Train/loss 0.02866
Train/acc 0.99090
Val/Epoch 242/250
Val/loss 0.13484
Val/acc 0.96193
Checkpoint 242 saved ! best: True
Train/Epoch 243/250
Train/loss 0.02881
Train/acc 0.99075
Val/Epoch 243/250
Val/loss 0.13465
Val/acc 0.96183
Checkpoint 243 saved ! best: False
Train/Epoch 244/250
Train/loss 0.02921
Train/acc 0.99047
Val/Epoch 244/250
Val/loss 0.13546
Val/acc 0.96163
Checkpoint 244 saved ! best: False
Train/Epoch 245/250
Train/loss 0.02645
Train/acc 0.99120
Val/Epoch 245/250
Val/loss 0.13392
Val/acc 0.96163
Checkpoint 245 saved ! best: False
Train/Epoch 246/250
Train/loss 0.02920
Train/acc 0.99055
Val/Epoch 246/250
Val/loss 0.13294
Val/acc 0.96123
Checkpoint 246 saved ! best: False
Train/Epoch 247/250
Train/loss 0.02751
Train/acc 0.99107
Val/Epoch 247/250
Val/loss 0.13351
Val/acc 0.96084
Checkpoint 247 saved ! best: False
Train/Epoch 248/250
Train/loss 0.02800
Train/acc 0.99121
Val/Epoch 248/250
Val/loss 0.13419
Val/acc 0.96084
Checkpoint 248 saved ! best: False
Train/Epoch 249/250
Train/loss 0.02669
Train/acc 0.99127
Val/Epoch 249/250
Val/loss 0.13372
Val/acc 0.96064
Checkpoint 249 saved ! best: False
