=> creating model 'convmixer256d16',num of classes '10'
using optimizer SGD
using learning rate scheduler CosineAnnealingLR
Train/Epoch 0/250
Train/loss 1.58426
Train/acc 0.41103
Val/Epoch 0/250
Val/loss 1.41264
Val/acc 0.50020
Checkpoint 0 saved ! best: True
Train/Epoch 1/250
Train/loss 1.12182
Train/acc 0.60133
Val/Epoch 1/250
Val/loss 1.03376
Val/acc 0.64379
Checkpoint 1 saved ! best: True
Train/Epoch 2/250
Train/loss 0.90032
Train/acc 0.68550
Val/Epoch 2/250
Val/loss 0.82763
Val/acc 0.71578
Checkpoint 2 saved ! best: True
Train/Epoch 3/250
Train/loss 0.76894
Train/acc 0.73645
Val/Epoch 3/250
Val/loss 0.79509
Val/acc 0.72716
Checkpoint 3 saved ! best: True
Train/Epoch 4/250
Train/loss 0.68014
Train/acc 0.76910
Val/Epoch 4/250
Val/loss 0.74476
Val/acc 0.75455
Checkpoint 4 saved ! best: True
Train/Epoch 5/250
Train/loss 0.63073
Train/acc 0.78706
Val/Epoch 5/250
Val/loss 0.73195
Val/acc 0.74407
Checkpoint 5 saved ! best: False
Train/Epoch 6/250
Train/loss 0.60357
Train/acc 0.79605
Val/Epoch 6/250
Val/loss 0.69760
Val/acc 0.76375
Checkpoint 6 saved ! best: True
Train/Epoch 7/250
Train/loss 0.56853
Train/acc 0.80610
Val/Epoch 7/250
Val/loss 0.63180
Val/acc 0.79272
Checkpoint 7 saved ! best: True
Train/Epoch 8/250
Train/loss 0.54811
Train/acc 0.81387
Val/Epoch 8/250
Val/loss 0.65845
Val/acc 0.78501
Checkpoint 8 saved ! best: False
Train/Epoch 9/250
Train/loss 0.53347
Train/acc 0.82036
Val/Epoch 9/250
Val/loss 0.56891
Val/acc 0.81052
Checkpoint 9 saved ! best: True
Train/Epoch 10/250
Train/loss 0.51526
Train/acc 0.82799
Val/Epoch 10/250
Val/loss 0.64203
Val/acc 0.78748
Checkpoint 10 saved ! best: False
Train/Epoch 11/250
Train/loss 0.50591
Train/acc 0.82789
Val/Epoch 11/250
Val/loss 0.78211
Val/acc 0.75603
Checkpoint 11 saved ! best: False
Train/Epoch 12/250
Train/loss 0.49040
Train/acc 0.83463
Val/Epoch 12/250
Val/loss 0.61183
Val/acc 0.79767
Checkpoint 12 saved ! best: False
Train/Epoch 13/250
Train/loss 0.47951
Train/acc 0.83742
Val/Epoch 13/250
Val/loss 0.62066
Val/acc 0.79163
Checkpoint 13 saved ! best: False
Train/Epoch 14/250
Train/loss 0.46580
Train/acc 0.84295
Val/Epoch 14/250
Val/loss 0.72532
Val/acc 0.77324
Checkpoint 14 saved ! best: False
Train/Epoch 15/250
Train/loss 0.46238
Train/acc 0.84351
Val/Epoch 15/250
Val/loss 0.62853
Val/acc 0.79203
Checkpoint 15 saved ! best: False
Train/Epoch 16/250
Train/loss 0.44737
Train/acc 0.84987
Val/Epoch 16/250
Val/loss 0.62150
Val/acc 0.79559
Checkpoint 16 saved ! best: False
Train/Epoch 17/250
Train/loss 0.45381
Train/acc 0.84575
Val/Epoch 17/250
Val/loss 0.61648
Val/acc 0.80192
Checkpoint 17 saved ! best: False
Train/Epoch 18/250
Train/loss 0.44041
Train/acc 0.85162
Val/Epoch 18/250
Val/loss 0.66791
Val/acc 0.79579
Checkpoint 18 saved ! best: False
Train/Epoch 19/250
Train/loss 0.43667
Train/acc 0.85255
Val/Epoch 19/250
Val/loss 0.61849
Val/acc 0.80063
Checkpoint 19 saved ! best: False
Train/Epoch 20/250
Train/loss 0.43053
Train/acc 0.85404
Val/Epoch 20/250
Val/loss 0.62574
Val/acc 0.79223
Checkpoint 20 saved ! best: False
Train/Epoch 21/250
Train/loss 0.41994
Train/acc 0.85678
Val/Epoch 21/250
Val/loss 0.93203
Val/acc 0.73714
Checkpoint 21 saved ! best: False
Train/Epoch 22/250
Train/loss 0.42170
Train/acc 0.85818
Val/Epoch 22/250
Val/loss 0.48626
Val/acc 0.84246
Checkpoint 22 saved ! best: True
Train/Epoch 23/250
Train/loss 0.41554
Train/acc 0.86051
Val/Epoch 23/250
Val/loss 0.59089
Val/acc 0.80973
Checkpoint 23 saved ! best: False
Train/Epoch 24/250
Train/loss 0.41318
Train/acc 0.86188
Val/Epoch 24/250
Val/loss 0.59890
Val/acc 0.80558
Checkpoint 24 saved ! best: False
Train/Epoch 25/250
Train/loss 0.41300
Train/acc 0.86143
Val/Epoch 25/250
Val/loss 0.60967
Val/acc 0.80637
Checkpoint 25 saved ! best: False
Train/Epoch 26/250
Train/loss 0.40653
Train/acc 0.86200
Val/Epoch 26/250
Val/loss 0.52508
Val/acc 0.82931
Checkpoint 26 saved ! best: False
Train/Epoch 27/250
Train/loss 0.40474
Train/acc 0.86241
Val/Epoch 27/250
Val/loss 0.53229
Val/acc 0.82625
Checkpoint 27 saved ! best: False
Train/Epoch 28/250
Train/loss 0.40435
Train/acc 0.86352
Val/Epoch 28/250
Val/loss 0.73999
Val/acc 0.78046
Checkpoint 28 saved ! best: False
Train/Epoch 29/250
Train/loss 0.39722
Train/acc 0.86640
Val/Epoch 29/250
Val/loss 0.58310
Val/acc 0.81181
Checkpoint 29 saved ! best: False
Train/Epoch 30/250
Train/loss 0.39621
Train/acc 0.86531
Val/Epoch 30/250
Val/loss 0.58122
Val/acc 0.81339
Checkpoint 30 saved ! best: False
Train/Epoch 31/250
Train/loss 0.39042
Train/acc 0.86830
Val/Epoch 31/250
Val/loss 0.65782
Val/acc 0.80222
Checkpoint 31 saved ! best: False
Train/Epoch 32/250
Train/loss 0.38697
Train/acc 0.87006
Val/Epoch 32/250
Val/loss 0.74561
Val/acc 0.77937
Checkpoint 32 saved ! best: False
Train/Epoch 33/250
Train/loss 0.38946
Train/acc 0.86964
Val/Epoch 33/250
Val/loss 0.72825
Val/acc 0.78748
Checkpoint 33 saved ! best: False
Train/Epoch 34/250
Train/loss 0.38145
Train/acc 0.87186
Val/Epoch 34/250
Val/loss 0.59514
Val/acc 0.81250
Checkpoint 34 saved ! best: False
Train/Epoch 35/250
Train/loss 0.37825
Train/acc 0.87263
Val/Epoch 35/250
Val/loss 0.52659
Val/acc 0.82595
Checkpoint 35 saved ! best: False
Train/Epoch 36/250
Train/loss 0.37888
Train/acc 0.87236
Val/Epoch 36/250
Val/loss 0.56575
Val/acc 0.81913
Checkpoint 36 saved ! best: False
Train/Epoch 37/250
Train/loss 0.37823
Train/acc 0.87234
Val/Epoch 37/250
Val/loss 0.50741
Val/acc 0.83376
Checkpoint 37 saved ! best: False
Train/Epoch 38/250
Train/loss 0.37479
Train/acc 0.87284
Val/Epoch 38/250
Val/loss 0.50963
Val/acc 0.83386
Checkpoint 38 saved ! best: False
Train/Epoch 39/250
Train/loss 0.36748
Train/acc 0.87577
Val/Epoch 39/250
Val/loss 0.58991
Val/acc 0.81191
Checkpoint 39 saved ! best: False
Train/Epoch 40/250
Train/loss 0.37295
Train/acc 0.87478
Val/Epoch 40/250
Val/loss 0.53734
Val/acc 0.82486
Checkpoint 40 saved ! best: False
Train/Epoch 41/250
Train/loss 0.37150
Train/acc 0.87393
Val/Epoch 41/250
Val/loss 0.57739
Val/acc 0.81636
Checkpoint 41 saved ! best: False
Train/Epoch 42/250
Train/loss 0.36959
Train/acc 0.87465
Val/Epoch 42/250
Val/loss 0.55753
Val/acc 0.82822
Checkpoint 42 saved ! best: False
Train/Epoch 43/250
Train/loss 0.36405
Train/acc 0.87614
Val/Epoch 43/250
Val/loss 0.47262
Val/acc 0.84375
Checkpoint 43 saved ! best: True
Train/Epoch 44/250
Train/loss 0.35556
Train/acc 0.87866
Val/Epoch 44/250
Val/loss 0.54649
Val/acc 0.82140
Checkpoint 44 saved ! best: False
Train/Epoch 45/250
Train/loss 0.35609
Train/acc 0.87941
Val/Epoch 45/250
Val/loss 0.79942
Val/acc 0.75920
Checkpoint 45 saved ! best: False
Train/Epoch 46/250
Train/loss 0.36174
Train/acc 0.87659
Val/Epoch 46/250
Val/loss 0.65443
Val/acc 0.79262
Checkpoint 46 saved ! best: False
Train/Epoch 47/250
Train/loss 0.35363
Train/acc 0.87988
Val/Epoch 47/250
Val/loss 0.61487
Val/acc 0.80439
Checkpoint 47 saved ! best: False
Train/Epoch 48/250
Train/loss 0.34877
Train/acc 0.88309
Val/Epoch 48/250
Val/loss 0.71649
Val/acc 0.79658
Checkpoint 48 saved ! best: False
Train/Epoch 49/250
Train/loss 0.35447
Train/acc 0.87950
Val/Epoch 49/250
Val/loss 0.48335
Val/acc 0.84484
Checkpoint 49 saved ! best: True
Train/Epoch 50/250
Train/loss 0.35544
Train/acc 0.88141
Val/Epoch 50/250
Val/loss 0.54811
Val/acc 0.82407
Checkpoint 50 saved ! best: False
Train/Epoch 51/250
Train/loss 0.34183
Train/acc 0.88584
Val/Epoch 51/250
Val/loss 0.63347
Val/acc 0.80222
Checkpoint 51 saved ! best: False
Train/Epoch 52/250
Train/loss 0.35074
Train/acc 0.88141
Val/Epoch 52/250
Val/loss 0.55767
Val/acc 0.82120
Checkpoint 52 saved ! best: False
Train/Epoch 53/250
Train/loss 0.34651
Train/acc 0.88383
Val/Epoch 53/250
Val/loss 0.62612
Val/acc 0.81982
Checkpoint 53 saved ! best: False
Train/Epoch 54/250
Train/loss 0.34135
Train/acc 0.88442
Val/Epoch 54/250
Val/loss 1.01402
Val/acc 0.72023
Checkpoint 54 saved ! best: False
Train/Epoch 55/250
Train/loss 0.34187
Train/acc 0.88389
Val/Epoch 55/250
Val/loss 0.51085
Val/acc 0.83683
Checkpoint 55 saved ! best: False
Train/Epoch 56/250
Train/loss 0.33628
Train/acc 0.88556
Val/Epoch 56/250
Val/loss 0.73104
Val/acc 0.77057
Checkpoint 56 saved ! best: False
Train/Epoch 57/250
Train/loss 0.33620
Train/acc 0.88573
Val/Epoch 57/250
Val/loss 0.43818
Val/acc 0.85799
Checkpoint 57 saved ! best: True
Train/Epoch 58/250
Train/loss 0.33286
Train/acc 0.88776
Val/Epoch 58/250
Val/loss 0.56442
Val/acc 0.82091
Checkpoint 58 saved ! best: False
Train/Epoch 59/250
Train/loss 0.33168
Train/acc 0.88856
Val/Epoch 59/250
Val/loss 0.60451
Val/acc 0.80795
Checkpoint 59 saved ! best: False
Train/Epoch 60/250
Train/loss 0.33298
Train/acc 0.88763
Val/Epoch 60/250
Val/loss 0.61164
Val/acc 0.80716
Checkpoint 60 saved ! best: False
Train/Epoch 61/250
Train/loss 0.32162
Train/acc 0.88998
Val/Epoch 61/250
Val/loss 0.95540
Val/acc 0.73833
Checkpoint 61 saved ! best: False
Train/Epoch 62/250
Train/loss 0.32308
Train/acc 0.89037
Val/Epoch 62/250
Val/loss 0.49760
Val/acc 0.83089
Checkpoint 62 saved ! best: False
Train/Epoch 63/250
Train/loss 0.32781
Train/acc 0.88829
Val/Epoch 63/250
Val/loss 0.53326
Val/acc 0.83109
Checkpoint 63 saved ! best: False
Train/Epoch 64/250
Train/loss 0.32141
Train/acc 0.89224
Val/Epoch 64/250
Val/loss 0.48738
Val/acc 0.84049
Checkpoint 64 saved ! best: False
Train/Epoch 65/250
Train/loss 0.32295
Train/acc 0.88949
Val/Epoch 65/250
Val/loss 0.53236
Val/acc 0.84296
Checkpoint 65 saved ! best: False
Train/Epoch 66/250
Train/loss 0.31859
Train/acc 0.89256
Val/Epoch 66/250
Val/loss 0.79650
Val/acc 0.77423
Checkpoint 66 saved ! best: False
Train/Epoch 67/250
Train/loss 0.31635
Train/acc 0.89180
Val/Epoch 67/250
Val/loss 0.51958
Val/acc 0.83228
Checkpoint 67 saved ! best: False
Train/Epoch 68/250
Train/loss 0.32070
Train/acc 0.89099
Val/Epoch 68/250
Val/loss 0.45677
Val/acc 0.84800
Checkpoint 68 saved ! best: False
Train/Epoch 69/250
Train/loss 0.31631
Train/acc 0.89353
Val/Epoch 69/250
Val/loss 0.57709
Val/acc 0.82377
Checkpoint 69 saved ! best: False
Train/Epoch 70/250
Train/loss 0.31951
Train/acc 0.89295
Val/Epoch 70/250
Val/loss 0.47834
Val/acc 0.84108
Checkpoint 70 saved ! best: False
Train/Epoch 71/250
Train/loss 0.31278
Train/acc 0.89456
Val/Epoch 71/250
Val/loss 0.54665
Val/acc 0.82812
Checkpoint 71 saved ! best: False
Train/Epoch 72/250
Train/loss 0.31401
Train/acc 0.89272
Val/Epoch 72/250
Val/loss 0.52780
Val/acc 0.83129
Checkpoint 72 saved ! best: False
Train/Epoch 73/250
Train/loss 0.29982
Train/acc 0.89828
Val/Epoch 73/250
Val/loss 0.55253
Val/acc 0.83089
Checkpoint 73 saved ! best: False
Train/Epoch 74/250
Train/loss 0.30643
Train/acc 0.89653
Val/Epoch 74/250
Val/loss 0.58231
Val/acc 0.81497
Checkpoint 74 saved ! best: False
Train/Epoch 75/250
Train/loss 0.30160
Train/acc 0.89728
Val/Epoch 75/250
Val/loss 0.72556
Val/acc 0.77670
Checkpoint 75 saved ! best: False
Train/Epoch 76/250
Train/loss 0.30069
Train/acc 0.89800
Val/Epoch 76/250
Val/loss 0.65427
Val/acc 0.80142
Checkpoint 76 saved ! best: False
Train/Epoch 77/250
Train/loss 0.29907
Train/acc 0.89754
Val/Epoch 77/250
Val/loss 0.56329
Val/acc 0.82051
Checkpoint 77 saved ! best: False
Train/Epoch 78/250
Train/loss 0.29795
Train/acc 0.89929
Val/Epoch 78/250
Val/loss 0.50641
Val/acc 0.84385
Checkpoint 78 saved ! best: False
Train/Epoch 79/250
Train/loss 0.29412
Train/acc 0.89980
Val/Epoch 79/250
Val/loss 0.69908
Val/acc 0.78708
Checkpoint 79 saved ! best: False
Train/Epoch 80/250
Train/loss 0.28995
Train/acc 0.90161
Val/Epoch 80/250
Val/loss 0.47394
Val/acc 0.85067
Checkpoint 80 saved ! best: False
Train/Epoch 81/250
Train/loss 0.29355
Train/acc 0.90000
Val/Epoch 81/250
Val/loss 0.47398
Val/acc 0.84949
Checkpoint 81 saved ! best: False
Train/Epoch 82/250
Train/loss 0.28890
Train/acc 0.90159
Val/Epoch 82/250
Val/loss 0.57380
Val/acc 0.83356
Checkpoint 82 saved ! best: False
Train/Epoch 83/250
Train/loss 0.28681
Train/acc 0.90259
Val/Epoch 83/250
Val/loss 0.57701
Val/acc 0.81893
Checkpoint 83 saved ! best: False
Train/Epoch 84/250
Train/loss 0.28205
Train/acc 0.90289
Val/Epoch 84/250
Val/loss 0.52541
Val/acc 0.84128
Checkpoint 84 saved ! best: False
Train/Epoch 85/250
Train/loss 0.28245
Train/acc 0.90293
Val/Epoch 85/250
Val/loss 0.45136
Val/acc 0.85433
Checkpoint 85 saved ! best: False
Train/Epoch 86/250
Train/loss 0.27721
Train/acc 0.90537
Val/Epoch 86/250
Val/loss 0.58318
Val/acc 0.82447
Checkpoint 86 saved ! best: False
Train/Epoch 87/250
Train/loss 0.27721
Train/acc 0.90516
Val/Epoch 87/250
Val/loss 0.60391
Val/acc 0.81646
Checkpoint 87 saved ! best: False
Train/Epoch 88/250
Train/loss 0.27565
Train/acc 0.90634
Val/Epoch 88/250
Val/loss 0.75523
Val/acc 0.77650
Checkpoint 88 saved ! best: False
Train/Epoch 89/250
Train/loss 0.27682
Train/acc 0.90595
Val/Epoch 89/250
Val/loss 0.49398
Val/acc 0.84523
Checkpoint 89 saved ! best: False
Train/Epoch 90/250
Train/loss 0.27333
Train/acc 0.90622
Val/Epoch 90/250
Val/loss 0.49412
Val/acc 0.83900
Checkpoint 90 saved ! best: False
Train/Epoch 91/250
Train/loss 0.26851
Train/acc 0.90713
Val/Epoch 91/250
Val/loss 0.45208
Val/acc 0.85799
Checkpoint 91 saved ! best: False
Train/Epoch 92/250
Train/loss 0.27369
Train/acc 0.90660
Val/Epoch 92/250
Val/loss 0.44640
Val/acc 0.85947
Checkpoint 92 saved ! best: True
Train/Epoch 93/250
Train/loss 0.26436
Train/acc 0.91004
Val/Epoch 93/250
Val/loss 0.43296
Val/acc 0.86116
Checkpoint 93 saved ! best: True
Train/Epoch 94/250
Train/loss 0.26553
Train/acc 0.91031
Val/Epoch 94/250
Val/loss 0.53788
Val/acc 0.83099
Checkpoint 94 saved ! best: False
Train/Epoch 95/250
Train/loss 0.26225
Train/acc 0.91043
Val/Epoch 95/250
Val/loss 0.36743
Val/acc 0.88222
Checkpoint 95 saved ! best: True
Train/Epoch 96/250
Train/loss 0.25752
Train/acc 0.91266
Val/Epoch 96/250
Val/loss 0.47222
Val/acc 0.84830
Checkpoint 96 saved ! best: False
Train/Epoch 97/250
Train/loss 0.26233
Train/acc 0.91040
Val/Epoch 97/250
Val/loss 0.52463
Val/acc 0.84157
Checkpoint 97 saved ! best: False
Train/Epoch 98/250
Train/loss 0.25539
Train/acc 0.91262
Val/Epoch 98/250
Val/loss 0.53666
Val/acc 0.83811
Checkpoint 98 saved ! best: False
Train/Epoch 99/250
Train/loss 0.24965
Train/acc 0.91454
Val/Epoch 99/250
Val/loss 0.58468
Val/acc 0.81764
Checkpoint 99 saved ! best: False
Train/Epoch 100/250
Train/loss 0.25572
Train/acc 0.91274
Val/Epoch 100/250
Val/loss 0.42705
Val/acc 0.86323
Checkpoint 100 saved ! best: False
Train/Epoch 101/250
Train/loss 0.25100
Train/acc 0.91443
Val/Epoch 101/250
Val/loss 0.40462
Val/acc 0.87282
Checkpoint 101 saved ! best: False
Train/Epoch 102/250
Train/loss 0.25456
Train/acc 0.91357
Val/Epoch 102/250
Val/loss 0.51335
Val/acc 0.84019
Checkpoint 102 saved ! best: False
Train/Epoch 103/250
Train/loss 0.24411
Train/acc 0.91687
Val/Epoch 103/250
Val/loss 0.66811
Val/acc 0.80251
Checkpoint 103 saved ! best: False
Train/Epoch 104/250
Train/loss 0.23817
Train/acc 0.91916
Val/Epoch 104/250
Val/loss 0.49304
Val/acc 0.84316
Checkpoint 104 saved ! best: False
Train/Epoch 105/250
Train/loss 0.23918
Train/acc 0.91850
Val/Epoch 105/250
Val/loss 0.52298
Val/acc 0.84751
Checkpoint 105 saved ! best: False
Train/Epoch 106/250
Train/loss 0.23916
Train/acc 0.91847
Val/Epoch 106/250
Val/loss 0.42980
Val/acc 0.86511
Checkpoint 106 saved ! best: False
Train/Epoch 107/250
Train/loss 0.23926
Train/acc 0.91748
Val/Epoch 107/250
Val/loss 0.52944
Val/acc 0.84118
Checkpoint 107 saved ! best: False
Train/Epoch 108/250
Train/loss 0.23414
Train/acc 0.92173
Val/Epoch 108/250
Val/loss 0.47768
Val/acc 0.85295
Checkpoint 108 saved ! best: False
Train/Epoch 109/250
Train/loss 0.22736
Train/acc 0.92117
Val/Epoch 109/250
Val/loss 0.41418
Val/acc 0.87075
Checkpoint 109 saved ! best: False
Train/Epoch 110/250
Train/loss 0.22588
Train/acc 0.92268
Val/Epoch 110/250
Val/loss 0.45414
Val/acc 0.85947
Checkpoint 110 saved ! best: False
Train/Epoch 111/250
Train/loss 0.22685
Train/acc 0.92199
Val/Epoch 111/250
Val/loss 0.48616
Val/acc 0.85374
Checkpoint 111 saved ! best: False
Train/Epoch 112/250
Train/loss 0.22052
Train/acc 0.92421
Val/Epoch 112/250
Val/loss 0.46857
Val/acc 0.85285
Checkpoint 112 saved ! best: False
Train/Epoch 113/250
Train/loss 0.22314
Train/acc 0.92483
Val/Epoch 113/250
Val/loss 0.41367
Val/acc 0.87006
Checkpoint 113 saved ! best: False
Train/Epoch 114/250
Train/loss 0.21842
Train/acc 0.92619
Val/Epoch 114/250
Val/loss 0.54882
Val/acc 0.84167
Checkpoint 114 saved ! best: False
Train/Epoch 115/250
Train/loss 0.21579
Train/acc 0.92579
Val/Epoch 115/250
Val/loss 0.42260
Val/acc 0.87035
Checkpoint 115 saved ! best: False
Train/Epoch 116/250
Train/loss 0.21158
Train/acc 0.92785
Val/Epoch 116/250
Val/loss 0.49376
Val/acc 0.85858
Checkpoint 116 saved ! best: False
Train/Epoch 117/250
Train/loss 0.21189
Train/acc 0.92712
Val/Epoch 117/250
Val/loss 0.42163
Val/acc 0.86570
Checkpoint 117 saved ! best: False
Train/Epoch 118/250
Train/loss 0.20553
Train/acc 0.93056
Val/Epoch 118/250
Val/loss 0.45022
Val/acc 0.86620
Checkpoint 118 saved ! best: False
Train/Epoch 119/250
Train/loss 0.20474
Train/acc 0.93016
Val/Epoch 119/250
Val/loss 0.41599
Val/acc 0.87243
Checkpoint 119 saved ! best: False
Train/Epoch 120/250
Train/loss 0.20024
Train/acc 0.93155
Val/Epoch 120/250
Val/loss 0.46311
Val/acc 0.86313
Checkpoint 120 saved ! best: False
Train/Epoch 121/250
Train/loss 0.20689
Train/acc 0.92846
Val/Epoch 121/250
Val/loss 0.41990
Val/acc 0.87282
Checkpoint 121 saved ! best: False
Train/Epoch 122/250
Train/loss 0.19991
Train/acc 0.93112
Val/Epoch 122/250
Val/loss 0.44136
Val/acc 0.86986
Checkpoint 122 saved ! best: False
Train/Epoch 123/250
Train/loss 0.19978
Train/acc 0.93119
Val/Epoch 123/250
Val/loss 0.38212
Val/acc 0.87698
Checkpoint 123 saved ! best: False
Train/Epoch 124/250
Train/loss 0.19351
Train/acc 0.93413
Val/Epoch 124/250
Val/loss 0.47829
Val/acc 0.85848
Checkpoint 124 saved ! best: False
Train/Epoch 125/250
Train/loss 0.19160
Train/acc 0.93618
Val/Epoch 125/250
Val/loss 0.45212
Val/acc 0.86155
Checkpoint 125 saved ! best: False
Train/Epoch 126/250
Train/loss 0.19281
Train/acc 0.93364
Val/Epoch 126/250
Val/loss 0.43267
Val/acc 0.86917
Checkpoint 126 saved ! best: False
Train/Epoch 127/250
Train/loss 0.18730
Train/acc 0.93549
Val/Epoch 127/250
Val/loss 0.43212
Val/acc 0.86748
Checkpoint 127 saved ! best: False
Train/Epoch 128/250
Train/loss 0.18261
Train/acc 0.93722
Val/Epoch 128/250
Val/loss 0.50473
Val/acc 0.84790
Checkpoint 128 saved ! best: False
Train/Epoch 129/250
Train/loss 0.17944
Train/acc 0.93880
Val/Epoch 129/250
Val/loss 0.38075
Val/acc 0.88064
Checkpoint 129 saved ! best: False
Train/Epoch 130/250
Train/loss 0.18009
Train/acc 0.93921
Val/Epoch 130/250
Val/loss 0.40991
Val/acc 0.88380
Checkpoint 130 saved ! best: True
Train/Epoch 131/250
Train/loss 0.18283
Train/acc 0.93730
Val/Epoch 131/250
Val/loss 0.40243
Val/acc 0.87648
Checkpoint 131 saved ! best: False
Train/Epoch 132/250
Train/loss 0.17190
Train/acc 0.94155
Val/Epoch 132/250
Val/loss 0.37178
Val/acc 0.88766
Checkpoint 132 saved ! best: True
Train/Epoch 133/250
Train/loss 0.17155
Train/acc 0.94218
Val/Epoch 133/250
Val/loss 0.45824
Val/acc 0.86551
Checkpoint 133 saved ! best: False
Train/Epoch 134/250
Train/loss 0.16872
Train/acc 0.94087
Val/Epoch 134/250
Val/loss 0.57770
Val/acc 0.84068
Checkpoint 134 saved ! best: False
Train/Epoch 135/250
Train/loss 0.16328
Train/acc 0.94532
Val/Epoch 135/250
Val/loss 0.39699
Val/acc 0.88024
Checkpoint 135 saved ! best: False
Train/Epoch 136/250
Train/loss 0.16234
Train/acc 0.94402
Val/Epoch 136/250
Val/loss 0.41044
Val/acc 0.87935
Checkpoint 136 saved ! best: False
Train/Epoch 137/250
Train/loss 0.16145
Train/acc 0.94479
Val/Epoch 137/250
Val/loss 0.41274
Val/acc 0.88004
Checkpoint 137 saved ! best: False
Train/Epoch 138/250
Train/loss 0.16151
Train/acc 0.94367
Val/Epoch 138/250
Val/loss 0.38719
Val/acc 0.88291
Checkpoint 138 saved ! best: False
Train/Epoch 139/250
Train/loss 0.15517
Train/acc 0.94701
Val/Epoch 139/250
Val/loss 0.46019
Val/acc 0.86590
Checkpoint 139 saved ! best: False
Train/Epoch 140/250
Train/loss 0.14874
Train/acc 0.95051
Val/Epoch 140/250
Val/loss 0.48571
Val/acc 0.86323
Checkpoint 140 saved ! best: False
Train/Epoch 141/250
Train/loss 0.15178
Train/acc 0.94792
Val/Epoch 141/250
Val/loss 0.45218
Val/acc 0.86748
Checkpoint 141 saved ! best: False
Train/Epoch 142/250
Train/loss 0.14736
Train/acc 0.94942
Val/Epoch 142/250
Val/loss 0.47529
Val/acc 0.86343
Checkpoint 142 saved ! best: False
Train/Epoch 143/250
Train/loss 0.14568
Train/acc 0.94957
Val/Epoch 143/250
Val/loss 0.46932
Val/acc 0.86551
Checkpoint 143 saved ! best: False
Train/Epoch 144/250
Train/loss 0.13878
Train/acc 0.95233
Val/Epoch 144/250
Val/loss 0.41259
Val/acc 0.88331
Checkpoint 144 saved ! best: False
Train/Epoch 145/250
Train/loss 0.14092
Train/acc 0.95183
Val/Epoch 145/250
Val/loss 0.37377
Val/acc 0.88697
Checkpoint 145 saved ! best: False
Train/Epoch 146/250
Train/loss 0.13150
Train/acc 0.95518
Val/Epoch 146/250
Val/loss 0.38286
Val/acc 0.89092
Checkpoint 146 saved ! best: True
Train/Epoch 147/250
Train/loss 0.13460
Train/acc 0.95409
Val/Epoch 147/250
Val/loss 0.42734
Val/acc 0.88083
Checkpoint 147 saved ! best: False
Train/Epoch 148/250
Train/loss 0.13838
Train/acc 0.95243
Val/Epoch 148/250
Val/loss 0.50949
Val/acc 0.86017
Checkpoint 148 saved ! best: False
Train/Epoch 149/250
Train/loss 0.13209
Train/acc 0.95484
Val/Epoch 149/250
Val/loss 0.40211
Val/acc 0.88172
Checkpoint 149 saved ! best: False
Train/Epoch 150/250
Train/loss 0.12886
Train/acc 0.95677
Val/Epoch 150/250
Val/loss 0.53007
Val/acc 0.86224
Checkpoint 150 saved ! best: False
Train/Epoch 151/250
Train/loss 0.12606
Train/acc 0.95649
Val/Epoch 151/250
Val/loss 0.42816
Val/acc 0.87510
Checkpoint 151 saved ! best: False
Train/Epoch 152/250
Train/loss 0.12248
Train/acc 0.95856
Val/Epoch 152/250
Val/loss 0.38918
Val/acc 0.88677
Checkpoint 152 saved ! best: False
Train/Epoch 153/250
Train/loss 0.11993
Train/acc 0.95854
Val/Epoch 153/250
Val/loss 0.37506
Val/acc 0.89428
Checkpoint 153 saved ! best: True
Train/Epoch 154/250
Train/loss 0.11269
Train/acc 0.96220
Val/Epoch 154/250
Val/loss 0.37967
Val/acc 0.89033
Checkpoint 154 saved ! best: False
Train/Epoch 155/250
Train/loss 0.11744
Train/acc 0.95923
Val/Epoch 155/250
Val/loss 0.39832
Val/acc 0.88914
Checkpoint 155 saved ! best: False
Train/Epoch 156/250
Train/loss 0.10901
Train/acc 0.96300
Val/Epoch 156/250
Val/loss 0.44451
Val/acc 0.87836
Checkpoint 156 saved ! best: False
Train/Epoch 157/250
Train/loss 0.11329
Train/acc 0.96154
Val/Epoch 157/250
Val/loss 0.43102
Val/acc 0.88133
Checkpoint 157 saved ! best: False
Train/Epoch 158/250
Train/loss 0.10545
Train/acc 0.96361
Val/Epoch 158/250
Val/loss 0.40760
Val/acc 0.88064
Checkpoint 158 saved ! best: False
Train/Epoch 159/250
Train/loss 0.10255
Train/acc 0.96521
Val/Epoch 159/250
Val/loss 0.42264
Val/acc 0.88271
Checkpoint 159 saved ! best: False
Train/Epoch 160/250
Train/loss 0.10064
Train/acc 0.96590
Val/Epoch 160/250
Val/loss 0.37266
Val/acc 0.89666
Checkpoint 160 saved ! best: True
Train/Epoch 161/250
Train/loss 0.09806
Train/acc 0.96658
Val/Epoch 161/250
Val/loss 0.43660
Val/acc 0.88192
Checkpoint 161 saved ! best: False
Train/Epoch 162/250
Train/loss 0.09524
Train/acc 0.96641
Val/Epoch 162/250
Val/loss 0.36778
Val/acc 0.89893
Checkpoint 162 saved ! best: True
Train/Epoch 163/250
Train/loss 0.10271
Train/acc 0.96566
Val/Epoch 163/250
Val/loss 0.38402
Val/acc 0.89171
Checkpoint 163 saved ! best: False
Train/Epoch 164/250
Train/loss 0.09467
Train/acc 0.96783
Val/Epoch 164/250
Val/loss 0.39604
Val/acc 0.89221
Checkpoint 164 saved ! best: False
Train/Epoch 165/250
Train/loss 0.09203
Train/acc 0.96897
Val/Epoch 165/250
Val/loss 0.40569
Val/acc 0.88647
Checkpoint 165 saved ! best: False
Train/Epoch 166/250
Train/loss 0.08277
Train/acc 0.97178
Val/Epoch 166/250
Val/loss 0.39754
Val/acc 0.89725
Checkpoint 166 saved ! best: False
Train/Epoch 167/250
Train/loss 0.08603
Train/acc 0.97118
Val/Epoch 167/250
Val/loss 0.40160
Val/acc 0.88993
Checkpoint 167 saved ! best: False
Train/Epoch 168/250
Train/loss 0.08426
Train/acc 0.97109
Val/Epoch 168/250
Val/loss 0.40367
Val/acc 0.89003
Checkpoint 168 saved ! best: False
Train/Epoch 169/250
Train/loss 0.07949
Train/acc 0.97361
Val/Epoch 169/250
Val/loss 0.39567
Val/acc 0.89082
Checkpoint 169 saved ! best: False
Train/Epoch 170/250
Train/loss 0.07899
Train/acc 0.97401
Val/Epoch 170/250
Val/loss 0.38231
Val/acc 0.89379
Checkpoint 170 saved ! best: False
Train/Epoch 171/250
Train/loss 0.07423
Train/acc 0.97542
Val/Epoch 171/250
Val/loss 0.40753
Val/acc 0.88944
Checkpoint 171 saved ! best: False
Train/Epoch 172/250
Train/loss 0.07844
Train/acc 0.97398
Val/Epoch 172/250
Val/loss 0.39089
Val/acc 0.89725
Checkpoint 172 saved ! best: False
Train/Epoch 173/250
Train/loss 0.07501
Train/acc 0.97501
Val/Epoch 173/250
Val/loss 0.42199
Val/acc 0.88993
Checkpoint 173 saved ! best: False
Train/Epoch 174/250
Train/loss 0.07282
Train/acc 0.97585
Val/Epoch 174/250
Val/loss 0.36300
Val/acc 0.90496
Checkpoint 174 saved ! best: True
Train/Epoch 175/250
Train/loss 0.06394
Train/acc 0.97990
Val/Epoch 175/250
Val/loss 0.41523
Val/acc 0.89389
Checkpoint 175 saved ! best: False
Train/Epoch 176/250
Train/loss 0.06425
Train/acc 0.97912
Val/Epoch 176/250
Val/loss 0.38813
Val/acc 0.89962
Checkpoint 176 saved ! best: False
Train/Epoch 177/250
Train/loss 0.05913
Train/acc 0.98083
Val/Epoch 177/250
Val/loss 0.38725
Val/acc 0.90417
Checkpoint 177 saved ! best: False
Train/Epoch 178/250
Train/loss 0.06305
Train/acc 0.97902
Val/Epoch 178/250
Val/loss 0.37225
Val/acc 0.89992
Checkpoint 178 saved ! best: False
Train/Epoch 179/250
Train/loss 0.06150
Train/acc 0.97985
Val/Epoch 179/250
Val/loss 0.36059
Val/acc 0.90249
Checkpoint 179 saved ! best: False
Train/Epoch 180/250
Train/loss 0.05355
Train/acc 0.98161
Val/Epoch 180/250
Val/loss 0.36188
Val/acc 0.90378
Checkpoint 180 saved ! best: False
Train/Epoch 181/250
Train/loss 0.05358
Train/acc 0.98232
Val/Epoch 181/250
Val/loss 0.34688
Val/acc 0.90981
Checkpoint 181 saved ! best: True
Train/Epoch 182/250
Train/loss 0.05448
Train/acc 0.98205
Val/Epoch 182/250
Val/loss 0.38919
Val/acc 0.89962
Checkpoint 182 saved ! best: False
Train/Epoch 183/250
Train/loss 0.04709
Train/acc 0.98501
Val/Epoch 183/250
Val/loss 0.38443
Val/acc 0.90210
Checkpoint 183 saved ! best: False
Train/Epoch 184/250
Train/loss 0.04879
Train/acc 0.98400
Val/Epoch 184/250
Val/loss 0.40597
Val/acc 0.89943
Checkpoint 184 saved ! best: False
Train/Epoch 185/250
Train/loss 0.04568
Train/acc 0.98522
Val/Epoch 185/250
Val/loss 0.37302
Val/acc 0.90704
Checkpoint 185 saved ! best: False
Train/Epoch 186/250
Train/loss 0.04357
Train/acc 0.98565
Val/Epoch 186/250
Val/loss 0.39276
Val/acc 0.90210
Checkpoint 186 saved ! best: False
Train/Epoch 187/250
Train/loss 0.04261
Train/acc 0.98644
Val/Epoch 187/250
Val/loss 0.38408
Val/acc 0.90516
Checkpoint 187 saved ! best: False
Train/Epoch 188/250
Train/loss 0.04543
Train/acc 0.98508
Val/Epoch 188/250
Val/loss 0.34809
Val/acc 0.91159
Checkpoint 188 saved ! best: True
Train/Epoch 189/250
Train/loss 0.03626
Train/acc 0.98817
Val/Epoch 189/250
Val/loss 0.35704
Val/acc 0.91001
Checkpoint 189 saved ! best: False
Train/Epoch 190/250
Train/loss 0.03967
Train/acc 0.98723
Val/Epoch 190/250
Val/loss 0.37751
Val/acc 0.90546
Checkpoint 190 saved ! best: False
Train/Epoch 191/250
Train/loss 0.03514
Train/acc 0.98892
Val/Epoch 191/250
Val/loss 0.37668
Val/acc 0.91030
Checkpoint 191 saved ! best: False
Train/Epoch 192/250
Train/loss 0.03477
Train/acc 0.98891
Val/Epoch 192/250
Val/loss 0.36327
Val/acc 0.91446
Checkpoint 192 saved ! best: True
Train/Epoch 193/250
Train/loss 0.03194
Train/acc 0.99009
Val/Epoch 193/250
Val/loss 0.35577
Val/acc 0.91456
Checkpoint 193 saved ! best: True
Train/Epoch 194/250
Train/loss 0.03110
Train/acc 0.99005
Val/Epoch 194/250
Val/loss 0.33521
Val/acc 0.91584
Checkpoint 194 saved ! best: True
Train/Epoch 195/250
Train/loss 0.03042
Train/acc 0.99031
Val/Epoch 195/250
Val/loss 0.36793
Val/acc 0.91258
Checkpoint 195 saved ! best: False
Train/Epoch 196/250
Train/loss 0.02690
Train/acc 0.99147
Val/Epoch 196/250
Val/loss 0.39988
Val/acc 0.90625
Checkpoint 196 saved ! best: False
Train/Epoch 197/250
Train/loss 0.02537
Train/acc 0.99238
Val/Epoch 197/250
Val/loss 0.34747
Val/acc 0.91258
Checkpoint 197 saved ! best: False
Train/Epoch 198/250
Train/loss 0.02440
Train/acc 0.99242
Val/Epoch 198/250
Val/loss 0.34606
Val/acc 0.91337
Checkpoint 198 saved ! best: False
Train/Epoch 199/250
Train/loss 0.02486
Train/acc 0.99206
Val/Epoch 199/250
Val/loss 0.35430
Val/acc 0.91416
Checkpoint 199 saved ! best: False
Train/Epoch 200/250
Train/loss 0.02640
Train/acc 0.99192
Val/Epoch 200/250
Val/loss 0.35593
Val/acc 0.91861
Checkpoint 200 saved ! best: True
Train/Epoch 201/250
Train/loss 0.02280
Train/acc 0.99337
Val/Epoch 201/250
Val/loss 0.34481
Val/acc 0.91733
Checkpoint 201 saved ! best: False
Train/Epoch 202/250
Train/loss 0.01907
Train/acc 0.99463
Val/Epoch 202/250
Val/loss 0.35274
Val/acc 0.91802
Checkpoint 202 saved ! best: False
Train/Epoch 203/250
Train/loss 0.01723
Train/acc 0.99492
Val/Epoch 203/250
Val/loss 0.35797
Val/acc 0.91851
Checkpoint 203 saved ! best: False
Train/Epoch 204/250
Train/loss 0.01530
Train/acc 0.99568
Val/Epoch 204/250
Val/loss 0.36474
Val/acc 0.91515
Checkpoint 204 saved ! best: False
Train/Epoch 205/250
Train/loss 0.01548
Train/acc 0.99578
Val/Epoch 205/250
Val/loss 0.34308
Val/acc 0.92138
Checkpoint 205 saved ! best: True
Train/Epoch 206/250
Train/loss 0.01548
Train/acc 0.99550
Val/Epoch 206/250
Val/loss 0.34161
Val/acc 0.92039
Checkpoint 206 saved ! best: False
Train/Epoch 207/250
Train/loss 0.01486
Train/acc 0.99598
Val/Epoch 207/250
Val/loss 0.35345
Val/acc 0.91950
Checkpoint 207 saved ! best: False
Train/Epoch 208/250
Train/loss 0.01359
Train/acc 0.99608
Val/Epoch 208/250
Val/loss 0.37247
Val/acc 0.91634
Checkpoint 208 saved ! best: False
Train/Epoch 209/250
Train/loss 0.01151
Train/acc 0.99702
Val/Epoch 209/250
Val/loss 0.35086
Val/acc 0.91792
Checkpoint 209 saved ! best: False
Train/Epoch 210/250
Train/loss 0.01255
Train/acc 0.99633
Val/Epoch 210/250
Val/loss 0.35602
Val/acc 0.91802
Checkpoint 210 saved ! best: False
Train/Epoch 211/250
Train/loss 0.01012
Train/acc 0.99754
Val/Epoch 211/250
Val/loss 0.34153
Val/acc 0.92118
Checkpoint 211 saved ! best: False
Train/Epoch 212/250
Train/loss 0.00744
Train/acc 0.99836
Val/Epoch 212/250
Val/loss 0.34435
Val/acc 0.92247
Checkpoint 212 saved ! best: True
Train/Epoch 213/250
Train/loss 0.00816
Train/acc 0.99790
Val/Epoch 213/250
Val/loss 0.35866
Val/acc 0.92069
Checkpoint 213 saved ! best: False
Train/Epoch 214/250
Train/loss 0.00837
Train/acc 0.99788
Val/Epoch 214/250
Val/loss 0.36626
Val/acc 0.91911
Checkpoint 214 saved ! best: False
Train/Epoch 215/250
Train/loss 0.00764
Train/acc 0.99832
Val/Epoch 215/250
Val/loss 0.35696
Val/acc 0.91762
Checkpoint 215 saved ! best: False
Train/Epoch 216/250
Train/loss 0.00790
Train/acc 0.99810
Val/Epoch 216/250
Val/loss 0.34862
Val/acc 0.92445
Checkpoint 216 saved ! best: True
Train/Epoch 217/250
Train/loss 0.00559
Train/acc 0.99890
Val/Epoch 217/250
Val/loss 0.37074
Val/acc 0.91653
Checkpoint 217 saved ! best: False
Train/Epoch 218/250
Train/loss 0.00621
Train/acc 0.99872
Val/Epoch 218/250
Val/loss 0.34300
Val/acc 0.92336
Checkpoint 218 saved ! best: False
Train/Epoch 219/250
Train/loss 0.00635
Train/acc 0.99838
Val/Epoch 219/250
Val/loss 0.36139
Val/acc 0.91841
Checkpoint 219 saved ! best: False
Train/Epoch 220/250
Train/loss 0.00574
Train/acc 0.99884
Val/Epoch 220/250
Val/loss 0.34337
Val/acc 0.92385
Checkpoint 220 saved ! best: False
Train/Epoch 221/250
Train/loss 0.00495
Train/acc 0.99902
Val/Epoch 221/250
Val/loss 0.34834
Val/acc 0.92277
Checkpoint 221 saved ! best: False
Train/Epoch 222/250
Train/loss 0.00412
Train/acc 0.99936
Val/Epoch 222/250
Val/loss 0.33877
Val/acc 0.92395
Checkpoint 222 saved ! best: False
Train/Epoch 223/250
Train/loss 0.00424
Train/acc 0.99925
Val/Epoch 223/250
Val/loss 0.35306
Val/acc 0.92108
Checkpoint 223 saved ! best: False
Train/Epoch 224/250
Train/loss 0.00387
Train/acc 0.99950
Val/Epoch 224/250
Val/loss 0.34697
Val/acc 0.92455
Checkpoint 224 saved ! best: True
Train/Epoch 225/250
Train/loss 0.00367
Train/acc 0.99940
Val/Epoch 225/250
Val/loss 0.34853
Val/acc 0.92405
Checkpoint 225 saved ! best: False
Train/Epoch 226/250
Train/loss 0.00375
Train/acc 0.99936
Val/Epoch 226/250
Val/loss 0.34241
Val/acc 0.92514
Checkpoint 226 saved ! best: True
Train/Epoch 227/250
Train/loss 0.00340
Train/acc 0.99944
Val/Epoch 227/250
Val/loss 0.34004
Val/acc 0.92415
Checkpoint 227 saved ! best: False
Train/Epoch 228/250
Train/loss 0.00294
Train/acc 0.99966
Val/Epoch 228/250
Val/loss 0.34142
Val/acc 0.92544
Checkpoint 228 saved ! best: True
Train/Epoch 229/250
Train/loss 0.00271
Train/acc 0.99974
Val/Epoch 229/250
Val/loss 0.34492
Val/acc 0.92445
Checkpoint 229 saved ! best: False
Train/Epoch 230/250
Train/loss 0.00316
Train/acc 0.99954
Val/Epoch 230/250
Val/loss 0.33909
Val/acc 0.92692
Checkpoint 230 saved ! best: True
Train/Epoch 231/250
Train/loss 0.00260
Train/acc 0.99976
Val/Epoch 231/250
Val/loss 0.34065
Val/acc 0.92583
Checkpoint 231 saved ! best: False
Train/Epoch 232/250
Train/loss 0.00300
Train/acc 0.99966
Val/Epoch 232/250
Val/loss 0.34585
Val/acc 0.92385
Checkpoint 232 saved ! best: False
Train/Epoch 233/250
Train/loss 0.00278
Train/acc 0.99970
Val/Epoch 233/250
Val/loss 0.34129
Val/acc 0.92662
Checkpoint 233 saved ! best: False
Train/Epoch 234/250
Train/loss 0.00254
Train/acc 0.99984
Val/Epoch 234/250
Val/loss 0.33821
Val/acc 0.92395
Checkpoint 234 saved ! best: False
Train/Epoch 235/250
Train/loss 0.00272
Train/acc 0.99968
Val/Epoch 235/250
Val/loss 0.34237
Val/acc 0.92504
Checkpoint 235 saved ! best: False
Train/Epoch 236/250
Train/loss 0.00269
Train/acc 0.99974
Val/Epoch 236/250
Val/loss 0.33738
Val/acc 0.92553
Checkpoint 236 saved ! best: False
Train/Epoch 237/250
Train/loss 0.00248
Train/acc 0.99980
Val/Epoch 237/250
Val/loss 0.33964
Val/acc 0.92494
Checkpoint 237 saved ! best: False
Train/Epoch 238/250
Train/loss 0.00235
Train/acc 0.99980
Val/Epoch 238/250
Val/loss 0.34145
Val/acc 0.92583
Checkpoint 238 saved ! best: False
Train/Epoch 239/250
Train/loss 0.00243
Train/acc 0.99974
Val/Epoch 239/250
Val/loss 0.33941
Val/acc 0.92524
Checkpoint 239 saved ! best: False
Train/Epoch 240/250
Train/loss 0.00227
Train/acc 0.99984
Val/Epoch 240/250
Val/loss 0.33990
Val/acc 0.92603
Checkpoint 240 saved ! best: False
Train/Epoch 241/250
Train/loss 0.00215
Train/acc 0.99986
Val/Epoch 241/250
Val/loss 0.33996
Val/acc 0.92613
Checkpoint 241 saved ! best: False
Train/Epoch 242/250
Train/loss 0.00256
Train/acc 0.99971
Val/Epoch 242/250
Val/loss 0.33986
Val/acc 0.92544
Checkpoint 242 saved ! best: False
Train/Epoch 243/250
Train/loss 0.00233
Train/acc 0.99982
Val/Epoch 243/250
Val/loss 0.33985
Val/acc 0.92534
Checkpoint 243 saved ! best: False
Train/Epoch 244/250
Train/loss 0.00251
Train/acc 0.99978
Val/Epoch 244/250
Val/loss 0.34311
Val/acc 0.92544
Checkpoint 244 saved ! best: False
Train/Epoch 245/250
Train/loss 0.00229
Train/acc 0.99982
Val/Epoch 245/250
Val/loss 0.34068
Val/acc 0.92553
Checkpoint 245 saved ! best: False
Train/Epoch 246/250
Train/loss 0.00237
Train/acc 0.99984
Val/Epoch 246/250
Val/loss 0.34109
Val/acc 0.92514
Checkpoint 246 saved ! best: False
Train/Epoch 247/250
Train/loss 0.00225
Train/acc 0.99984
Val/Epoch 247/250
Val/loss 0.34037
Val/acc 0.92563
Checkpoint 247 saved ! best: False
Train/Epoch 248/250
Train/loss 0.00236
Train/acc 0.99982
Val/Epoch 248/250
Val/loss 0.34058
Val/acc 0.92494
Checkpoint 248 saved ! best: False
Train/Epoch 249/250
Train/loss 0.00242
Train/acc 0.99976
Val/Epoch 249/250
Val/loss 0.33810
Val/acc 0.92563
Checkpoint 249 saved ! best: False
