=> creating model 'densenet121',num of classes '10'
using optimizer SGD
using learning rate scheduler CosineAnnealingLR
Train/Epoch 0/250
Train/loss 1.73445
Train/acc 0.35976
Val/Epoch 0/250
Val/loss 1.46567
Val/acc 0.46915
Checkpoint 0 saved ! best: True
Train/Epoch 1/250
Train/loss 1.29318
Train/acc 0.53014
Val/Epoch 1/250
Val/loss 1.11010
Val/acc 0.60255
Checkpoint 1 saved ! best: True
Train/Epoch 2/250
Train/loss 1.02476
Train/acc 0.63389
Val/Epoch 2/250
Val/loss 0.95648
Val/acc 0.66723
Checkpoint 2 saved ! best: True
Train/Epoch 3/250
Train/loss 0.88232
Train/acc 0.68664
Val/Epoch 3/250
Val/loss 0.86863
Val/acc 0.69927
Checkpoint 3 saved ! best: True
Train/Epoch 4/250
Train/loss 0.78657
Train/acc 0.72152
Val/Epoch 4/250
Val/loss 0.86126
Val/acc 0.70214
Checkpoint 4 saved ! best: True
Train/Epoch 5/250
Train/loss 0.70170
Train/acc 0.75326
Val/Epoch 5/250
Val/loss 0.85522
Val/acc 0.71203
Checkpoint 5 saved ! best: True
Train/Epoch 6/250
Train/loss 0.63798
Train/acc 0.77679
Val/Epoch 6/250
Val/loss 0.74313
Val/acc 0.75099
Checkpoint 6 saved ! best: True
Train/Epoch 7/250
Train/loss 0.59974
Train/acc 0.79277
Val/Epoch 7/250
Val/loss 0.68083
Val/acc 0.77413
Checkpoint 7 saved ! best: True
Train/Epoch 8/250
Train/loss 0.57538
Train/acc 0.80251
Val/Epoch 8/250
Val/loss 0.52189
Val/acc 0.82209
Checkpoint 8 saved ! best: True
Train/Epoch 9/250
Train/loss 0.55238
Train/acc 0.80914
Val/Epoch 9/250
Val/loss 0.58371
Val/acc 0.80261
Checkpoint 9 saved ! best: False
Train/Epoch 10/250
Train/loss 0.53541
Train/acc 0.81305
Val/Epoch 10/250
Val/loss 0.63053
Val/acc 0.79500
Checkpoint 10 saved ! best: False
Train/Epoch 11/250
Train/loss 0.52285
Train/acc 0.82094
Val/Epoch 11/250
Val/loss 1.22246
Val/acc 0.64804
Checkpoint 11 saved ! best: False
Train/Epoch 12/250
Train/loss 0.52068
Train/acc 0.81945
Val/Epoch 12/250
Val/loss 0.73656
Val/acc 0.75623
Checkpoint 12 saved ! best: False
Train/Epoch 13/250
Train/loss 0.50303
Train/acc 0.82641
Val/Epoch 13/250
Val/loss 0.59087
Val/acc 0.80053
Checkpoint 13 saved ! best: False
Train/Epoch 14/250
Train/loss 0.49869
Train/acc 0.82862
Val/Epoch 14/250
Val/loss 0.78101
Val/acc 0.74970
Checkpoint 14 saved ! best: False
Train/Epoch 15/250
Train/loss 0.49532
Train/acc 0.82898
Val/Epoch 15/250
Val/loss 0.45520
Val/acc 0.84721
Checkpoint 15 saved ! best: True
Train/Epoch 16/250
Train/loss 0.48788
Train/acc 0.83031
Val/Epoch 16/250
Val/loss 0.52184
Val/acc 0.82367
Checkpoint 16 saved ! best: False
Train/Epoch 17/250
Train/loss 0.48018
Train/acc 0.83394
Val/Epoch 17/250
Val/loss 0.63729
Val/acc 0.79163
Checkpoint 17 saved ! best: False
Train/Epoch 18/250
Train/loss 0.47384
Train/acc 0.83634
Val/Epoch 18/250
Val/loss 0.86990
Val/acc 0.71529
Checkpoint 18 saved ! best: False
Train/Epoch 19/250
Train/loss 0.46149
Train/acc 0.83978
Val/Epoch 19/250
Val/loss 0.74052
Val/acc 0.78293
Checkpoint 19 saved ! best: False
Train/Epoch 20/250
Train/loss 0.46081
Train/acc 0.84076
Val/Epoch 20/250
Val/loss 0.45410
Val/acc 0.84563
Checkpoint 20 saved ! best: False
Train/Epoch 21/250
Train/loss 0.46054
Train/acc 0.84022
Val/Epoch 21/250
Val/loss 0.67987
Val/acc 0.77453
Checkpoint 21 saved ! best: False
Train/Epoch 22/250
Train/loss 0.44658
Train/acc 0.84578
Val/Epoch 22/250
Val/loss 0.57643
Val/acc 0.81586
Checkpoint 22 saved ! best: False
Train/Epoch 23/250
Train/loss 0.45193
Train/acc 0.84409
Val/Epoch 23/250
Val/loss 0.52474
Val/acc 0.82812
Checkpoint 23 saved ! best: False
Train/Epoch 24/250
Train/loss 0.43732
Train/acc 0.85010
Val/Epoch 24/250
Val/loss 0.85856
Val/acc 0.75574
Checkpoint 24 saved ! best: False
Train/Epoch 25/250
Train/loss 0.43993
Train/acc 0.84787
Val/Epoch 25/250
Val/loss 0.60462
Val/acc 0.81240
Checkpoint 25 saved ! best: False
Train/Epoch 26/250
Train/loss 0.43597
Train/acc 0.84867
Val/Epoch 26/250
Val/loss 0.47871
Val/acc 0.83732
Checkpoint 26 saved ! best: False
Train/Epoch 27/250
Train/loss 0.42717
Train/acc 0.85195
Val/Epoch 27/250
Val/loss 0.61990
Val/acc 0.79302
Checkpoint 27 saved ! best: False
Train/Epoch 28/250
Train/loss 0.43228
Train/acc 0.85120
Val/Epoch 28/250
Val/loss 0.42850
Val/acc 0.85601
Checkpoint 28 saved ! best: True
Train/Epoch 29/250
Train/loss 0.42643
Train/acc 0.85263
Val/Epoch 29/250
Val/loss 0.47328
Val/acc 0.83811
Checkpoint 29 saved ! best: False
Train/Epoch 30/250
Train/loss 0.42645
Train/acc 0.84956
Val/Epoch 30/250
Val/loss 0.54584
Val/acc 0.82249
Checkpoint 30 saved ! best: False
Train/Epoch 31/250
Train/loss 0.42261
Train/acc 0.85372
Val/Epoch 31/250
Val/loss 0.46819
Val/acc 0.84335
Checkpoint 31 saved ! best: False
Train/Epoch 32/250
Train/loss 0.42307
Train/acc 0.85333
Val/Epoch 32/250
Val/loss 0.51815
Val/acc 0.83327
Checkpoint 32 saved ! best: False
Train/Epoch 33/250
Train/loss 0.41208
Train/acc 0.85622
Val/Epoch 33/250
Val/loss 0.65685
Val/acc 0.79252
Checkpoint 33 saved ! best: False
Train/Epoch 34/250
Train/loss 0.41253
Train/acc 0.85614
Val/Epoch 34/250
Val/loss 0.47751
Val/acc 0.84662
Checkpoint 34 saved ! best: False
Train/Epoch 35/250
Train/loss 0.41643
Train/acc 0.85618
Val/Epoch 35/250
Val/loss 0.39565
Val/acc 0.86620
Checkpoint 35 saved ! best: True
Train/Epoch 36/250
Train/loss 0.40601
Train/acc 0.85917
Val/Epoch 36/250
Val/loss 0.56046
Val/acc 0.82189
Checkpoint 36 saved ! best: False
Train/Epoch 37/250
Train/loss 0.40620
Train/acc 0.85897
Val/Epoch 37/250
Val/loss 0.57207
Val/acc 0.80459
Checkpoint 37 saved ! best: False
Train/Epoch 38/250
Train/loss 0.40803
Train/acc 0.85976
Val/Epoch 38/250
Val/loss 0.47975
Val/acc 0.84187
Checkpoint 38 saved ! best: False
Train/Epoch 39/250
Train/loss 0.40098
Train/acc 0.86105
Val/Epoch 39/250
Val/loss 0.58332
Val/acc 0.80627
Checkpoint 39 saved ! best: False
Train/Epoch 40/250
Train/loss 0.40457
Train/acc 0.86027
Val/Epoch 40/250
Val/loss 0.63221
Val/acc 0.81290
Checkpoint 40 saved ! best: False
Train/Epoch 41/250
Train/loss 0.40473
Train/acc 0.86009
Val/Epoch 41/250
Val/loss 0.53091
Val/acc 0.82674
Checkpoint 41 saved ! best: False
Train/Epoch 42/250
Train/loss 0.40080
Train/acc 0.86225
Val/Epoch 42/250
Val/loss 0.49109
Val/acc 0.83762
Checkpoint 42 saved ! best: False
Train/Epoch 43/250
Train/loss 0.39737
Train/acc 0.86143
Val/Epoch 43/250
Val/loss 0.63807
Val/acc 0.80370
Checkpoint 43 saved ! best: False
Train/Epoch 44/250
Train/loss 0.38921
Train/acc 0.86509
Val/Epoch 44/250
Val/loss 0.43551
Val/acc 0.85473
Checkpoint 44 saved ! best: False
Train/Epoch 45/250
Train/loss 0.39618
Train/acc 0.86435
Val/Epoch 45/250
Val/loss 0.45488
Val/acc 0.84731
Checkpoint 45 saved ! best: False
Train/Epoch 46/250
Train/loss 0.39153
Train/acc 0.86442
Val/Epoch 46/250
Val/loss 0.83914
Val/acc 0.74219
Checkpoint 46 saved ! best: False
Train/Epoch 47/250
Train/loss 0.39619
Train/acc 0.86314
Val/Epoch 47/250
Val/loss 0.55531
Val/acc 0.81922
Checkpoint 47 saved ! best: False
Train/Epoch 48/250
Train/loss 0.38606
Train/acc 0.86723
Val/Epoch 48/250
Val/loss 0.41383
Val/acc 0.85750
Checkpoint 48 saved ! best: False
Train/Epoch 49/250
Train/loss 0.38383
Train/acc 0.86823
Val/Epoch 49/250
Val/loss 0.55621
Val/acc 0.81903
Checkpoint 49 saved ! best: False
Train/Epoch 50/250
Train/loss 0.38909
Train/acc 0.86646
Val/Epoch 50/250
Val/loss 0.43987
Val/acc 0.85077
Checkpoint 50 saved ! best: False
Train/Epoch 51/250
Train/loss 0.38257
Train/acc 0.86721
Val/Epoch 51/250
Val/loss 0.61219
Val/acc 0.79707
Checkpoint 51 saved ! best: False
Train/Epoch 52/250
Train/loss 0.38018
Train/acc 0.86785
Val/Epoch 52/250
Val/loss 0.38882
Val/acc 0.86590
Checkpoint 52 saved ! best: False
Train/Epoch 53/250
Train/loss 0.38724
Train/acc 0.86525
Val/Epoch 53/250
Val/loss 0.47307
Val/acc 0.84543
Checkpoint 53 saved ! best: False
Train/Epoch 54/250
Train/loss 0.37849
Train/acc 0.86965
Val/Epoch 54/250
Val/loss 0.50305
Val/acc 0.84108
Checkpoint 54 saved ! best: False
Train/Epoch 55/250
Train/loss 0.37560
Train/acc 0.87002
Val/Epoch 55/250
Val/loss 0.63534
Val/acc 0.81171
Checkpoint 55 saved ! best: False
Train/Epoch 56/250
Train/loss 0.37383
Train/acc 0.87030
Val/Epoch 56/250
Val/loss 0.47140
Val/acc 0.84751
Checkpoint 56 saved ! best: False
Train/Epoch 57/250
Train/loss 0.37907
Train/acc 0.86769
Val/Epoch 57/250
Val/loss 0.41499
Val/acc 0.86472
Checkpoint 57 saved ! best: False
Train/Epoch 58/250
Train/loss 0.37791
Train/acc 0.87105
Val/Epoch 58/250
Val/loss 0.41117
Val/acc 0.85977
Checkpoint 58 saved ! best: False
Train/Epoch 59/250
Train/loss 0.36980
Train/acc 0.87203
Val/Epoch 59/250
Val/loss 0.42694
Val/acc 0.85403
Checkpoint 59 saved ! best: False
Train/Epoch 60/250
Train/loss 0.37578
Train/acc 0.86915
Val/Epoch 60/250
Val/loss 0.41351
Val/acc 0.85987
Checkpoint 60 saved ! best: False
Train/Epoch 61/250
Train/loss 0.36661
Train/acc 0.87260
Val/Epoch 61/250
Val/loss 0.42136
Val/acc 0.85601
Checkpoint 61 saved ! best: False
Train/Epoch 62/250
Train/loss 0.36487
Train/acc 0.87393
Val/Epoch 62/250
Val/loss 0.42008
Val/acc 0.86205
Checkpoint 62 saved ! best: False
Train/Epoch 63/250
Train/loss 0.36700
Train/acc 0.87368
Val/Epoch 63/250
Val/loss 0.54530
Val/acc 0.82565
Checkpoint 63 saved ! best: False
Train/Epoch 64/250
Train/loss 0.36690
Train/acc 0.87241
Val/Epoch 64/250
Val/loss 0.43377
Val/acc 0.85532
Checkpoint 64 saved ! best: False
Train/Epoch 65/250
Train/loss 0.36268
Train/acc 0.87395
Val/Epoch 65/250
Val/loss 0.61921
Val/acc 0.81290
Checkpoint 65 saved ! best: False
Train/Epoch 66/250
Train/loss 0.36310
Train/acc 0.87551
Val/Epoch 66/250
Val/loss 0.54003
Val/acc 0.82832
Checkpoint 66 saved ! best: False
Train/Epoch 67/250
Train/loss 0.36110
Train/acc 0.87384
Val/Epoch 67/250
Val/loss 0.43541
Val/acc 0.85423
Checkpoint 67 saved ! best: False
Train/Epoch 68/250
Train/loss 0.35373
Train/acc 0.87659
Val/Epoch 68/250
Val/loss 0.51701
Val/acc 0.82872
Checkpoint 68 saved ! best: False
Train/Epoch 69/250
Train/loss 0.35902
Train/acc 0.87479
Val/Epoch 69/250
Val/loss 0.40923
Val/acc 0.86491
Checkpoint 69 saved ! best: False
Train/Epoch 70/250
Train/loss 0.35317
Train/acc 0.87756
Val/Epoch 70/250
Val/loss 0.50423
Val/acc 0.83594
Checkpoint 70 saved ! best: False
Train/Epoch 71/250
Train/loss 0.35988
Train/acc 0.87633
Val/Epoch 71/250
Val/loss 0.44190
Val/acc 0.85097
Checkpoint 71 saved ! best: False
Train/Epoch 72/250
Train/loss 0.35294
Train/acc 0.87803
Val/Epoch 72/250
Val/loss 0.51873
Val/acc 0.83010
Checkpoint 72 saved ! best: False
Train/Epoch 73/250
Train/loss 0.34550
Train/acc 0.88079
Val/Epoch 73/250
Val/loss 0.37271
Val/acc 0.87460
Checkpoint 73 saved ! best: True
Train/Epoch 74/250
Train/loss 0.35682
Train/acc 0.87652
Val/Epoch 74/250
Val/loss 0.35978
Val/acc 0.87737
Checkpoint 74 saved ! best: True
Train/Epoch 75/250
Train/loss 0.34376
Train/acc 0.88166
Val/Epoch 75/250
Val/loss 0.35328
Val/acc 0.88172
Checkpoint 75 saved ! best: True
Train/Epoch 76/250
Train/loss 0.34402
Train/acc 0.88124
Val/Epoch 76/250
Val/loss 0.44529
Val/acc 0.85117
Checkpoint 76 saved ! best: False
Train/Epoch 77/250
Train/loss 0.34581
Train/acc 0.88023
Val/Epoch 77/250
Val/loss 0.58025
Val/acc 0.82100
Checkpoint 77 saved ! best: False
Train/Epoch 78/250
Train/loss 0.34340
Train/acc 0.88220
Val/Epoch 78/250
Val/loss 0.43653
Val/acc 0.86046
Checkpoint 78 saved ! best: False
Train/Epoch 79/250
Train/loss 0.33789
Train/acc 0.88306
Val/Epoch 79/250
Val/loss 0.52298
Val/acc 0.82812
Checkpoint 79 saved ! best: False
Train/Epoch 80/250
Train/loss 0.34232
Train/acc 0.88284
Val/Epoch 80/250
Val/loss 0.41434
Val/acc 0.86096
Checkpoint 80 saved ! best: False
Train/Epoch 81/250
Train/loss 0.34544
Train/acc 0.88100
Val/Epoch 81/250
Val/loss 0.45018
Val/acc 0.84523
Checkpoint 81 saved ! best: False
Train/Epoch 82/250
Train/loss 0.34395
Train/acc 0.87910
Val/Epoch 82/250
Val/loss 0.38811
Val/acc 0.87045
Checkpoint 82 saved ! best: False
Train/Epoch 83/250
Train/loss 0.33304
Train/acc 0.88400
Val/Epoch 83/250
Val/loss 0.48228
Val/acc 0.84682
Checkpoint 83 saved ! best: False
Train/Epoch 84/250
Train/loss 0.33269
Train/acc 0.88459
Val/Epoch 84/250
Val/loss 0.57133
Val/acc 0.81962
Checkpoint 84 saved ! best: False
Train/Epoch 85/250
Train/loss 0.34099
Train/acc 0.88341
Val/Epoch 85/250
Val/loss 0.42288
Val/acc 0.86392
Checkpoint 85 saved ! best: False
Train/Epoch 86/250
Train/loss 0.33160
Train/acc 0.88558
Val/Epoch 86/250
Val/loss 0.49198
Val/acc 0.84306
Checkpoint 86 saved ! best: False
Train/Epoch 87/250
Train/loss 0.32837
Train/acc 0.88682
Val/Epoch 87/250
Val/loss 0.33950
Val/acc 0.88558
Checkpoint 87 saved ! best: True
Train/Epoch 88/250
Train/loss 0.33424
Train/acc 0.88394
Val/Epoch 88/250
Val/loss 0.42120
Val/acc 0.86521
Checkpoint 88 saved ! best: False
Train/Epoch 89/250
Train/loss 0.33038
Train/acc 0.88549
Val/Epoch 89/250
Val/loss 0.39822
Val/acc 0.87480
Checkpoint 89 saved ! best: False
Train/Epoch 90/250
Train/loss 0.32707
Train/acc 0.88528
Val/Epoch 90/250
Val/loss 0.35615
Val/acc 0.87846
Checkpoint 90 saved ! best: False
Train/Epoch 91/250
Train/loss 0.32901
Train/acc 0.88652
Val/Epoch 91/250
Val/loss 0.34842
Val/acc 0.88430
Checkpoint 91 saved ! best: False
Train/Epoch 92/250
Train/loss 0.31937
Train/acc 0.89138
Val/Epoch 92/250
Val/loss 0.49711
Val/acc 0.83979
Checkpoint 92 saved ! best: False
Train/Epoch 93/250
Train/loss 0.32035
Train/acc 0.88869
Val/Epoch 93/250
Val/loss 0.35940
Val/acc 0.87915
Checkpoint 93 saved ! best: False
Train/Epoch 94/250
Train/loss 0.32347
Train/acc 0.88792
Val/Epoch 94/250
Val/loss 0.35542
Val/acc 0.87935
Checkpoint 94 saved ! best: False
Train/Epoch 95/250
Train/loss 0.31759
Train/acc 0.89094
Val/Epoch 95/250
Val/loss 0.30120
Val/acc 0.89409
Checkpoint 95 saved ! best: True
Train/Epoch 96/250
Train/loss 0.31667
Train/acc 0.88847
Val/Epoch 96/250
Val/loss 0.32159
Val/acc 0.89142
Checkpoint 96 saved ! best: False
Train/Epoch 97/250
Train/loss 0.31239
Train/acc 0.89205
Val/Epoch 97/250
Val/loss 0.49334
Val/acc 0.84355
Checkpoint 97 saved ! best: False
Train/Epoch 98/250
Train/loss 0.31895
Train/acc 0.88914
Val/Epoch 98/250
Val/loss 0.40841
Val/acc 0.86501
Checkpoint 98 saved ! best: False
Train/Epoch 99/250
Train/loss 0.31247
Train/acc 0.89184
Val/Epoch 99/250
Val/loss 0.48749
Val/acc 0.84316
Checkpoint 99 saved ! best: False
Train/Epoch 100/250
Train/loss 0.31382
Train/acc 0.89122
Val/Epoch 100/250
Val/loss 0.44478
Val/acc 0.86313
Checkpoint 100 saved ! best: False
Train/Epoch 101/250
Train/loss 0.30521
Train/acc 0.89564
Val/Epoch 101/250
Val/loss 0.46663
Val/acc 0.85156
Checkpoint 101 saved ! best: False
Train/Epoch 102/250
Train/loss 0.30517
Train/acc 0.89297
Val/Epoch 102/250
Val/loss 0.38801
Val/acc 0.87104
Checkpoint 102 saved ! best: False
Train/Epoch 103/250
Train/loss 0.30138
Train/acc 0.89478
Val/Epoch 103/250
Val/loss 0.33830
Val/acc 0.88786
Checkpoint 103 saved ! best: False
Train/Epoch 104/250
Train/loss 0.30015
Train/acc 0.89481
Val/Epoch 104/250
Val/loss 0.38436
Val/acc 0.87035
Checkpoint 104 saved ! best: False
Train/Epoch 105/250
Train/loss 0.30043
Train/acc 0.89562
Val/Epoch 105/250
Val/loss 0.33284
Val/acc 0.88904
Checkpoint 105 saved ! best: False
Train/Epoch 106/250
Train/loss 0.29134
Train/acc 0.89948
Val/Epoch 106/250
Val/loss 0.38614
Val/acc 0.86689
Checkpoint 106 saved ! best: False
Train/Epoch 107/250
Train/loss 0.29927
Train/acc 0.89383
Val/Epoch 107/250
Val/loss 0.34135
Val/acc 0.88420
Checkpoint 107 saved ! best: False
Train/Epoch 108/250
Train/loss 0.29670
Train/acc 0.89628
Val/Epoch 108/250
Val/loss 0.33978
Val/acc 0.88578
Checkpoint 108 saved ! best: False
Train/Epoch 109/250
Train/loss 0.29458
Train/acc 0.89925
Val/Epoch 109/250
Val/loss 0.40202
Val/acc 0.86798
Checkpoint 109 saved ! best: False
Train/Epoch 110/250
Train/loss 0.29662
Train/acc 0.89664
Val/Epoch 110/250
Val/loss 0.35935
Val/acc 0.88370
Checkpoint 110 saved ! best: False
Train/Epoch 111/250
Train/loss 0.29525
Train/acc 0.89691
Val/Epoch 111/250
Val/loss 0.34805
Val/acc 0.88163
Checkpoint 111 saved ! best: False
Train/Epoch 112/250
Train/loss 0.28622
Train/acc 0.90026
Val/Epoch 112/250
Val/loss 0.31143
Val/acc 0.89735
Checkpoint 112 saved ! best: True
Train/Epoch 113/250
Train/loss 0.28890
Train/acc 0.89974
Val/Epoch 113/250
Val/loss 0.48118
Val/acc 0.84682
Checkpoint 113 saved ! best: False
Train/Epoch 114/250
Train/loss 0.28367
Train/acc 0.90031
Val/Epoch 114/250
Val/loss 0.29341
Val/acc 0.90398
Checkpoint 114 saved ! best: True
Train/Epoch 115/250
Train/loss 0.28164
Train/acc 0.90211
Val/Epoch 115/250
Val/loss 0.32525
Val/acc 0.89250
Checkpoint 115 saved ! best: False
Train/Epoch 116/250
Train/loss 0.27648
Train/acc 0.90417
Val/Epoch 116/250
Val/loss 0.32225
Val/acc 0.89122
Checkpoint 116 saved ! best: False
Train/Epoch 117/250
Train/loss 0.28043
Train/acc 0.90379
Val/Epoch 117/250
Val/loss 0.28861
Val/acc 0.90487
Checkpoint 117 saved ! best: True
Train/Epoch 118/250
Train/loss 0.27237
Train/acc 0.90623
Val/Epoch 118/250
Val/loss 0.30030
Val/acc 0.90170
Checkpoint 118 saved ! best: False
Train/Epoch 119/250
Train/loss 0.27756
Train/acc 0.90253
Val/Epoch 119/250
Val/loss 0.31777
Val/acc 0.89656
Checkpoint 119 saved ! best: False
Train/Epoch 120/250
Train/loss 0.26936
Train/acc 0.90666
Val/Epoch 120/250
Val/loss 0.45871
Val/acc 0.85275
Checkpoint 120 saved ! best: False
Train/Epoch 121/250
Train/loss 0.27891
Train/acc 0.90306
Val/Epoch 121/250
Val/loss 0.34254
Val/acc 0.88805
Checkpoint 121 saved ! best: False
Train/Epoch 122/250
Train/loss 0.26821
Train/acc 0.90727
Val/Epoch 122/250
Val/loss 0.29051
Val/acc 0.90259
Checkpoint 122 saved ! best: False
Train/Epoch 123/250
Train/loss 0.27534
Train/acc 0.90424
Val/Epoch 123/250
Val/loss 0.40952
Val/acc 0.86926
Checkpoint 123 saved ! best: False
Train/Epoch 124/250
Train/loss 0.26353
Train/acc 0.90785
Val/Epoch 124/250
Val/loss 0.32371
Val/acc 0.89369
Checkpoint 124 saved ! best: False
Train/Epoch 125/250
Train/loss 0.26356
Train/acc 0.90810
Val/Epoch 125/250
Val/loss 0.32647
Val/acc 0.88924
Checkpoint 125 saved ! best: False
Train/Epoch 126/250
Train/loss 0.26161
Train/acc 0.90783
Val/Epoch 126/250
Val/loss 0.32824
Val/acc 0.89201
Checkpoint 126 saved ! best: False
Train/Epoch 127/250
Train/loss 0.26023
Train/acc 0.90975
Val/Epoch 127/250
Val/loss 0.30806
Val/acc 0.89646
Checkpoint 127 saved ! best: False
Train/Epoch 128/250
Train/loss 0.25585
Train/acc 0.91026
Val/Epoch 128/250
Val/loss 0.38524
Val/acc 0.87569
Checkpoint 128 saved ! best: False
Train/Epoch 129/250
Train/loss 0.25531
Train/acc 0.91220
Val/Epoch 129/250
Val/loss 0.32019
Val/acc 0.89498
Checkpoint 129 saved ! best: False
Train/Epoch 130/250
Train/loss 0.25345
Train/acc 0.91091
Val/Epoch 130/250
Val/loss 0.28974
Val/acc 0.90289
Checkpoint 130 saved ! best: False
Train/Epoch 131/250
Train/loss 0.24965
Train/acc 0.91362
Val/Epoch 131/250
Val/loss 0.26890
Val/acc 0.90793
Checkpoint 131 saved ! best: True
Train/Epoch 132/250
Train/loss 0.25434
Train/acc 0.91086
Val/Epoch 132/250
Val/loss 0.28524
Val/acc 0.90803
Checkpoint 132 saved ! best: True
Train/Epoch 133/250
Train/loss 0.24770
Train/acc 0.91316
Val/Epoch 133/250
Val/loss 0.39571
Val/acc 0.87451
Checkpoint 133 saved ! best: False
Train/Epoch 134/250
Train/loss 0.24395
Train/acc 0.91561
Val/Epoch 134/250
Val/loss 0.31803
Val/acc 0.89666
Checkpoint 134 saved ! best: False
Train/Epoch 135/250
Train/loss 0.24972
Train/acc 0.91210
Val/Epoch 135/250
Val/loss 0.37119
Val/acc 0.88479
Checkpoint 135 saved ! best: False
Train/Epoch 136/250
Train/loss 0.23851
Train/acc 0.91794
Val/Epoch 136/250
Val/loss 0.30348
Val/acc 0.90289
Checkpoint 136 saved ! best: False
Train/Epoch 137/250
Train/loss 0.23767
Train/acc 0.91724
Val/Epoch 137/250
Val/loss 0.29978
Val/acc 0.90150
Checkpoint 137 saved ! best: False
Train/Epoch 138/250
Train/loss 0.23578
Train/acc 0.91861
Val/Epoch 138/250
Val/loss 0.30868
Val/acc 0.90140
Checkpoint 138 saved ! best: False
Train/Epoch 139/250
Train/loss 0.23092
Train/acc 0.92028
Val/Epoch 139/250
Val/loss 0.31994
Val/acc 0.89379
Checkpoint 139 saved ! best: False
Train/Epoch 140/250
Train/loss 0.22744
Train/acc 0.92144
Val/Epoch 140/250
Val/loss 0.31113
Val/acc 0.89784
Checkpoint 140 saved ! best: False
Train/Epoch 141/250
Train/loss 0.22785
Train/acc 0.92072
Val/Epoch 141/250
Val/loss 0.28764
Val/acc 0.90635
Checkpoint 141 saved ! best: False
Train/Epoch 142/250
Train/loss 0.22470
Train/acc 0.92144
Val/Epoch 142/250
Val/loss 0.25102
Val/acc 0.91752
Checkpoint 142 saved ! best: True
Train/Epoch 143/250
Train/loss 0.22209
Train/acc 0.92367
Val/Epoch 143/250
Val/loss 0.26587
Val/acc 0.91159
Checkpoint 143 saved ! best: False
Train/Epoch 144/250
Train/loss 0.21929
Train/acc 0.92313
Val/Epoch 144/250
Val/loss 0.28529
Val/acc 0.90536
Checkpoint 144 saved ! best: False
Train/Epoch 145/250
Train/loss 0.22599
Train/acc 0.92177
Val/Epoch 145/250
Val/loss 0.26941
Val/acc 0.90971
Checkpoint 145 saved ! best: False
Train/Epoch 146/250
Train/loss 0.21849
Train/acc 0.92399
Val/Epoch 146/250
Val/loss 0.26651
Val/acc 0.91248
Checkpoint 146 saved ! best: False
Train/Epoch 147/250
Train/loss 0.21442
Train/acc 0.92532
Val/Epoch 147/250
Val/loss 0.26476
Val/acc 0.91614
Checkpoint 147 saved ! best: False
Train/Epoch 148/250
Train/loss 0.21488
Train/acc 0.92478
Val/Epoch 148/250
Val/loss 0.30965
Val/acc 0.90051
Checkpoint 148 saved ! best: False
Train/Epoch 149/250
Train/loss 0.21416
Train/acc 0.92563
Val/Epoch 149/250
Val/loss 0.29711
Val/acc 0.90487
Checkpoint 149 saved ! best: False
Train/Epoch 150/250
Train/loss 0.20442
Train/acc 0.92863
Val/Epoch 150/250
Val/loss 0.25082
Val/acc 0.91545
Checkpoint 150 saved ! best: False
Train/Epoch 151/250
Train/loss 0.20764
Train/acc 0.92850
Val/Epoch 151/250
Val/loss 0.28142
Val/acc 0.90615
Checkpoint 151 saved ! best: False
Train/Epoch 152/250
Train/loss 0.20268
Train/acc 0.93103
Val/Epoch 152/250
Val/loss 0.24808
Val/acc 0.92098
Checkpoint 152 saved ! best: True
Train/Epoch 153/250
Train/loss 0.19909
Train/acc 0.93115
Val/Epoch 153/250
Val/loss 0.28239
Val/acc 0.90763
Checkpoint 153 saved ! best: False
Train/Epoch 154/250
Train/loss 0.19610
Train/acc 0.93221
Val/Epoch 154/250
Val/loss 0.27483
Val/acc 0.91159
Checkpoint 154 saved ! best: False
Train/Epoch 155/250
Train/loss 0.19153
Train/acc 0.93310
Val/Epoch 155/250
Val/loss 0.28245
Val/acc 0.90674
Checkpoint 155 saved ! best: False
Train/Epoch 156/250
Train/loss 0.19208
Train/acc 0.93368
Val/Epoch 156/250
Val/loss 0.23303
Val/acc 0.92415
Checkpoint 156 saved ! best: True
Train/Epoch 157/250
Train/loss 0.19102
Train/acc 0.93387
Val/Epoch 157/250
Val/loss 0.26233
Val/acc 0.91406
Checkpoint 157 saved ! best: False
Train/Epoch 158/250
Train/loss 0.18333
Train/acc 0.93623
Val/Epoch 158/250
Val/loss 0.28434
Val/acc 0.90951
Checkpoint 158 saved ! best: False
Train/Epoch 159/250
Train/loss 0.18486
Train/acc 0.93591
Val/Epoch 159/250
Val/loss 0.24631
Val/acc 0.92395
Checkpoint 159 saved ! best: False
Train/Epoch 160/250
Train/loss 0.18473
Train/acc 0.93644
Val/Epoch 160/250
Val/loss 0.24977
Val/acc 0.91614
Checkpoint 160 saved ! best: False
Train/Epoch 161/250
Train/loss 0.17936
Train/acc 0.93875
Val/Epoch 161/250
Val/loss 0.27648
Val/acc 0.91485
Checkpoint 161 saved ! best: False
Train/Epoch 162/250
Train/loss 0.17678
Train/acc 0.93861
Val/Epoch 162/250
Val/loss 0.27678
Val/acc 0.91011
Checkpoint 162 saved ! best: False
Train/Epoch 163/250
Train/loss 0.17556
Train/acc 0.93962
Val/Epoch 163/250
Val/loss 0.28699
Val/acc 0.91011
Checkpoint 163 saved ! best: False
Train/Epoch 164/250
Train/loss 0.17031
Train/acc 0.94130
Val/Epoch 164/250
Val/loss 0.25616
Val/acc 0.91653
Checkpoint 164 saved ! best: False
Train/Epoch 165/250
Train/loss 0.17011
Train/acc 0.94179
Val/Epoch 165/250
Val/loss 0.21366
Val/acc 0.93038
Checkpoint 165 saved ! best: True
Train/Epoch 166/250
Train/loss 0.17103
Train/acc 0.94028
Val/Epoch 166/250
Val/loss 0.29482
Val/acc 0.91288
Checkpoint 166 saved ! best: False
Train/Epoch 167/250
Train/loss 0.16350
Train/acc 0.94489
Val/Epoch 167/250
Val/loss 0.27155
Val/acc 0.91386
Checkpoint 167 saved ! best: False
Train/Epoch 168/250
Train/loss 0.16331
Train/acc 0.94365
Val/Epoch 168/250
Val/loss 0.25864
Val/acc 0.91871
Checkpoint 168 saved ! best: False
Train/Epoch 169/250
Train/loss 0.16092
Train/acc 0.94367
Val/Epoch 169/250
Val/loss 0.22674
Val/acc 0.92642
Checkpoint 169 saved ! best: False
Train/Epoch 170/250
Train/loss 0.15244
Train/acc 0.94760
Val/Epoch 170/250
Val/loss 0.22755
Val/acc 0.92415
Checkpoint 170 saved ! best: False
Train/Epoch 171/250
Train/loss 0.15454
Train/acc 0.94762
Val/Epoch 171/250
Val/loss 0.26588
Val/acc 0.91733
Checkpoint 171 saved ! best: False
Train/Epoch 172/250
Train/loss 0.15529
Train/acc 0.94639
Val/Epoch 172/250
Val/loss 0.22521
Val/acc 0.92820
Checkpoint 172 saved ! best: False
Train/Epoch 173/250
Train/loss 0.15181
Train/acc 0.94892
Val/Epoch 173/250
Val/loss 0.27746
Val/acc 0.91535
Checkpoint 173 saved ! best: False
Train/Epoch 174/250
Train/loss 0.14607
Train/acc 0.95040
Val/Epoch 174/250
Val/loss 0.19979
Val/acc 0.93908
Checkpoint 174 saved ! best: True
Train/Epoch 175/250
Train/loss 0.14038
Train/acc 0.95094
Val/Epoch 175/250
Val/loss 0.23993
Val/acc 0.92534
Checkpoint 175 saved ! best: False
Train/Epoch 176/250
Train/loss 0.14072
Train/acc 0.95193
Val/Epoch 176/250
Val/loss 0.24421
Val/acc 0.92474
Checkpoint 176 saved ! best: False
Train/Epoch 177/250
Train/loss 0.14359
Train/acc 0.95034
Val/Epoch 177/250
Val/loss 0.23170
Val/acc 0.92395
Checkpoint 177 saved ! best: False
Train/Epoch 178/250
Train/loss 0.13423
Train/acc 0.95315
Val/Epoch 178/250
Val/loss 0.21037
Val/acc 0.93562
Checkpoint 178 saved ! best: False
Train/Epoch 179/250
Train/loss 0.13243
Train/acc 0.95508
Val/Epoch 179/250
Val/loss 0.21432
Val/acc 0.93364
Checkpoint 179 saved ! best: False
Train/Epoch 180/250
Train/loss 0.12945
Train/acc 0.95460
Val/Epoch 180/250
Val/loss 0.19078
Val/acc 0.94017
Checkpoint 180 saved ! best: True
Train/Epoch 181/250
Train/loss 0.13036
Train/acc 0.95496
Val/Epoch 181/250
Val/loss 0.22612
Val/acc 0.93246
Checkpoint 181 saved ! best: False
Train/Epoch 182/250
Train/loss 0.12145
Train/acc 0.95958
Val/Epoch 182/250
Val/loss 0.21194
Val/acc 0.93127
Checkpoint 182 saved ! best: False
Train/Epoch 183/250
Train/loss 0.12349
Train/acc 0.95772
Val/Epoch 183/250
Val/loss 0.21672
Val/acc 0.93364
Checkpoint 183 saved ! best: False
Train/Epoch 184/250
Train/loss 0.11963
Train/acc 0.95985
Val/Epoch 184/250
Val/loss 0.25765
Val/acc 0.92197
Checkpoint 184 saved ! best: False
Train/Epoch 185/250
Train/loss 0.12090
Train/acc 0.95888
Val/Epoch 185/250
Val/loss 0.24386
Val/acc 0.92464
Checkpoint 185 saved ! best: False
Train/Epoch 186/250
Train/loss 0.11440
Train/acc 0.96164
Val/Epoch 186/250
Val/loss 0.20612
Val/acc 0.93315
Checkpoint 186 saved ! best: False
Train/Epoch 187/250
Train/loss 0.11078
Train/acc 0.96238
Val/Epoch 187/250
Val/loss 0.21645
Val/acc 0.93275
Checkpoint 187 saved ! best: False
Train/Epoch 188/250
Train/loss 0.11233
Train/acc 0.96191
Val/Epoch 188/250
Val/loss 0.20389
Val/acc 0.93572
Checkpoint 188 saved ! best: False
Train/Epoch 189/250
Train/loss 0.10517
Train/acc 0.96414
Val/Epoch 189/250
Val/loss 0.18667
Val/acc 0.94225
Checkpoint 189 saved ! best: True
Train/Epoch 190/250
Train/loss 0.10467
Train/acc 0.96451
Val/Epoch 190/250
Val/loss 0.20475
Val/acc 0.93691
Checkpoint 190 saved ! best: False
Train/Epoch 191/250
Train/loss 0.10183
Train/acc 0.96532
Val/Epoch 191/250
Val/loss 0.19750
Val/acc 0.93839
Checkpoint 191 saved ! best: False
Train/Epoch 192/250
Train/loss 0.10183
Train/acc 0.96591
Val/Epoch 192/250
Val/loss 0.19343
Val/acc 0.93977
Checkpoint 192 saved ! best: False
Train/Epoch 193/250
Train/loss 0.09747
Train/acc 0.96706
Val/Epoch 193/250
Val/loss 0.21104
Val/acc 0.93671
Checkpoint 193 saved ! best: False
Train/Epoch 194/250
Train/loss 0.09388
Train/acc 0.96827
Val/Epoch 194/250
Val/loss 0.19971
Val/acc 0.94126
Checkpoint 194 saved ! best: False
Train/Epoch 195/250
Train/loss 0.08943
Train/acc 0.96897
Val/Epoch 195/250
Val/loss 0.20381
Val/acc 0.93592
Checkpoint 195 saved ! best: False
Train/Epoch 196/250
Train/loss 0.08774
Train/acc 0.97046
Val/Epoch 196/250
Val/loss 0.20868
Val/acc 0.93977
Checkpoint 196 saved ! best: False
Train/Epoch 197/250
Train/loss 0.09064
Train/acc 0.96915
Val/Epoch 197/250
Val/loss 0.20675
Val/acc 0.93977
Checkpoint 197 saved ! best: False
Train/Epoch 198/250
Train/loss 0.09033
Train/acc 0.96975
Val/Epoch 198/250
Val/loss 0.17802
Val/acc 0.94531
Checkpoint 198 saved ! best: True
Train/Epoch 199/250
Train/loss 0.08023
Train/acc 0.97366
Val/Epoch 199/250
Val/loss 0.18779
Val/acc 0.94343
Checkpoint 199 saved ! best: False
Train/Epoch 200/250
Train/loss 0.08159
Train/acc 0.97276
Val/Epoch 200/250
Val/loss 0.19973
Val/acc 0.94076
Checkpoint 200 saved ! best: False
Train/Epoch 201/250
Train/loss 0.07552
Train/acc 0.97549
Val/Epoch 201/250
Val/loss 0.19493
Val/acc 0.94235
Checkpoint 201 saved ! best: False
Train/Epoch 202/250
Train/loss 0.07831
Train/acc 0.97375
Val/Epoch 202/250
Val/loss 0.19062
Val/acc 0.94215
Checkpoint 202 saved ! best: False
Train/Epoch 203/250
Train/loss 0.07311
Train/acc 0.97515
Val/Epoch 203/250
Val/loss 0.18082
Val/acc 0.94640
Checkpoint 203 saved ! best: True
Train/Epoch 204/250
Train/loss 0.07555
Train/acc 0.97379
Val/Epoch 204/250
Val/loss 0.18988
Val/acc 0.94314
Checkpoint 204 saved ! best: False
Train/Epoch 205/250
Train/loss 0.07018
Train/acc 0.97694
Val/Epoch 205/250
Val/loss 0.17474
Val/acc 0.94670
Checkpoint 205 saved ! best: True
Train/Epoch 206/250
Train/loss 0.06619
Train/acc 0.97829
Val/Epoch 206/250
Val/loss 0.17450
Val/acc 0.94759
Checkpoint 206 saved ! best: True
Train/Epoch 207/250
Train/loss 0.06412
Train/acc 0.97886
Val/Epoch 207/250
Val/loss 0.17544
Val/acc 0.94729
Checkpoint 207 saved ! best: False
Train/Epoch 208/250
Train/loss 0.06428
Train/acc 0.97843
Val/Epoch 208/250
Val/loss 0.16539
Val/acc 0.95105
Checkpoint 208 saved ! best: True
Train/Epoch 209/250
Train/loss 0.06182
Train/acc 0.97968
Val/Epoch 209/250
Val/loss 0.16171
Val/acc 0.95174
Checkpoint 209 saved ! best: True
Train/Epoch 210/250
Train/loss 0.05848
Train/acc 0.98112
Val/Epoch 210/250
Val/loss 0.16218
Val/acc 0.95223
Checkpoint 210 saved ! best: True
Train/Epoch 211/250
Train/loss 0.05710
Train/acc 0.98151
Val/Epoch 211/250
Val/loss 0.16292
Val/acc 0.95530
Checkpoint 211 saved ! best: True
Train/Epoch 212/250
Train/loss 0.05416
Train/acc 0.98216
Val/Epoch 212/250
Val/loss 0.17293
Val/acc 0.94986
Checkpoint 212 saved ! best: False
Train/Epoch 213/250
Train/loss 0.05090
Train/acc 0.98345
Val/Epoch 213/250
Val/loss 0.15883
Val/acc 0.95431
Checkpoint 213 saved ! best: False
Train/Epoch 214/250
Train/loss 0.05127
Train/acc 0.98284
Val/Epoch 214/250
Val/loss 0.16200
Val/acc 0.95609
Checkpoint 214 saved ! best: True
Train/Epoch 215/250
Train/loss 0.05066
Train/acc 0.98338
Val/Epoch 215/250
Val/loss 0.16473
Val/acc 0.95372
Checkpoint 215 saved ! best: False
Train/Epoch 216/250
Train/loss 0.04574
Train/acc 0.98565
Val/Epoch 216/250
Val/loss 0.16523
Val/acc 0.95392
Checkpoint 216 saved ! best: False
Train/Epoch 217/250
Train/loss 0.04501
Train/acc 0.98541
Val/Epoch 217/250
Val/loss 0.15434
Val/acc 0.95580
Checkpoint 217 saved ! best: False
Train/Epoch 218/250
Train/loss 0.04484
Train/acc 0.98573
Val/Epoch 218/250
Val/loss 0.15547
Val/acc 0.95787
Checkpoint 218 saved ! best: True
Train/Epoch 219/250
Train/loss 0.04125
Train/acc 0.98649
Val/Epoch 219/250
Val/loss 0.14889
Val/acc 0.95550
Checkpoint 219 saved ! best: False
Train/Epoch 220/250
Train/loss 0.04043
Train/acc 0.98696
Val/Epoch 220/250
Val/loss 0.14722
Val/acc 0.95678
Checkpoint 220 saved ! best: False
Train/Epoch 221/250
Train/loss 0.04052
Train/acc 0.98671
Val/Epoch 221/250
Val/loss 0.14743
Val/acc 0.95718
Checkpoint 221 saved ! best: False
Train/Epoch 222/250
Train/loss 0.03899
Train/acc 0.98729
Val/Epoch 222/250
Val/loss 0.14939
Val/acc 0.95540
Checkpoint 222 saved ! best: False
Train/Epoch 223/250
Train/loss 0.03704
Train/acc 0.98775
Val/Epoch 223/250
Val/loss 0.14706
Val/acc 0.95698
Checkpoint 223 saved ! best: False
Train/Epoch 224/250
Train/loss 0.03542
Train/acc 0.98888
Val/Epoch 224/250
Val/loss 0.13617
Val/acc 0.95985
Checkpoint 224 saved ! best: True
Train/Epoch 225/250
Train/loss 0.03142
Train/acc 0.98976
Val/Epoch 225/250
Val/loss 0.14677
Val/acc 0.95817
Checkpoint 225 saved ! best: False
Train/Epoch 226/250
Train/loss 0.03173
Train/acc 0.98981
Val/Epoch 226/250
Val/loss 0.13524
Val/acc 0.95985
Checkpoint 226 saved ! best: False
Train/Epoch 227/250
Train/loss 0.03296
Train/acc 0.98942
Val/Epoch 227/250
Val/loss 0.13889
Val/acc 0.95965
Checkpoint 227 saved ! best: False
Train/Epoch 228/250
Train/loss 0.03069
Train/acc 0.99017
Val/Epoch 228/250
Val/loss 0.13639
Val/acc 0.96104
Checkpoint 228 saved ! best: True
Train/Epoch 229/250
Train/loss 0.03021
Train/acc 0.99049
Val/Epoch 229/250
Val/loss 0.14142
Val/acc 0.96015
Checkpoint 229 saved ! best: False
Train/Epoch 230/250
Train/loss 0.02876
Train/acc 0.99124
Val/Epoch 230/250
Val/loss 0.14081
Val/acc 0.96084
Checkpoint 230 saved ! best: False
Train/Epoch 231/250
Train/loss 0.02988
Train/acc 0.99063
Val/Epoch 231/250
Val/loss 0.14031
Val/acc 0.95975
Checkpoint 231 saved ! best: False
Train/Epoch 232/250
Train/loss 0.02610
Train/acc 0.99180
Val/Epoch 232/250
Val/loss 0.13706
Val/acc 0.96114
Checkpoint 232 saved ! best: True
Train/Epoch 233/250
Train/loss 0.02622
Train/acc 0.99174
Val/Epoch 233/250
Val/loss 0.13578
Val/acc 0.96084
Checkpoint 233 saved ! best: False
Train/Epoch 234/250
Train/loss 0.02441
Train/acc 0.99240
Val/Epoch 234/250
Val/loss 0.13827
Val/acc 0.96183
Checkpoint 234 saved ! best: True
Train/Epoch 235/250
Train/loss 0.02403
Train/acc 0.99257
Val/Epoch 235/250
Val/loss 0.13350
Val/acc 0.96272
Checkpoint 235 saved ! best: True
Train/Epoch 236/250
Train/loss 0.02489
Train/acc 0.99210
Val/Epoch 236/250
Val/loss 0.13468
Val/acc 0.96183
Checkpoint 236 saved ! best: False
Train/Epoch 237/250
Train/loss 0.02441
Train/acc 0.99225
Val/Epoch 237/250
Val/loss 0.13138
Val/acc 0.96292
Checkpoint 237 saved ! best: True
Train/Epoch 238/250
Train/loss 0.02355
Train/acc 0.99257
Val/Epoch 238/250
Val/loss 0.13189
Val/acc 0.96301
Checkpoint 238 saved ! best: True
Train/Epoch 239/250
Train/loss 0.02232
Train/acc 0.99319
Val/Epoch 239/250
Val/loss 0.13130
Val/acc 0.96222
Checkpoint 239 saved ! best: False
Train/Epoch 240/250
Train/loss 0.02346
Train/acc 0.99259
Val/Epoch 240/250
Val/loss 0.13213
Val/acc 0.96242
Checkpoint 240 saved ! best: False
Train/Epoch 241/250
Train/loss 0.02235
Train/acc 0.99291
Val/Epoch 241/250
Val/loss 0.13355
Val/acc 0.96242
Checkpoint 241 saved ! best: False
Train/Epoch 242/250
Train/loss 0.02125
Train/acc 0.99291
Val/Epoch 242/250
Val/loss 0.13090
Val/acc 0.96272
Checkpoint 242 saved ! best: False
Train/Epoch 243/250
Train/loss 0.02087
Train/acc 0.99307
Val/Epoch 243/250
Val/loss 0.13147
Val/acc 0.96232
Checkpoint 243 saved ! best: False
Train/Epoch 244/250
Train/loss 0.02047
Train/acc 0.99377
Val/Epoch 244/250
Val/loss 0.13084
Val/acc 0.96282
Checkpoint 244 saved ! best: False
Train/Epoch 245/250
Train/loss 0.02213
Train/acc 0.99311
Val/Epoch 245/250
Val/loss 0.13067
Val/acc 0.96242
Checkpoint 245 saved ! best: False
Train/Epoch 246/250
Train/loss 0.02350
Train/acc 0.99268
Val/Epoch 246/250
Val/loss 0.13053
Val/acc 0.96272
Checkpoint 246 saved ! best: False
Train/Epoch 247/250
Train/loss 0.02030
Train/acc 0.99411
Val/Epoch 247/250
Val/loss 0.12881
Val/acc 0.96252
Checkpoint 247 saved ! best: False
Train/Epoch 248/250
Train/loss 0.02075
Train/acc 0.99345
Val/Epoch 248/250
Val/loss 0.13050
Val/acc 0.96282
Checkpoint 248 saved ! best: False
Train/Epoch 249/250
Train/loss 0.02068
Train/acc 0.99369
Val/Epoch 249/250
Val/loss 0.13003
Val/acc 0.96203
Checkpoint 249 saved ! best: False
