=> creating model 'resnet18_gelu',num of classes '10'
using optimizer SGD
using learning rate scheduler CosineAnnealingLR
Train/Epoch 0/250
Train/loss 1.73945
Train/acc 0.34824
Val/Epoch 0/250
Val/loss 1.45673
Val/acc 0.45243
Checkpoint 0 saved ! best: True
Train/Epoch 1/250
Train/loss 1.35409
Train/acc 0.50367
Val/Epoch 1/250
Val/loss 1.25104
Val/acc 0.54796
Checkpoint 1 saved ! best: True
Train/Epoch 2/250
Train/loss 1.07499
Train/acc 0.61541
Val/Epoch 2/250
Val/loss 1.15743
Val/acc 0.59652
Checkpoint 2 saved ! best: True
Train/Epoch 3/250
Train/loss 0.89690
Train/acc 0.68480
Val/Epoch 3/250
Val/loss 0.98264
Val/acc 0.66574
Checkpoint 3 saved ! best: True
Train/Epoch 4/250
Train/loss 0.77121
Train/acc 0.73117
Val/Epoch 4/250
Val/loss 0.73808
Val/acc 0.74535
Checkpoint 4 saved ! best: True
Train/Epoch 5/250
Train/loss 0.68918
Train/acc 0.76362
Val/Epoch 5/250
Val/loss 0.70104
Val/acc 0.76206
Checkpoint 5 saved ! best: True
Train/Epoch 6/250
Train/loss 0.64449
Train/acc 0.77694
Val/Epoch 6/250
Val/loss 0.82232
Val/acc 0.73863
Checkpoint 6 saved ! best: False
Train/Epoch 7/250
Train/loss 0.60945
Train/acc 0.79046
Val/Epoch 7/250
Val/loss 0.61459
Val/acc 0.78708
Checkpoint 7 saved ! best: True
Train/Epoch 8/250
Train/loss 0.58673
Train/acc 0.79707
Val/Epoch 8/250
Val/loss 0.57532
Val/acc 0.79984
Checkpoint 8 saved ! best: True
Train/Epoch 9/250
Train/loss 0.56142
Train/acc 0.80690
Val/Epoch 9/250
Val/loss 0.61512
Val/acc 0.79104
Checkpoint 9 saved ! best: False
Train/Epoch 10/250
Train/loss 0.54808
Train/acc 0.81156
Val/Epoch 10/250
Val/loss 0.61681
Val/acc 0.79292
Checkpoint 10 saved ! best: False
Train/Epoch 11/250
Train/loss 0.53462
Train/acc 0.81781
Val/Epoch 11/250
Val/loss 0.62918
Val/acc 0.78649
Checkpoint 11 saved ! best: False
Train/Epoch 12/250
Train/loss 0.51932
Train/acc 0.82259
Val/Epoch 12/250
Val/loss 0.55595
Val/acc 0.81863
Checkpoint 12 saved ! best: True
Train/Epoch 13/250
Train/loss 0.50170
Train/acc 0.82860
Val/Epoch 13/250
Val/loss 0.63000
Val/acc 0.79460
Checkpoint 13 saved ! best: False
Train/Epoch 14/250
Train/loss 0.48843
Train/acc 0.83358
Val/Epoch 14/250
Val/loss 0.68371
Val/acc 0.77146
Checkpoint 14 saved ! best: False
Train/Epoch 15/250
Train/loss 0.48434
Train/acc 0.83483
Val/Epoch 15/250
Val/loss 0.61125
Val/acc 0.79974
Checkpoint 15 saved ! best: False
Train/Epoch 16/250
Train/loss 0.47555
Train/acc 0.83620
Val/Epoch 16/250
Val/loss 0.55752
Val/acc 0.81003
Checkpoint 16 saved ! best: False
Train/Epoch 17/250
Train/loss 0.45736
Train/acc 0.84355
Val/Epoch 17/250
Val/loss 0.55956
Val/acc 0.81685
Checkpoint 17 saved ! best: False
Train/Epoch 18/250
Train/loss 0.46046
Train/acc 0.84131
Val/Epoch 18/250
Val/loss 0.54856
Val/acc 0.82387
Checkpoint 18 saved ! best: True
Train/Epoch 19/250
Train/loss 0.44870
Train/acc 0.84788
Val/Epoch 19/250
Val/loss 0.55609
Val/acc 0.81784
Checkpoint 19 saved ! best: False
Train/Epoch 20/250
Train/loss 0.44516
Train/acc 0.84820
Val/Epoch 20/250
Val/loss 0.49478
Val/acc 0.83287
Checkpoint 20 saved ! best: True
Train/Epoch 21/250
Train/loss 0.43118
Train/acc 0.85386
Val/Epoch 21/250
Val/loss 0.52116
Val/acc 0.82852
Checkpoint 21 saved ! best: False
Train/Epoch 22/250
Train/loss 0.43175
Train/acc 0.85332
Val/Epoch 22/250
Val/loss 0.49467
Val/acc 0.83030
Checkpoint 22 saved ! best: False
Train/Epoch 23/250
Train/loss 0.42651
Train/acc 0.85527
Val/Epoch 23/250
Val/loss 0.53867
Val/acc 0.82644
Checkpoint 23 saved ! best: False
Train/Epoch 24/250
Train/loss 0.42362
Train/acc 0.85522
Val/Epoch 24/250
Val/loss 0.51133
Val/acc 0.82941
Checkpoint 24 saved ! best: False
Train/Epoch 25/250
Train/loss 0.40914
Train/acc 0.86184
Val/Epoch 25/250
Val/loss 0.52201
Val/acc 0.82278
Checkpoint 25 saved ! best: False
Train/Epoch 26/250
Train/loss 0.41643
Train/acc 0.85743
Val/Epoch 26/250
Val/loss 0.46941
Val/acc 0.84434
Checkpoint 26 saved ! best: True
Train/Epoch 27/250
Train/loss 0.40555
Train/acc 0.86256
Val/Epoch 27/250
Val/loss 0.69924
Val/acc 0.78224
Checkpoint 27 saved ! best: False
Train/Epoch 28/250
Train/loss 0.40918
Train/acc 0.86147
Val/Epoch 28/250
Val/loss 0.55452
Val/acc 0.81636
Checkpoint 28 saved ! best: False
Train/Epoch 29/250
Train/loss 0.40243
Train/acc 0.86488
Val/Epoch 29/250
Val/loss 0.48112
Val/acc 0.84296
Checkpoint 29 saved ! best: False
Train/Epoch 30/250
Train/loss 0.39819
Train/acc 0.86399
Val/Epoch 30/250
Val/loss 0.49124
Val/acc 0.83178
Checkpoint 30 saved ! best: False
Train/Epoch 31/250
Train/loss 0.39512
Train/acc 0.86553
Val/Epoch 31/250
Val/loss 0.48626
Val/acc 0.83950
Checkpoint 31 saved ! best: False
Train/Epoch 32/250
Train/loss 0.38845
Train/acc 0.87001
Val/Epoch 32/250
Val/loss 0.47333
Val/acc 0.83970
Checkpoint 32 saved ! best: False
Train/Epoch 33/250
Train/loss 0.38832
Train/acc 0.86657
Val/Epoch 33/250
Val/loss 0.50623
Val/acc 0.83554
Checkpoint 33 saved ! best: False
Train/Epoch 34/250
Train/loss 0.38615
Train/acc 0.86872
Val/Epoch 34/250
Val/loss 0.56037
Val/acc 0.81487
Checkpoint 34 saved ! best: False
Train/Epoch 35/250
Train/loss 0.38434
Train/acc 0.87076
Val/Epoch 35/250
Val/loss 0.52037
Val/acc 0.82981
Checkpoint 35 saved ! best: False
Train/Epoch 36/250
Train/loss 0.37893
Train/acc 0.87174
Val/Epoch 36/250
Val/loss 0.51594
Val/acc 0.83258
Checkpoint 36 saved ! best: False
Train/Epoch 37/250
Train/loss 0.37975
Train/acc 0.87130
Val/Epoch 37/250
Val/loss 0.43989
Val/acc 0.85314
Checkpoint 37 saved ! best: True
Train/Epoch 38/250
Train/loss 0.37581
Train/acc 0.87316
Val/Epoch 38/250
Val/loss 0.46537
Val/acc 0.84919
Checkpoint 38 saved ! best: False
Train/Epoch 39/250
Train/loss 0.37113
Train/acc 0.87361
Val/Epoch 39/250
Val/loss 0.48440
Val/acc 0.83623
Checkpoint 39 saved ! best: False
Train/Epoch 40/250
Train/loss 0.37162
Train/acc 0.87351
Val/Epoch 40/250
Val/loss 0.58560
Val/acc 0.81042
Checkpoint 40 saved ! best: False
Train/Epoch 41/250
Train/loss 0.36725
Train/acc 0.87466
Val/Epoch 41/250
Val/loss 0.45073
Val/acc 0.85057
Checkpoint 41 saved ! best: False
Train/Epoch 42/250
Train/loss 0.36544
Train/acc 0.87611
Val/Epoch 42/250
Val/loss 0.47290
Val/acc 0.84276
Checkpoint 42 saved ! best: False
Train/Epoch 43/250
Train/loss 0.36416
Train/acc 0.87701
Val/Epoch 43/250
Val/loss 0.42323
Val/acc 0.86116
Checkpoint 43 saved ! best: True
Train/Epoch 44/250
Train/loss 0.36094
Train/acc 0.87889
Val/Epoch 44/250
Val/loss 0.40761
Val/acc 0.86185
Checkpoint 44 saved ! best: True
Train/Epoch 45/250
Train/loss 0.35904
Train/acc 0.87850
Val/Epoch 45/250
Val/loss 0.46272
Val/acc 0.84642
Checkpoint 45 saved ! best: False
Train/Epoch 46/250
Train/loss 0.35885
Train/acc 0.87911
Val/Epoch 46/250
Val/loss 0.46005
Val/acc 0.84672
Checkpoint 46 saved ! best: False
Train/Epoch 47/250
Train/loss 0.35544
Train/acc 0.87939
Val/Epoch 47/250
Val/loss 0.62708
Val/acc 0.80864
Checkpoint 47 saved ! best: False
Train/Epoch 48/250
Train/loss 0.35373
Train/acc 0.88079
Val/Epoch 48/250
Val/loss 0.46779
Val/acc 0.84484
Checkpoint 48 saved ! best: False
Train/Epoch 49/250
Train/loss 0.34974
Train/acc 0.88309
Val/Epoch 49/250
Val/loss 0.51309
Val/acc 0.83119
Checkpoint 49 saved ! best: False
Train/Epoch 50/250
Train/loss 0.35262
Train/acc 0.88136
Val/Epoch 50/250
Val/loss 0.42790
Val/acc 0.85928
Checkpoint 50 saved ! best: False
Train/Epoch 51/250
Train/loss 0.34734
Train/acc 0.88252
Val/Epoch 51/250
Val/loss 0.53613
Val/acc 0.82684
Checkpoint 51 saved ! best: False
Train/Epoch 52/250
Train/loss 0.34957
Train/acc 0.88189
Val/Epoch 52/250
Val/loss 0.52026
Val/acc 0.82852
Checkpoint 52 saved ! best: False
Train/Epoch 53/250
Train/loss 0.34710
Train/acc 0.88301
Val/Epoch 53/250
Val/loss 0.54810
Val/acc 0.83129
Checkpoint 53 saved ! best: False
Train/Epoch 54/250
Train/loss 0.34499
Train/acc 0.88247
Val/Epoch 54/250
Val/loss 0.51115
Val/acc 0.83416
Checkpoint 54 saved ! best: False
Train/Epoch 55/250
Train/loss 0.34286
Train/acc 0.88377
Val/Epoch 55/250
Val/loss 0.47938
Val/acc 0.84355
Checkpoint 55 saved ! best: False
Train/Epoch 56/250
Train/loss 0.33871
Train/acc 0.88441
Val/Epoch 56/250
Val/loss 0.43802
Val/acc 0.85947
Checkpoint 56 saved ! best: False
Train/Epoch 57/250
Train/loss 0.33544
Train/acc 0.88615
Val/Epoch 57/250
Val/loss 0.39713
Val/acc 0.86659
Checkpoint 57 saved ! best: True
Train/Epoch 58/250
Train/loss 0.33806
Train/acc 0.88716
Val/Epoch 58/250
Val/loss 0.51315
Val/acc 0.82536
Checkpoint 58 saved ! best: False
Train/Epoch 59/250
Train/loss 0.33734
Train/acc 0.88635
Val/Epoch 59/250
Val/loss 0.40876
Val/acc 0.86748
Checkpoint 59 saved ! best: True
Train/Epoch 60/250
Train/loss 0.32945
Train/acc 0.88821
Val/Epoch 60/250
Val/loss 0.58720
Val/acc 0.81863
Checkpoint 60 saved ! best: False
Train/Epoch 61/250
Train/loss 0.33781
Train/acc 0.88539
Val/Epoch 61/250
Val/loss 0.47516
Val/acc 0.84138
Checkpoint 61 saved ! best: False
Train/Epoch 62/250
Train/loss 0.33289
Train/acc 0.88666
Val/Epoch 62/250
Val/loss 0.56632
Val/acc 0.82219
Checkpoint 62 saved ! best: False
Train/Epoch 63/250
Train/loss 0.32691
Train/acc 0.88982
Val/Epoch 63/250
Val/loss 0.43407
Val/acc 0.85997
Checkpoint 63 saved ! best: False
Train/Epoch 64/250
Train/loss 0.32957
Train/acc 0.88813
Val/Epoch 64/250
Val/loss 0.44552
Val/acc 0.85562
Checkpoint 64 saved ! best: False
Train/Epoch 65/250
Train/loss 0.33390
Train/acc 0.88611
Val/Epoch 65/250
Val/loss 0.39615
Val/acc 0.86719
Checkpoint 65 saved ! best: False
Train/Epoch 66/250
Train/loss 0.32201
Train/acc 0.89085
Val/Epoch 66/250
Val/loss 0.39613
Val/acc 0.86778
Checkpoint 66 saved ! best: True
Train/Epoch 67/250
Train/loss 0.31985
Train/acc 0.89292
Val/Epoch 67/250
Val/loss 0.45188
Val/acc 0.85245
Checkpoint 67 saved ! best: False
Train/Epoch 68/250
Train/loss 0.32068
Train/acc 0.89119
Val/Epoch 68/250
Val/loss 0.50166
Val/acc 0.83307
Checkpoint 68 saved ! best: False
Train/Epoch 69/250
Train/loss 0.31629
Train/acc 0.89185
Val/Epoch 69/250
Val/loss 0.46609
Val/acc 0.85107
Checkpoint 69 saved ! best: False
Train/Epoch 70/250
Train/loss 0.31572
Train/acc 0.89437
Val/Epoch 70/250
Val/loss 0.41053
Val/acc 0.86521
Checkpoint 70 saved ! best: False
Train/Epoch 71/250
Train/loss 0.31611
Train/acc 0.89171
Val/Epoch 71/250
Val/loss 0.44557
Val/acc 0.86145
Checkpoint 71 saved ! best: False
Train/Epoch 72/250
Train/loss 0.30737
Train/acc 0.89735
Val/Epoch 72/250
Val/loss 0.51189
Val/acc 0.84138
Checkpoint 72 saved ! best: False
Train/Epoch 73/250
Train/loss 0.31744
Train/acc 0.89379
Val/Epoch 73/250
Val/loss 0.40401
Val/acc 0.86798
Checkpoint 73 saved ! best: True
Train/Epoch 74/250
Train/loss 0.31290
Train/acc 0.89338
Val/Epoch 74/250
Val/loss 0.45429
Val/acc 0.85245
Checkpoint 74 saved ! best: False
Train/Epoch 75/250
Train/loss 0.30566
Train/acc 0.89461
Val/Epoch 75/250
Val/loss 0.41599
Val/acc 0.86264
Checkpoint 75 saved ! best: False
Train/Epoch 76/250
Train/loss 0.30922
Train/acc 0.89500
Val/Epoch 76/250
Val/loss 0.46748
Val/acc 0.84721
Checkpoint 76 saved ! best: False
Train/Epoch 77/250
Train/loss 0.31091
Train/acc 0.89570
Val/Epoch 77/250
Val/loss 0.45735
Val/acc 0.84642
Checkpoint 77 saved ! best: False
Train/Epoch 78/250
Train/loss 0.30822
Train/acc 0.89601
Val/Epoch 78/250
Val/loss 0.45018
Val/acc 0.85107
Checkpoint 78 saved ! best: False
Train/Epoch 79/250
Train/loss 0.30388
Train/acc 0.89709
Val/Epoch 79/250
Val/loss 0.45348
Val/acc 0.85097
Checkpoint 79 saved ! best: False
Train/Epoch 80/250
Train/loss 0.30487
Train/acc 0.89862
Val/Epoch 80/250
Val/loss 0.38696
Val/acc 0.86926
Checkpoint 80 saved ! best: True
Train/Epoch 81/250
Train/loss 0.29995
Train/acc 0.89788
Val/Epoch 81/250
Val/loss 0.42159
Val/acc 0.86076
Checkpoint 81 saved ! best: False
Train/Epoch 82/250
Train/loss 0.29710
Train/acc 0.89945
Val/Epoch 82/250
Val/loss 0.35183
Val/acc 0.88311
Checkpoint 82 saved ! best: True
Train/Epoch 83/250
Train/loss 0.29766
Train/acc 0.89935
Val/Epoch 83/250
Val/loss 0.47345
Val/acc 0.84800
Checkpoint 83 saved ! best: False
Train/Epoch 84/250
Train/loss 0.29519
Train/acc 0.89957
Val/Epoch 84/250
Val/loss 0.44071
Val/acc 0.86224
Checkpoint 84 saved ! best: False
Train/Epoch 85/250
Train/loss 0.29263
Train/acc 0.90078
Val/Epoch 85/250
Val/loss 0.47086
Val/acc 0.84652
Checkpoint 85 saved ! best: False
Train/Epoch 86/250
Train/loss 0.29343
Train/acc 0.90107
Val/Epoch 86/250
Val/loss 0.37419
Val/acc 0.87470
Checkpoint 86 saved ! best: False
Train/Epoch 87/250
Train/loss 0.28548
Train/acc 0.90416
Val/Epoch 87/250
Val/loss 0.38683
Val/acc 0.87371
Checkpoint 87 saved ! best: False
Train/Epoch 88/250
Train/loss 0.28348
Train/acc 0.90435
Val/Epoch 88/250
Val/loss 0.36521
Val/acc 0.87638
Checkpoint 88 saved ! best: False
Train/Epoch 89/250
Train/loss 0.28636
Train/acc 0.90318
Val/Epoch 89/250
Val/loss 0.40182
Val/acc 0.87075
Checkpoint 89 saved ! best: False
Train/Epoch 90/250
Train/loss 0.28581
Train/acc 0.90410
Val/Epoch 90/250
Val/loss 0.38813
Val/acc 0.86926
Checkpoint 90 saved ! best: False
Train/Epoch 91/250
Train/loss 0.27643
Train/acc 0.90740
Val/Epoch 91/250
Val/loss 0.33752
Val/acc 0.88746
Checkpoint 91 saved ! best: True
Train/Epoch 92/250
Train/loss 0.28384
Train/acc 0.90440
Val/Epoch 92/250
Val/loss 0.47242
Val/acc 0.85176
Checkpoint 92 saved ! best: False
Train/Epoch 93/250
Train/loss 0.28267
Train/acc 0.90337
Val/Epoch 93/250
Val/loss 0.42980
Val/acc 0.86205
Checkpoint 93 saved ! best: False
Train/Epoch 94/250
Train/loss 0.27520
Train/acc 0.90654
Val/Epoch 94/250
Val/loss 0.35826
Val/acc 0.88242
Checkpoint 94 saved ! best: False
Train/Epoch 95/250
Train/loss 0.27149
Train/acc 0.90874
Val/Epoch 95/250
Val/loss 0.39503
Val/acc 0.87332
Checkpoint 95 saved ! best: False
Train/Epoch 96/250
Train/loss 0.27532
Train/acc 0.90630
Val/Epoch 96/250
Val/loss 0.34445
Val/acc 0.88815
Checkpoint 96 saved ! best: True
Train/Epoch 97/250
Train/loss 0.27337
Train/acc 0.90681
Val/Epoch 97/250
Val/loss 0.35832
Val/acc 0.88083
Checkpoint 97 saved ! best: False
Train/Epoch 98/250
Train/loss 0.27250
Train/acc 0.90852
Val/Epoch 98/250
Val/loss 0.41089
Val/acc 0.86274
Checkpoint 98 saved ! best: False
Train/Epoch 99/250
Train/loss 0.26152
Train/acc 0.91109
Val/Epoch 99/250
Val/loss 0.42352
Val/acc 0.86056
Checkpoint 99 saved ! best: False
Train/Epoch 100/250
Train/loss 0.27210
Train/acc 0.90737
Val/Epoch 100/250
Val/loss 0.39408
Val/acc 0.87362
Checkpoint 100 saved ! best: False
Train/Epoch 101/250
Train/loss 0.26183
Train/acc 0.91103
Val/Epoch 101/250
Val/loss 0.42431
Val/acc 0.86145
Checkpoint 101 saved ! best: False
Train/Epoch 102/250
Train/loss 0.26550
Train/acc 0.91047
Val/Epoch 102/250
Val/loss 0.37260
Val/acc 0.88182
Checkpoint 102 saved ! best: False
Train/Epoch 103/250
Train/loss 0.26698
Train/acc 0.90985
Val/Epoch 103/250
Val/loss 0.43088
Val/acc 0.86897
Checkpoint 103 saved ! best: False
Train/Epoch 104/250
Train/loss 0.25353
Train/acc 0.91419
Val/Epoch 104/250
Val/loss 0.35807
Val/acc 0.88360
Checkpoint 104 saved ! best: False
Train/Epoch 105/250
Train/loss 0.26184
Train/acc 0.91072
Val/Epoch 105/250
Val/loss 0.36841
Val/acc 0.87777
Checkpoint 105 saved ! best: False
Train/Epoch 106/250
Train/loss 0.25627
Train/acc 0.91141
Val/Epoch 106/250
Val/loss 0.35620
Val/acc 0.88637
Checkpoint 106 saved ! best: False
Train/Epoch 107/250
Train/loss 0.25307
Train/acc 0.91325
Val/Epoch 107/250
Val/loss 0.39017
Val/acc 0.87302
Checkpoint 107 saved ! best: False
Train/Epoch 108/250
Train/loss 0.25320
Train/acc 0.91406
Val/Epoch 108/250
Val/loss 0.40514
Val/acc 0.86946
Checkpoint 108 saved ! best: False
Train/Epoch 109/250
Train/loss 0.24897
Train/acc 0.91479
Val/Epoch 109/250
Val/loss 0.42437
Val/acc 0.86521
Checkpoint 109 saved ! best: False
Train/Epoch 110/250
Train/loss 0.24612
Train/acc 0.91573
Val/Epoch 110/250
Val/loss 0.35070
Val/acc 0.88766
Checkpoint 110 saved ! best: False
Train/Epoch 111/250
Train/loss 0.24805
Train/acc 0.91556
Val/Epoch 111/250
Val/loss 0.36645
Val/acc 0.88054
Checkpoint 111 saved ! best: False
Train/Epoch 112/250
Train/loss 0.24003
Train/acc 0.91879
Val/Epoch 112/250
Val/loss 0.43633
Val/acc 0.86027
Checkpoint 112 saved ! best: False
Train/Epoch 113/250
Train/loss 0.24522
Train/acc 0.91714
Val/Epoch 113/250
Val/loss 0.33879
Val/acc 0.88855
Checkpoint 113 saved ! best: True
Train/Epoch 114/250
Train/loss 0.23749
Train/acc 0.91832
Val/Epoch 114/250
Val/loss 0.43876
Val/acc 0.86066
Checkpoint 114 saved ! best: False
Train/Epoch 115/250
Train/loss 0.23661
Train/acc 0.91956
Val/Epoch 115/250
Val/loss 0.53776
Val/acc 0.83989
Checkpoint 115 saved ! best: False
Train/Epoch 116/250
Train/loss 0.23782
Train/acc 0.91827
Val/Epoch 116/250
Val/loss 0.36020
Val/acc 0.87797
Checkpoint 116 saved ! best: False
Train/Epoch 117/250
Train/loss 0.23533
Train/acc 0.92017
Val/Epoch 117/250
Val/loss 0.40726
Val/acc 0.86887
Checkpoint 117 saved ! best: False
Train/Epoch 118/250
Train/loss 0.22862
Train/acc 0.92209
Val/Epoch 118/250
Val/loss 0.34232
Val/acc 0.88736
Checkpoint 118 saved ! best: False
Train/Epoch 119/250
Train/loss 0.22906
Train/acc 0.92373
Val/Epoch 119/250
Val/loss 0.33030
Val/acc 0.89102
Checkpoint 119 saved ! best: True
Train/Epoch 120/250
Train/loss 0.22479
Train/acc 0.92339
Val/Epoch 120/250
Val/loss 0.34362
Val/acc 0.89201
Checkpoint 120 saved ! best: True
Train/Epoch 121/250
Train/loss 0.22332
Train/acc 0.92417
Val/Epoch 121/250
Val/loss 0.33875
Val/acc 0.88617
Checkpoint 121 saved ! best: False
Train/Epoch 122/250
Train/loss 0.21870
Train/acc 0.92510
Val/Epoch 122/250
Val/loss 0.38774
Val/acc 0.87431
Checkpoint 122 saved ! best: False
Train/Epoch 123/250
Train/loss 0.21997
Train/acc 0.92623
Val/Epoch 123/250
Val/loss 0.38811
Val/acc 0.87460
Checkpoint 123 saved ! best: False
Train/Epoch 124/250
Train/loss 0.21897
Train/acc 0.92619
Val/Epoch 124/250
Val/loss 0.36112
Val/acc 0.88242
Checkpoint 124 saved ! best: False
Train/Epoch 125/250
Train/loss 0.21666
Train/acc 0.92678
Val/Epoch 125/250
Val/loss 0.40881
Val/acc 0.87015
Checkpoint 125 saved ! best: False
Train/Epoch 126/250
Train/loss 0.21289
Train/acc 0.92745
Val/Epoch 126/250
Val/loss 0.36440
Val/acc 0.88074
Checkpoint 126 saved ! best: False
Train/Epoch 127/250
Train/loss 0.20723
Train/acc 0.93082
Val/Epoch 127/250
Val/loss 0.32453
Val/acc 0.89092
Checkpoint 127 saved ! best: False
Train/Epoch 128/250
Train/loss 0.20665
Train/acc 0.93093
Val/Epoch 128/250
Val/loss 0.31673
Val/acc 0.89775
Checkpoint 128 saved ! best: True
Train/Epoch 129/250
Train/loss 0.20337
Train/acc 0.93027
Val/Epoch 129/250
Val/loss 0.33638
Val/acc 0.89250
Checkpoint 129 saved ! best: False
Train/Epoch 130/250
Train/loss 0.20445
Train/acc 0.93078
Val/Epoch 130/250
Val/loss 0.31408
Val/acc 0.90111
Checkpoint 130 saved ! best: True
Train/Epoch 131/250
Train/loss 0.19781
Train/acc 0.93211
Val/Epoch 131/250
Val/loss 0.37758
Val/acc 0.88004
Checkpoint 131 saved ! best: False
Train/Epoch 132/250
Train/loss 0.19403
Train/acc 0.93395
Val/Epoch 132/250
Val/loss 0.34189
Val/acc 0.89399
Checkpoint 132 saved ! best: False
Train/Epoch 133/250
Train/loss 0.20040
Train/acc 0.93203
Val/Epoch 133/250
Val/loss 0.36994
Val/acc 0.88123
Checkpoint 133 saved ! best: False
Train/Epoch 134/250
Train/loss 0.19586
Train/acc 0.93342
Val/Epoch 134/250
Val/loss 0.34998
Val/acc 0.89438
Checkpoint 134 saved ! best: False
Train/Epoch 135/250
Train/loss 0.18948
Train/acc 0.93470
Val/Epoch 135/250
Val/loss 0.33412
Val/acc 0.89488
Checkpoint 135 saved ! best: False
Train/Epoch 136/250
Train/loss 0.19101
Train/acc 0.93564
Val/Epoch 136/250
Val/loss 0.30659
Val/acc 0.90239
Checkpoint 136 saved ! best: True
Train/Epoch 137/250
Train/loss 0.18705
Train/acc 0.93686
Val/Epoch 137/250
Val/loss 0.31544
Val/acc 0.90111
Checkpoint 137 saved ! best: False
Train/Epoch 138/250
Train/loss 0.18271
Train/acc 0.93688
Val/Epoch 138/250
Val/loss 0.29398
Val/acc 0.90427
Checkpoint 138 saved ! best: True
Train/Epoch 139/250
Train/loss 0.18282
Train/acc 0.93698
Val/Epoch 139/250
Val/loss 0.38241
Val/acc 0.88014
Checkpoint 139 saved ! best: False
Train/Epoch 140/250
Train/loss 0.18025
Train/acc 0.93850
Val/Epoch 140/250
Val/loss 0.29963
Val/acc 0.90309
Checkpoint 140 saved ! best: False
Train/Epoch 141/250
Train/loss 0.17758
Train/acc 0.93960
Val/Epoch 141/250
Val/loss 0.31833
Val/acc 0.89824
Checkpoint 141 saved ! best: False
Train/Epoch 142/250
Train/loss 0.17403
Train/acc 0.94123
Val/Epoch 142/250
Val/loss 0.31508
Val/acc 0.89794
Checkpoint 142 saved ! best: False
Train/Epoch 143/250
Train/loss 0.17023
Train/acc 0.94162
Val/Epoch 143/250
Val/loss 0.32766
Val/acc 0.89112
Checkpoint 143 saved ! best: False
Train/Epoch 144/250
Train/loss 0.17536
Train/acc 0.94059
Val/Epoch 144/250
Val/loss 0.33436
Val/acc 0.89171
Checkpoint 144 saved ! best: False
Train/Epoch 145/250
Train/loss 0.16343
Train/acc 0.94444
Val/Epoch 145/250
Val/loss 0.44042
Val/acc 0.86897
Checkpoint 145 saved ! best: False
Train/Epoch 146/250
Train/loss 0.16519
Train/acc 0.94354
Val/Epoch 146/250
Val/loss 0.36013
Val/acc 0.88499
Checkpoint 146 saved ! best: False
Train/Epoch 147/250
Train/loss 0.16280
Train/acc 0.94469
Val/Epoch 147/250
Val/loss 0.32966
Val/acc 0.89349
Checkpoint 147 saved ! best: False
Train/Epoch 148/250
Train/loss 0.15821
Train/acc 0.94670
Val/Epoch 148/250
Val/loss 0.37145
Val/acc 0.88667
Checkpoint 148 saved ! best: False
Train/Epoch 149/250
Train/loss 0.15548
Train/acc 0.94784
Val/Epoch 149/250
Val/loss 0.28022
Val/acc 0.91070
Checkpoint 149 saved ! best: True
Train/Epoch 150/250
Train/loss 0.15023
Train/acc 0.94879
Val/Epoch 150/250
Val/loss 0.31807
Val/acc 0.90200
Checkpoint 150 saved ! best: False
Train/Epoch 151/250
Train/loss 0.14959
Train/acc 0.94842
Val/Epoch 151/250
Val/loss 0.31540
Val/acc 0.90002
Checkpoint 151 saved ! best: False
Train/Epoch 152/250
Train/loss 0.15043
Train/acc 0.94886
Val/Epoch 152/250
Val/loss 0.29604
Val/acc 0.90615
Checkpoint 152 saved ! best: False
Train/Epoch 153/250
Train/loss 0.14956
Train/acc 0.94843
Val/Epoch 153/250
Val/loss 0.30881
Val/acc 0.90378
Checkpoint 153 saved ! best: False
Train/Epoch 154/250
Train/loss 0.14199
Train/acc 0.95204
Val/Epoch 154/250
Val/loss 0.34063
Val/acc 0.89508
Checkpoint 154 saved ! best: False
Train/Epoch 155/250
Train/loss 0.13635
Train/acc 0.95403
Val/Epoch 155/250
Val/loss 0.33161
Val/acc 0.89527
Checkpoint 155 saved ! best: False
Train/Epoch 156/250
Train/loss 0.14386
Train/acc 0.95205
Val/Epoch 156/250
Val/loss 0.28750
Val/acc 0.91574
Checkpoint 156 saved ! best: True
Train/Epoch 157/250
Train/loss 0.13377
Train/acc 0.95400
Val/Epoch 157/250
Val/loss 0.33797
Val/acc 0.90022
Checkpoint 157 saved ! best: False
Train/Epoch 158/250
Train/loss 0.13152
Train/acc 0.95546
Val/Epoch 158/250
Val/loss 0.31605
Val/acc 0.90249
Checkpoint 158 saved ! best: False
Train/Epoch 159/250
Train/loss 0.12951
Train/acc 0.95473
Val/Epoch 159/250
Val/loss 0.36094
Val/acc 0.89043
Checkpoint 159 saved ! best: False
Train/Epoch 160/250
Train/loss 0.13168
Train/acc 0.95557
Val/Epoch 160/250
Val/loss 0.31405
Val/acc 0.90378
Checkpoint 160 saved ! best: False
Train/Epoch 161/250
Train/loss 0.13026
Train/acc 0.95541
Val/Epoch 161/250
Val/loss 0.32826
Val/acc 0.89992
Checkpoint 161 saved ! best: False
Train/Epoch 162/250
Train/loss 0.12527
Train/acc 0.95721
Val/Epoch 162/250
Val/loss 0.32633
Val/acc 0.90249
Checkpoint 162 saved ! best: False
Train/Epoch 163/250
Train/loss 0.11898
Train/acc 0.95996
Val/Epoch 163/250
Val/loss 0.32256
Val/acc 0.90467
Checkpoint 163 saved ! best: False
Train/Epoch 164/250
Train/loss 0.12220
Train/acc 0.95837
Val/Epoch 164/250
Val/loss 0.28780
Val/acc 0.91307
Checkpoint 164 saved ! best: False
Train/Epoch 165/250
Train/loss 0.11941
Train/acc 0.95959
Val/Epoch 165/250
Val/loss 0.40276
Val/acc 0.88637
Checkpoint 165 saved ! best: False
Train/Epoch 166/250
Train/loss 0.11367
Train/acc 0.96119
Val/Epoch 166/250
Val/loss 0.29118
Val/acc 0.91149
Checkpoint 166 saved ! best: False
Train/Epoch 167/250
Train/loss 0.10818
Train/acc 0.96338
Val/Epoch 167/250
Val/loss 0.30915
Val/acc 0.90714
Checkpoint 167 saved ! best: False
Train/Epoch 168/250
Train/loss 0.10916
Train/acc 0.96379
Val/Epoch 168/250
Val/loss 0.30782
Val/acc 0.90635
Checkpoint 168 saved ! best: False
Train/Epoch 169/250
Train/loss 0.10373
Train/acc 0.96501
Val/Epoch 169/250
Val/loss 0.30897
Val/acc 0.90823
Checkpoint 169 saved ! best: False
Train/Epoch 170/250
Train/loss 0.10648
Train/acc 0.96369
Val/Epoch 170/250
Val/loss 0.31839
Val/acc 0.90417
Checkpoint 170 saved ! best: False
Train/Epoch 171/250
Train/loss 0.09791
Train/acc 0.96642
Val/Epoch 171/250
Val/loss 0.32893
Val/acc 0.90496
Checkpoint 171 saved ! best: False
Train/Epoch 172/250
Train/loss 0.09940
Train/acc 0.96614
Val/Epoch 172/250
Val/loss 0.30846
Val/acc 0.91070
Checkpoint 172 saved ! best: False
Train/Epoch 173/250
Train/loss 0.09519
Train/acc 0.96814
Val/Epoch 173/250
Val/loss 0.33785
Val/acc 0.90595
Checkpoint 173 saved ! best: False
Train/Epoch 174/250
Train/loss 0.09052
Train/acc 0.96961
Val/Epoch 174/250
Val/loss 0.36171
Val/acc 0.89725
Checkpoint 174 saved ! best: False
Train/Epoch 175/250
Train/loss 0.09096
Train/acc 0.96926
Val/Epoch 175/250
Val/loss 0.31405
Val/acc 0.90961
Checkpoint 175 saved ! best: False
Train/Epoch 176/250
Train/loss 0.08893
Train/acc 0.97064
Val/Epoch 176/250
Val/loss 0.29260
Val/acc 0.91416
Checkpoint 176 saved ! best: False
Train/Epoch 177/250
Train/loss 0.08171
Train/acc 0.97227
Val/Epoch 177/250
Val/loss 0.34514
Val/acc 0.90398
Checkpoint 177 saved ! best: False
Train/Epoch 178/250
Train/loss 0.08528
Train/acc 0.97166
Val/Epoch 178/250
Val/loss 0.31671
Val/acc 0.90833
Checkpoint 178 saved ! best: False
Train/Epoch 179/250
Train/loss 0.08064
Train/acc 0.97197
Val/Epoch 179/250
Val/loss 0.29781
Val/acc 0.91347
Checkpoint 179 saved ! best: False
Train/Epoch 180/250
Train/loss 0.07715
Train/acc 0.97482
Val/Epoch 180/250
Val/loss 0.29966
Val/acc 0.91624
Checkpoint 180 saved ! best: True
Train/Epoch 181/250
Train/loss 0.07201
Train/acc 0.97568
Val/Epoch 181/250
Val/loss 0.31904
Val/acc 0.91288
Checkpoint 181 saved ! best: False
Train/Epoch 182/250
Train/loss 0.07252
Train/acc 0.97573
Val/Epoch 182/250
Val/loss 0.27492
Val/acc 0.91920
Checkpoint 182 saved ! best: True
Train/Epoch 183/250
Train/loss 0.06701
Train/acc 0.97788
Val/Epoch 183/250
Val/loss 0.32279
Val/acc 0.91555
Checkpoint 183 saved ! best: False
Train/Epoch 184/250
Train/loss 0.07320
Train/acc 0.97542
Val/Epoch 184/250
Val/loss 0.29709
Val/acc 0.91436
Checkpoint 184 saved ! best: False
Train/Epoch 185/250
Train/loss 0.06761
Train/acc 0.97693
Val/Epoch 185/250
Val/loss 0.29174
Val/acc 0.91555
Checkpoint 185 saved ! best: False
Train/Epoch 186/250
Train/loss 0.06247
Train/acc 0.97844
Val/Epoch 186/250
Val/loss 0.30443
Val/acc 0.91851
Checkpoint 186 saved ! best: False
Train/Epoch 187/250
Train/loss 0.05616
Train/acc 0.98149
Val/Epoch 187/250
Val/loss 0.28908
Val/acc 0.92089
Checkpoint 187 saved ! best: True
Train/Epoch 188/250
Train/loss 0.05699
Train/acc 0.98138
Val/Epoch 188/250
Val/loss 0.29641
Val/acc 0.91535
Checkpoint 188 saved ! best: False
Train/Epoch 189/250
Train/loss 0.05985
Train/acc 0.97978
Val/Epoch 189/250
Val/loss 0.27369
Val/acc 0.92504
Checkpoint 189 saved ! best: True
Train/Epoch 190/250
Train/loss 0.05320
Train/acc 0.98252
Val/Epoch 190/250
Val/loss 0.29210
Val/acc 0.92188
Checkpoint 190 saved ! best: False
Train/Epoch 191/250
Train/loss 0.05193
Train/acc 0.98280
Val/Epoch 191/250
Val/loss 0.29003
Val/acc 0.91940
Checkpoint 191 saved ! best: False
Train/Epoch 192/250
Train/loss 0.04613
Train/acc 0.98526
Val/Epoch 192/250
Val/loss 0.25266
Val/acc 0.92801
Checkpoint 192 saved ! best: True
Train/Epoch 193/250
Train/loss 0.04713
Train/acc 0.98473
Val/Epoch 193/250
Val/loss 0.27884
Val/acc 0.92108
Checkpoint 193 saved ! best: False
Train/Epoch 194/250
Train/loss 0.04444
Train/acc 0.98570
Val/Epoch 194/250
Val/loss 0.25634
Val/acc 0.92998
Checkpoint 194 saved ! best: True
Train/Epoch 195/250
Train/loss 0.04006
Train/acc 0.98693
Val/Epoch 195/250
Val/loss 0.32690
Val/acc 0.91426
Checkpoint 195 saved ! best: False
Train/Epoch 196/250
Train/loss 0.04110
Train/acc 0.98672
Val/Epoch 196/250
Val/loss 0.30440
Val/acc 0.92395
Checkpoint 196 saved ! best: False
Train/Epoch 197/250
Train/loss 0.03531
Train/acc 0.98793
Val/Epoch 197/250
Val/loss 0.31944
Val/acc 0.92049
Checkpoint 197 saved ! best: False
Train/Epoch 198/250
Train/loss 0.03116
Train/acc 0.99015
Val/Epoch 198/250
Val/loss 0.27577
Val/acc 0.92692
Checkpoint 198 saved ! best: False
Train/Epoch 199/250
Train/loss 0.03094
Train/acc 0.99014
Val/Epoch 199/250
Val/loss 0.25410
Val/acc 0.93394
Checkpoint 199 saved ! best: True
Train/Epoch 200/250
Train/loss 0.03237
Train/acc 0.98973
Val/Epoch 200/250
Val/loss 0.26596
Val/acc 0.93216
Checkpoint 200 saved ! best: False
Train/Epoch 201/250
Train/loss 0.02853
Train/acc 0.99101
Val/Epoch 201/250
Val/loss 0.29869
Val/acc 0.92267
Checkpoint 201 saved ! best: False
Train/Epoch 202/250
Train/loss 0.02868
Train/acc 0.99057
Val/Epoch 202/250
Val/loss 0.25482
Val/acc 0.93236
Checkpoint 202 saved ! best: False
Train/Epoch 203/250
Train/loss 0.02231
Train/acc 0.99327
Val/Epoch 203/250
Val/loss 0.26822
Val/acc 0.93048
Checkpoint 203 saved ! best: False
Train/Epoch 204/250
Train/loss 0.02198
Train/acc 0.99361
Val/Epoch 204/250
Val/loss 0.26470
Val/acc 0.93226
Checkpoint 204 saved ! best: False
Train/Epoch 205/250
Train/loss 0.02033
Train/acc 0.99417
Val/Epoch 205/250
Val/loss 0.24626
Val/acc 0.93503
Checkpoint 205 saved ! best: True
Train/Epoch 206/250
Train/loss 0.01685
Train/acc 0.99525
Val/Epoch 206/250
Val/loss 0.23864
Val/acc 0.93809
Checkpoint 206 saved ! best: True
Train/Epoch 207/250
Train/loss 0.01512
Train/acc 0.99562
Val/Epoch 207/250
Val/loss 0.27551
Val/acc 0.93374
Checkpoint 207 saved ! best: False
Train/Epoch 208/250
Train/loss 0.01320
Train/acc 0.99651
Val/Epoch 208/250
Val/loss 0.24519
Val/acc 0.93780
Checkpoint 208 saved ! best: False
Train/Epoch 209/250
Train/loss 0.01498
Train/acc 0.99590
Val/Epoch 209/250
Val/loss 0.25889
Val/acc 0.93513
Checkpoint 209 saved ! best: False
Train/Epoch 210/250
Train/loss 0.01331
Train/acc 0.99626
Val/Epoch 210/250
Val/loss 0.26752
Val/acc 0.93374
Checkpoint 210 saved ! best: False
Train/Epoch 211/250
Train/loss 0.01064
Train/acc 0.99727
Val/Epoch 211/250
Val/loss 0.26289
Val/acc 0.93493
Checkpoint 211 saved ! best: False
Train/Epoch 212/250
Train/loss 0.01094
Train/acc 0.99690
Val/Epoch 212/250
Val/loss 0.23904
Val/acc 0.93760
Checkpoint 212 saved ! best: False
Train/Epoch 213/250
Train/loss 0.00855
Train/acc 0.99802
Val/Epoch 213/250
Val/loss 0.23484
Val/acc 0.93928
Checkpoint 213 saved ! best: True
Train/Epoch 214/250
Train/loss 0.00633
Train/acc 0.99884
Val/Epoch 214/250
Val/loss 0.24239
Val/acc 0.93928
Checkpoint 214 saved ! best: False
Train/Epoch 215/250
Train/loss 0.00573
Train/acc 0.99882
Val/Epoch 215/250
Val/loss 0.22399
Val/acc 0.94333
Checkpoint 215 saved ! best: True
Train/Epoch 216/250
Train/loss 0.00580
Train/acc 0.99878
Val/Epoch 216/250
Val/loss 0.22289
Val/acc 0.94561
Checkpoint 216 saved ! best: True
Train/Epoch 217/250
Train/loss 0.00483
Train/acc 0.99912
Val/Epoch 217/250
Val/loss 0.22179
Val/acc 0.94343
Checkpoint 217 saved ! best: False
Train/Epoch 218/250
Train/loss 0.00392
Train/acc 0.99952
Val/Epoch 218/250
Val/loss 0.21976
Val/acc 0.94591
Checkpoint 218 saved ! best: True
Train/Epoch 219/250
Train/loss 0.00443
Train/acc 0.99930
Val/Epoch 219/250
Val/loss 0.23467
Val/acc 0.94057
Checkpoint 219 saved ! best: False
Train/Epoch 220/250
Train/loss 0.00440
Train/acc 0.99924
Val/Epoch 220/250
Val/loss 0.22346
Val/acc 0.94244
Checkpoint 220 saved ! best: False
Train/Epoch 221/250
Train/loss 0.00415
Train/acc 0.99939
Val/Epoch 221/250
Val/loss 0.21762
Val/acc 0.94314
Checkpoint 221 saved ! best: False
Train/Epoch 222/250
Train/loss 0.00371
Train/acc 0.99949
Val/Epoch 222/250
Val/loss 0.21503
Val/acc 0.94571
Checkpoint 222 saved ! best: False
Train/Epoch 223/250
Train/loss 0.00369
Train/acc 0.99946
Val/Epoch 223/250
Val/loss 0.21149
Val/acc 0.94680
Checkpoint 223 saved ! best: True
Train/Epoch 224/250
Train/loss 0.00350
Train/acc 0.99962
Val/Epoch 224/250
Val/loss 0.21106
Val/acc 0.94432
Checkpoint 224 saved ! best: False
Train/Epoch 225/250
Train/loss 0.00273
Train/acc 0.99984
Val/Epoch 225/250
Val/loss 0.21022
Val/acc 0.94502
Checkpoint 225 saved ! best: False
Train/Epoch 226/250
Train/loss 0.00271
Train/acc 0.99976
Val/Epoch 226/250
Val/loss 0.20843
Val/acc 0.94452
Checkpoint 226 saved ! best: False
Train/Epoch 227/250
Train/loss 0.00256
Train/acc 0.99984
Val/Epoch 227/250
Val/loss 0.21195
Val/acc 0.94541
Checkpoint 227 saved ! best: False
Train/Epoch 228/250
Train/loss 0.00252
Train/acc 0.99980
Val/Epoch 228/250
Val/loss 0.21289
Val/acc 0.94591
Checkpoint 228 saved ! best: False
Train/Epoch 229/250
Train/loss 0.00256
Train/acc 0.99981
Val/Epoch 229/250
Val/loss 0.21086
Val/acc 0.94581
Checkpoint 229 saved ! best: False
Train/Epoch 230/250
Train/loss 0.00263
Train/acc 0.99984
Val/Epoch 230/250
Val/loss 0.21223
Val/acc 0.94561
Checkpoint 230 saved ! best: False
Train/Epoch 231/250
Train/loss 0.00231
Train/acc 0.99990
Val/Epoch 231/250
Val/loss 0.21247
Val/acc 0.94640
Checkpoint 231 saved ! best: False
Train/Epoch 232/250
Train/loss 0.00234
Train/acc 0.99992
Val/Epoch 232/250
Val/loss 0.20826
Val/acc 0.94551
Checkpoint 232 saved ! best: False
Train/Epoch 233/250
Train/loss 0.00245
Train/acc 0.99990
Val/Epoch 233/250
Val/loss 0.20980
Val/acc 0.94650
Checkpoint 233 saved ! best: False
Train/Epoch 234/250
Train/loss 0.00222
Train/acc 0.99992
Val/Epoch 234/250
Val/loss 0.21018
Val/acc 0.94591
Checkpoint 234 saved ! best: False
Train/Epoch 235/250
Train/loss 0.00236
Train/acc 0.99984
Val/Epoch 235/250
Val/loss 0.20977
Val/acc 0.94482
Checkpoint 235 saved ! best: False
Train/Epoch 236/250
Train/loss 0.00238
Train/acc 0.99988
Val/Epoch 236/250
Val/loss 0.20959
Val/acc 0.94610
Checkpoint 236 saved ! best: False
Train/Epoch 237/250
Train/loss 0.00221
Train/acc 0.99992
Val/Epoch 237/250
Val/loss 0.20887
Val/acc 0.94502
Checkpoint 237 saved ! best: False
Train/Epoch 238/250
Train/loss 0.00233
Train/acc 0.99990
Val/Epoch 238/250
Val/loss 0.20646
Val/acc 0.94630
Checkpoint 238 saved ! best: False
Train/Epoch 239/250
Train/loss 0.00216
Train/acc 0.99990
Val/Epoch 239/250
Val/loss 0.20763
Val/acc 0.94640
Checkpoint 239 saved ! best: False
Train/Epoch 240/250
Train/loss 0.00234
Train/acc 0.99992
Val/Epoch 240/250
Val/loss 0.20718
Val/acc 0.94620
Checkpoint 240 saved ! best: False
Train/Epoch 241/250
Train/loss 0.00202
Train/acc 0.99994
Val/Epoch 241/250
Val/loss 0.20761
Val/acc 0.94600
Checkpoint 241 saved ! best: False
Train/Epoch 242/250
Train/loss 0.00204
Train/acc 0.99994
Val/Epoch 242/250
Val/loss 0.20982
Val/acc 0.94531
Checkpoint 242 saved ! best: False
Train/Epoch 243/250
Train/loss 0.00209
Train/acc 0.99996
Val/Epoch 243/250
Val/loss 0.20911
Val/acc 0.94699
Checkpoint 243 saved ! best: True
Train/Epoch 244/250
Train/loss 0.00212
Train/acc 0.99996
Val/Epoch 244/250
Val/loss 0.20807
Val/acc 0.94709
Checkpoint 244 saved ! best: True
Train/Epoch 245/250
Train/loss 0.00214
Train/acc 0.99992
Val/Epoch 245/250
Val/loss 0.20654
Val/acc 0.94591
Checkpoint 245 saved ! best: False
Train/Epoch 246/250
Train/loss 0.00219
Train/acc 0.99996
Val/Epoch 246/250
Val/loss 0.20752
Val/acc 0.94610
Checkpoint 246 saved ! best: False
Train/Epoch 247/250
Train/loss 0.00211
Train/acc 0.99994
Val/Epoch 247/250
Val/loss 0.20749
Val/acc 0.94620
Checkpoint 247 saved ! best: False
Train/Epoch 248/250
Train/loss 0.00220
Train/acc 0.99990
Val/Epoch 248/250
Val/loss 0.20605
Val/acc 0.94600
Checkpoint 248 saved ! best: False
Train/Epoch 249/250
Train/loss 0.00215
Train/acc 0.99994
Val/Epoch 249/250
Val/loss 0.20903
Val/acc 0.94551
Checkpoint 249 saved ! best: False
